Log file open, 01/20/21 13:15:55
LogWindows: Failed to load 'aqProf.dll' (GetLastError=126)
LogWindows: File 'aqProf.dll' does not exist
LogWindows: Failed to load 'VtuneApi.dll' (GetLastError=126)
LogWindows: File 'VtuneApi.dll' does not exist
LogWindows: Failed to load 'VtuneApi32e.dll' (GetLastError=126)
LogWindows: File 'VtuneApi32e.dll' does not exist
LogConsoleResponse: Display: Failed to find resolution value strings in scalability ini. Falling back to default.
LogInit: Display: Running engine for game: BunnyGirlSavesWorld
LogPlatformFile: Not using cached read wrapper
LogTaskGraph: Started task graph with 5 named threads and 23 total threads with 3 sets of task threads.
LogStats: Stats thread started at 0.267103
LogD3D11RHI: Loaded GFSDK_Aftermath_Lib.x64.dll
LogICUInternationalization: ICU TimeZone Detection - Raw Offset: -5:00, Platform Override: ''
LogPluginManager: Mounting plugin Paper2D
LogPluginManager: Mounting plugin AISupport
LogPluginManager: Mounting plugin LightPropagationVolume
LogPluginManager: Mounting plugin ActorLayerUtilities
LogPluginManager: Mounting plugin AnimationSharing
LogPluginManager: Mounting plugin CLionSourceCodeAccess
LogPluginManager: Mounting plugin CodeLiteSourceCodeAccess
LogPluginManager: Mounting plugin GitSourceControl
LogPluginManager: Mounting plugin KDevelopSourceCodeAccess
LogPluginManager: Mounting plugin NullSourceCodeAccess
LogPluginManager: Mounting plugin PerforceSourceControl
LogPluginManager: Mounting plugin PlasticSourceControl
LogPluginManager: Mounting plugin SubversionSourceControl
LogPluginManager: Mounting plugin UObjectPlugin
LogPluginManager: Mounting plugin VisualStudioCodeSourceCodeAccess
LogPluginManager: Mounting plugin VisualStudioSourceCodeAccess
LogPluginManager: Mounting plugin XCodeSourceCodeAccess
LogPluginManager: Mounting plugin AssetManagerEditor
LogPluginManager: Mounting plugin CryptoKeys
LogPluginManager: Mounting plugin CurveEditorTools
LogPluginManager: Mounting plugin DataValidation
LogPluginManager: Mounting plugin FacialAnimation
LogPluginManager: Mounting plugin GameplayTagsEditor
LogPluginManager: Mounting plugin MacGraphicsSwitching
LogPluginManager: Mounting plugin MaterialAnalyzer
LogPluginManager: Mounting plugin MobileLauncherProfileWizard
LogPluginManager: Mounting plugin PluginBrowser
LogPluginManager: Mounting plugin SpeedTreeImporter
LogPluginManager: Mounting plugin DatasmithContent
LogPluginManager: Mounting plugin VariantManagerContent
LogPluginManager: Mounting plugin AlembicImporter
LogPluginManager: Mounting plugin AutomationUtils
LogPluginManager: Mounting plugin BackChannel
LogPluginManager: Mounting plugin CharacterAI
LogPluginManager: Mounting plugin GeometryCache
LogPluginManager: Mounting plugin PlatformCrypto
LogPluginManager: Mounting plugin ProxyLODPlugin
LogPluginManager: Mounting plugin SkeletalReduction
LogPluginManager: Mounting plugin MagicLeap
LogPluginManager: Mounting plugin MagicLeapMedia
LogPluginManager: Mounting plugin MLSDK
LogPluginManager: Mounting plugin AndroidMedia
LogPluginManager: Mounting plugin AvfMedia
LogPluginManager: Mounting plugin ImgMedia
LogPluginManager: Mounting plugin MediaCompositing
LogPluginManager: Mounting plugin MediaPlayerEditor
LogPluginManager: Mounting plugin WebMMedia
LogPluginManager: Mounting plugin WmfMedia
LogPluginManager: Mounting plugin TcpMessaging
LogPluginManager: Mounting plugin UdpMessaging
LogPluginManager: Mounting plugin ActorSequence
LogPluginManager: Mounting plugin LevelSequenceEditor
LogPluginManager: Mounting plugin MatineeToLevelSequence
LogPluginManager: Mounting plugin NetcodeUnitTest
LogPluginManager: Mounting plugin NUTUnrealEngine4
LogPluginManager: Mounting plugin OnlineSubsystemGooglePlay
LogPluginManager: Mounting plugin OnlineSubsystemIOS
LogPluginManager: Mounting plugin OnlineSubsystem
LogPluginManager: Mounting plugin OnlineSubsystemNull
LogPluginManager: Mounting plugin OnlineSubsystemUtils
LogPluginManager: Mounting plugin LauncherChunkInstaller
LogPluginManager: Mounting plugin AndroidDeviceProfileSelector
LogPluginManager: Mounting plugin AndroidMoviePlayer
LogPluginManager: Mounting plugin AndroidPermission
LogPluginManager: Mounting plugin AppleImageUtils
LogPluginManager: Mounting plugin AppleMoviePlayer
LogPluginManager: Mounting plugin ArchVisCharacter
LogPluginManager: Mounting plugin AssetTags
LogPluginManager: Mounting plugin AudioCapture
LogPluginManager: Mounting plugin CableComponent
LogPluginManager: Mounting plugin CustomMeshComponent
LogPluginManager: Mounting plugin EditableMesh
LogPluginManager: Mounting plugin ExampleDeviceProfileSelector
LogPluginManager: Mounting plugin GoogleCloudMessaging
LogPluginManager: Mounting plugin IOSDeviceProfileSelector
LogPluginManager: Mounting plugin LinuxDeviceProfileSelector
LogPluginManager: Mounting plugin LocationServicesBPLibrary
LogPluginManager: Mounting plugin MobilePatchingUtils
LogPluginManager: Mounting plugin OculusVR
LogPluginManager: Mounting plugin PhysXVehicles
LogPluginManager: Mounting plugin PostSplashScreen
LogPluginManager: Mounting plugin ProceduralMeshComponent
LogPluginManager: Mounting plugin RuntimePhysXCooking
LogPluginManager: Mounting plugin SignificanceManager
LogPluginManager: Mounting plugin SteamVR
LogPluginManager: Mounting plugin WebMMoviePlayer
LogPluginManager: Mounting plugin WindowsMoviePlayer
LogPluginManager: Mounting plugin ScreenshotTools
LogInit: Using libcurl 7.55.1-DEV
LogInit:  - built for x86_64-pc-win32
LogInit:  - supports SSL with OpenSSL/1.1.1
LogInit:  - supports HTTP deflate (compression) using libz 1.2.8
LogInit:  - other features:
LogInit:      CURL_VERSION_SSL
LogInit:      CURL_VERSION_LIBZ
LogInit:      CURL_VERSION_IPV6
LogInit:      CURL_VERSION_ASYNCHDNS
LogInit:      CURL_VERSION_LARGEFILE
LogInit:      CURL_VERSION_IDN
LogInit:  CurlRequestOptions (configurable via config and command line):
LogInit:  - bVerifyPeer = true  - Libcurl will verify peer certificate
LogInit:  - bUseHttpProxy = false  - Libcurl will NOT use HTTP proxy
LogInit:  - bDontReuseConnections = false  - Libcurl will reuse connections
LogInit:  - MaxHostConnections = 16  - Libcurl will limit the number of connections to a host
LogInit:  - LocalHostAddr = Default
LogInit:  - BufferSize = 65536
LogOnline: OSS: Creating online subsystem instance for: NULL
LogInit: WinSock: version 1.1 (2.2), MaxSocks=32767, MaxUdp=65467
LogOnline: OSS: TryLoadSubsystemAndSetDefault: Loaded subsystem for module [NULL]
LogInit: Build: ++UE4+Release-4.24-CL-11590370
LogInit: Engine Version: 4.24.3-11590370+++UE4+Release-4.24
LogInit: Compatible Engine Version: 4.24.0-10570792+++UE4+Release-4.24
LogInit: Net CL: 10570792
LogInit: OS: Windows 10 (Release 2004) (), CPU: Intel(R) Core(TM) i7-6700HQ CPU @ 2.60GHz, GPU: Intel(R) HD Graphics 530
LogInit: Compiled (64-bit): Feb 24 2020 15:39:18
LogInit: Compiled with Visual C++: 19.16.27032.01
LogInit: Build Configuration: Development
LogInit: Branch Name: ++UE4+Release-4.24
LogInit: Command Line: 
LogInit: Base Directory: D:/Steam/Epic Games Launcher/UE_4.24/Engine/Binaries/Win64/
LogInit: Installed Engine Build: 1
LogDevObjectVersion: Number of dev versions registered: 25
LogDevObjectVersion:   Dev-Blueprints (B0D832E4-1F89-4F0D-ACCF-7EB736FD4AA2): 10
LogDevObjectVersion:   Dev-Build (E1C64328-A22C-4D53-A36C-8E866417BD8C): 0
LogDevObjectVersion:   Dev-Core (375EC13C-06E4-48FB-B500-84F0262A717E): 3
LogDevObjectVersion:   Dev-Editor (E4B068ED-F494-42E9-A231-DA0B2E46BB41): 37
LogDevObjectVersion:   Dev-Framework (CFFC743F-43B0-4480-9391-14DF171D2073): 36
LogDevObjectVersion:   Dev-Mobile (B02B49B5-BB20-44E9-A304-32B752E40360): 2
LogDevObjectVersion:   Dev-Networking (A4E4105C-59A1-49B5-A7C5-40C4547EDFEE): 0
LogDevObjectVersion:   Dev-Online (39C831C9-5AE6-47DC-9A44-9C173E1C8E7C): 0
LogDevObjectVersion:   Dev-Physics (78F01B33-EBEA-4F98-B9B4-84EACCB95AA2): 2
LogDevObjectVersion:   Dev-Platform (6631380F-2D4D-43E0-8009-CF276956A95A): 0
LogDevObjectVersion:   Dev-Rendering (12F88B9F-8875-4AFC-A67C-D90C383ABD29): 36
LogDevObjectVersion:   Dev-Sequencer (7B5AE74C-D270-4C10-A958-57980B212A5A): 11
LogDevObjectVersion:   Dev-VR (D7296918-1DD6-4BDD-9DE2-64A83CC13884): 2
LogDevObjectVersion:   Dev-LoadTimes (C2A15278-BFE7-4AFE-6C17-90FF531DF755): 1
LogDevObjectVersion:   Private-Geometry (6EACA3D4-40EC-4CC1-B786-8BED09428FC5): 3
LogDevObjectVersion:   Dev-AnimPhys (29E575DD-E0A3-4627-9D10-D276232CDCEA): 17
LogDevObjectVersion:   Dev-Anim (AF43A65D-7FD3-4947-9873-3E8ED9C1BB05): 2
LogDevObjectVersion:   Dev-ReflectionCapture (6B266CEC-1EC7-4B8F-A30B-E4D90942FC07): 1
LogDevObjectVersion:   Dev-Automation (0DF73D61-A23F-47EA-B727-89E90C41499A): 1
LogDevObjectVersion:   FortniteMain (601D1886-AC64-4F84-AA16-D3DE0DEAC7D6): 31
LogDevObjectVersion:   Dev-Enterprise (9DFFBCD6-494F-0158-E221-12823C92A888): 8
LogDevObjectVersion:   Dev-Niagara (F2AED0AC-9AFE-416F-8664-AA7FFA26D6FC): 1
LogDevObjectVersion:   Dev-Destruction (174F1F0B-B4C6-45A5-B13F-2EE8D0FB917D): 9
LogDevObjectVersion:   Dev-Physics-Ext (35F94A83-E258-406C-A318-09F59610247C): 8
LogDevObjectVersion:   Dev-CineCamera (B2E18506-4273-CFC2-A54E-F4BB758BBA07): 1
LogInit: Presizing for max 25165824 objects, including 0 objects not considered by GC, pre-allocating 0 bytes for permanent pool.
LogInit: Object subsystem initialized
LogConfig: Setting CVar [[con.DebugEarlyDefault:1]]
LogConfig: Setting CVar [[r.setres:1280x720]]
[2021.01.20-18.15.56:374][  0]LogConfig: Setting CVar [[r.VSync:0]]
[2021.01.20-18.15.56:374][  0]LogConfig: Setting CVar [[r.RHICmdBypass:0]]
[2021.01.20-18.15.56:374][  0]LogConfig: Applying CVar settings from Section [/Script/Engine.RendererSettings] File [C:/Users/Alexander Coelho/Documents/Unreal Projects/BunnyGirlSavesWorld/Saved/Config/Windows/Engine.ini]
[2021.01.20-18.15.56:374][  0]LogConfig: Setting CVar [[r.GPUCrashDebugging:0]]
[2021.01.20-18.15.56:374][  0]LogConfig: Setting CVar [[r.MobileHDR:1]]
[2021.01.20-18.15.56:374][  0]LogConfig: Setting CVar [[r.Mobile.DisableVertexFog:1]]
[2021.01.20-18.15.56:374][  0]LogConfig: Setting CVar [[r.Shadow.CSM.MaxMobileCascades:2]]
[2021.01.20-18.15.56:374][  0]LogConfig: Setting CVar [[r.MobileMSAA:1]]
[2021.01.20-18.15.56:374][  0]LogConfig: Setting CVar [[r.Mobile.UseLegacyShadingModel:0]]
[2021.01.20-18.15.56:374][  0]LogConfig: Setting CVar [[r.Mobile.UseHWsRGBEncoding:0]]
[2021.01.20-18.15.56:374][  0]LogConfig: Setting CVar [[r.Mobile.AllowDitheredLODTransition:0]]
[2021.01.20-18.15.56:374][  0]LogConfig: Setting CVar [[r.Mobile.AllowSoftwareOcclusion:0]]
[2021.01.20-18.15.56:374][  0]LogConfig: Setting CVar [[r.DiscardUnusedQuality:0]]
[2021.01.20-18.15.56:374][  0]LogConfig: Setting CVar [[r.AllowOcclusionQueries:1]]
[2021.01.20-18.15.56:374][  0]LogConfig: Setting CVar [[r.MinScreenRadiusForLights:0.030000]]
[2021.01.20-18.15.56:375][  0]LogConfig: Setting CVar [[r.MinScreenRadiusForDepthPrepass:0.030000]]
[2021.01.20-18.15.56:375][  0]LogConfig: Setting CVar [[r.MinScreenRadiusForCSMDepth:0.010000]]
[2021.01.20-18.15.56:375][  0]LogConfig: Setting CVar [[r.PrecomputedVisibilityWarning:0]]
[2021.01.20-18.15.56:375][  0]LogConfig: Setting CVar [[r.TextureStreaming:1]]
[2021.01.20-18.15.56:375][  0]LogConfig: Setting CVar [[Compat.UseDXT5NormalMaps:0]]
[2021.01.20-18.15.56:375][  0]LogConfig: Setting CVar [[r.VirtualTextures:0]]
[2021.01.20-18.15.56:375][  0]LogConfig: Setting CVar [[r.VirtualTexturedLightmaps:0]]
[2021.01.20-18.15.56:375][  0]LogConfig: Setting CVar [[r.VT.TileSize:128]]
[2021.01.20-18.15.56:375][  0]LogConfig: Setting CVar [[r.VT.TileBorderSize:4]]
[2021.01.20-18.15.56:375][  0]LogConfig: Setting CVar [[r.vt.FeedbackFactor:16]]
[2021.01.20-18.15.56:375][  0]LogConfig: Setting CVar [[r.VT.EnableCompressZlib:1]]
[2021.01.20-18.15.56:375][  0]LogConfig: Setting CVar [[r.VT.EnableCompressCrunch:0]]
[2021.01.20-18.15.56:375][  0]LogConfig: Setting CVar [[r.ClearCoatNormal:0]]
[2021.01.20-18.15.56:375][  0]LogConfig: Setting CVar [[r.ReflectionCaptureResolution:128]]
[2021.01.20-18.15.56:375][  0]LogConfig: Setting CVar [[r.ReflectionEnvironmentLightmapMixBasedOnRoughness:1]]
[2021.01.20-18.15.56:375][  0]LogConfig: Setting CVar [[r.ForwardShading:0]]
[2021.01.20-18.15.56:375][  0]LogConfig: Setting CVar [[r.VertexFoggingForOpaque:1]]
[2021.01.20-18.15.56:375][  0]LogConfig: Setting CVar [[r.AllowStaticLighting:1]]
[2021.01.20-18.15.56:376][  0]LogConfig: Setting CVar [[r.NormalMapsForStaticLighting:0]]
[2021.01.20-18.15.56:376][  0]LogConfig: Setting CVar [[r.GenerateMeshDistanceFields:0]]
[2021.01.20-18.15.56:376][  0]LogConfig: Setting CVar [[r.DistanceFieldBuild.EightBit:0]]
[2021.01.20-18.15.56:376][  0]LogConfig: Setting CVar [[r.GenerateLandscapeGIData:0]]
[2021.01.20-18.15.56:376][  0]LogConfig: Setting CVar [[r.DistanceFieldBuild.Compress:0]]
[2021.01.20-18.15.56:376][  0]LogConfig: Setting CVar [[r.TessellationAdaptivePixelsPerTriangle:48.000000]]
[2021.01.20-18.15.56:376][  0]LogConfig: Setting CVar [[r.SeparateTranslucency:1]]
[2021.01.20-18.15.56:376][  0]LogConfig: Setting CVar [[r.TranslucentSortPolicy:0]]
[2021.01.20-18.15.56:376][  0]LogConfig: Setting CVar [[r.CustomDepth:1]]
[2021.01.20-18.15.56:376][  0]LogConfig: Setting CVar [[r.CustomDepthTemporalAAJitter:1]]
[2021.01.20-18.15.56:376][  0]LogConfig: Setting CVar [[r.PostProcessing.PropagateAlpha:0]]
[2021.01.20-18.15.56:376][  0]LogConfig: Setting CVar [[r.DefaultFeature.Bloom:1]]
[2021.01.20-18.15.56:376][  0]LogConfig: Setting CVar [[r.DefaultFeature.AmbientOcclusion:1]]
[2021.01.20-18.15.56:376][  0]LogConfig: Setting CVar [[r.DefaultFeature.AmbientOcclusionStaticFraction:1]]
[2021.01.20-18.15.56:376][  0]LogConfig: Setting CVar [[r.DefaultFeature.AutoExposure:0]]
[2021.01.20-18.15.56:376][  0]LogConfig: Setting CVar [[r.DefaultFeature.AutoExposure.Method:0]]
[2021.01.20-18.15.56:376][  0]LogConfig: Setting CVar [[r.DefaultFeature.AutoExposure.ExtendDefaultLuminanceRange:0]]
[2021.01.20-18.15.56:376][  0]LogConfig: Setting CVar [[r.UsePreExposure:1]]
[2021.01.20-18.15.56:376][  0]LogConfig: Setting CVar [[r.EyeAdaptation.EditorOnly:1]]
[2021.01.20-18.15.56:376][  0]LogConfig: Setting CVar [[r.DefaultFeature.MotionBlur:0]]
[2021.01.20-18.15.56:377][  0]LogConfig: Setting CVar [[r.DefaultFeature.LensFlare:0]]
[2021.01.20-18.15.56:377][  0]LogConfig: Setting CVar [[r.TemporalAA.Upsampling:0]]
[2021.01.20-18.15.56:377][  0]LogConfig: Setting CVar [[r.SSGI.Enable:0]]
[2021.01.20-18.15.56:377][  0]LogConfig: Setting CVar [[r.DefaultFeature.AntiAliasing:0]]
[2021.01.20-18.15.56:377][  0]LogConfig: Setting CVar [[r.DefaultFeature.LightUnits:1]]
[2021.01.20-18.15.56:377][  0]LogConfig: Setting CVar [[r.DefaultBackBufferPixelFormat:4]]
[2021.01.20-18.15.56:377][  0]LogConfig: Setting CVar [[r.Shadow.UnbuiltPreviewInGame:1]]
[2021.01.20-18.15.56:377][  0]LogConfig: Setting CVar [[r.StencilForLODDither:0]]
[2021.01.20-18.15.56:377][  0]LogConfig: Setting CVar [[r.EarlyZPass:3]]
[2021.01.20-18.15.56:377][  0]LogConfig: Setting CVar [[r.EarlyZPassOnlyMaterialMasking:0]]
[2021.01.20-18.15.56:377][  0]LogConfig: Setting CVar [[r.DBuffer:1]]
[2021.01.20-18.15.56:377][  0]LogConfig: Setting CVar [[r.ClearSceneMethod:1]]
[2021.01.20-18.15.56:377][  0]LogConfig: Setting CVar [[r.BasePassOutputsVelocity:0]]
[2021.01.20-18.15.56:377][  0]LogConfig: Setting CVar [[r.SelectiveBasePassOutputs:0]]
[2021.01.20-18.15.56:377][  0]LogConfig: Setting CVar [[fx.GPUSimulationTextureSizeX:1024]]
[2021.01.20-18.15.56:377][  0]LogConfig: Setting CVar [[fx.GPUSimulationTextureSizeY:1024]]
[2021.01.20-18.15.56:377][  0]LogConfig: Setting CVar [[r.AllowGlobalClipPlane:0]]
[2021.01.20-18.15.56:377][  0]LogConfig: Setting CVar [[r.GBufferFormat:1]]
[2021.01.20-18.15.56:378][  0]LogConfig: Setting CVar [[r.MorphTarget.Mode:1]]
[2021.01.20-18.15.56:378][  0]LogConfig: Setting CVar [[vr.InstancedStereo:0]]
[2021.01.20-18.15.56:378][  0]LogConfig: Setting CVar [[vr.MultiView:0]]
[2021.01.20-18.15.56:378][  0]LogConfig: Setting CVar [[vr.MobileMultiView:0]]
[2021.01.20-18.15.56:378][  0]LogConfig: Setting CVar [[vr.MobileMultiView.Direct:0]]
[2021.01.20-18.15.56:378][  0]LogConfig: Setting CVar [[vr.RoundRobinOcclusion:0]]
[2021.01.20-18.15.56:378][  0]LogConfig: Setting CVar [[vr.ODSCapture:0]]
[2021.01.20-18.15.56:378][  0]LogConfig: Setting CVar [[r.WireframeCullThreshold:5.000000]]
[2021.01.20-18.15.56:378][  0]LogConfig: Setting CVar [[r.RayTracing:0]]
[2021.01.20-18.15.56:378][  0]LogConfig: Setting CVar [[r.RayTracing.UseTextureLod:0]]
[2021.01.20-18.15.56:378][  0]LogConfig: Setting CVar [[r.SupportStationarySkylight:1]]
[2021.01.20-18.15.56:378][  0]LogConfig: Setting CVar [[r.SupportLowQualityLightmaps:1]]
[2021.01.20-18.15.56:378][  0]LogConfig: Setting CVar [[r.SupportPointLightWholeSceneShadows:1]]
[2021.01.20-18.15.56:378][  0]LogConfig: Setting CVar [[r.SupportAtmosphericFog:1]]
[2021.01.20-18.15.56:378][  0]LogConfig: Setting CVar [[r.SupportSkyAtmosphere:1]]
[2021.01.20-18.15.56:378][  0]LogConfig: Setting CVar [[r.SupportSkyAtmosphereAffectsHeightFog:0]]
[2021.01.20-18.15.56:378][  0]LogConfig: Setting CVar [[r.SkinCache.CompileShaders:0]]
[2021.01.20-18.15.56:378][  0]LogConfig: Setting CVar [[r.Mobile.EnableStaticAndCSMShadowReceivers:1]]
[2021.01.20-18.15.56:378][  0]LogConfig: Setting CVar [[r.Mobile.EnableMovableLightCSMShaderCulling:1]]
[2021.01.20-18.15.56:379][  0]LogConfig: Setting CVar [[r.Mobile.AllowDistanceFieldShadows:1]]
[2021.01.20-18.15.56:379][  0]LogConfig: Setting CVar [[r.Mobile.AllowMovableDirectionalLights:1]]
[2021.01.20-18.15.56:379][  0]LogConfig: Setting CVar [[r.MobileNumDynamicPointLights:4]]
[2021.01.20-18.15.56:379][  0]LogConfig: Setting CVar [[r.MobileDynamicPointLightsUseStaticBranch:1]]
[2021.01.20-18.15.56:379][  0]LogConfig: Setting CVar [[r.Mobile.EnableMovableSpotlights:0]]
[2021.01.20-18.15.56:379][  0]LogConfig: Setting CVar [[r.SkinCache.SceneMemoryLimitInMB:128.000000]]
[2021.01.20-18.15.56:379][  0]LogConfig: Setting CVar [[r.GPUSkin.Limit2BoneInfluences:0]]
[2021.01.20-18.15.56:379][  0]LogConfig: Setting CVar [[r.SupportDepthOnlyIndexBuffers:1]]
[2021.01.20-18.15.56:379][  0]LogConfig: Setting CVar [[r.SupportReversedIndexBuffers:1]]
[2021.01.20-18.15.56:379][  0]LogConfig: Setting CVar [[r.SupportMaterialLayers:0]]
[2021.01.20-18.15.56:379][  0]LogConfig: Setting CVar [[r.LightPropagationVolume:0]]
[2021.01.20-18.15.56:379][  0]LogConfig: Applying CVar settings from Section [/Script/Engine.RendererOverrideSettings] File [C:/Users/Alexander Coelho/Documents/Unreal Projects/BunnyGirlSavesWorld/Saved/Config/Windows/Engine.ini]
[2021.01.20-18.15.56:379][  0]LogConfig: Applying CVar settings from Section [/Script/Engine.StreamingSettings] File [C:/Users/Alexander Coelho/Documents/Unreal Projects/BunnyGirlSavesWorld/Saved/Config/Windows/Engine.ini]
[2021.01.20-18.15.56:379][  0]LogConfig: Setting CVar [[s.MinBulkDataSizeForAsyncLoading:131072]]
[2021.01.20-18.15.56:379][  0]LogConfig: Setting CVar [[s.AsyncLoadingThreadEnabled:0]]
[2021.01.20-18.15.56:379][  0]LogConfig: Setting CVar [[s.EventDrivenLoaderEnabled:1]]
[2021.01.20-18.15.56:379][  0]LogConfig: Setting CVar [[s.WarnIfTimeLimitExceeded:0]]
[2021.01.20-18.15.56:379][  0]LogConfig: Setting CVar [[s.TimeLimitExceededMultiplier:1.5]]
[2021.01.20-18.15.56:379][  0]LogConfig: Setting CVar [[s.TimeLimitExceededMinTime:0.005]]
[2021.01.20-18.15.56:379][  0]LogConfig: Setting CVar [[s.UseBackgroundLevelStreaming:1]]
[2021.01.20-18.15.56:380][  0]LogConfig: Setting CVar [[s.PriorityAsyncLoadingExtraTime:15.0]]
[2021.01.20-18.15.56:380][  0]LogConfig: Setting CVar [[s.LevelStreamingActorsUpdateTimeLimit:5.0]]
[2021.01.20-18.15.56:380][  0]LogConfig: Setting CVar [[s.PriorityLevelStreamingActorsUpdateExtraTime:5.0]]
[2021.01.20-18.15.56:380][  0]LogConfig: Setting CVar [[s.LevelStreamingComponentsRegistrationGranularity:10]]
[2021.01.20-18.15.56:380][  0]LogConfig: Setting CVar [[s.UnregisterComponentsTimeLimit:1.0]]
[2021.01.20-18.15.56:380][  0]LogConfig: Setting CVar [[s.LevelStreamingComponentsUnregistrationGranularity:5]]
[2021.01.20-18.15.56:380][  0]LogConfig: Setting CVar [[s.FlushStreamingOnExit:1]]
[2021.01.20-18.15.56:380][  0]LogConfig: Applying CVar settings from Section [/Script/Engine.GarbageCollectionSettings] File [C:/Users/Alexander Coelho/Documents/Unreal Projects/BunnyGirlSavesWorld/Saved/Config/Windows/Engine.ini]
[2021.01.20-18.15.56:380][  0]LogConfig: Setting CVar [[gc.MaxObjectsNotConsideredByGC:1]]
[2021.01.20-18.15.56:380][  0]LogConfig: Setting CVar [[gc.SizeOfPermanentObjectPool:0]]
[2021.01.20-18.15.56:380][  0]LogConfig: Setting CVar [[gc.FlushStreamingOnGC:0]]
[2021.01.20-18.15.56:380][  0]LogConfig: Setting CVar [[gc.NumRetriesBeforeForcingGC:10]]
[2021.01.20-18.15.56:380][  0]LogConfig: Setting CVar [[gc.AllowParallelGC:1]]
[2021.01.20-18.15.56:380][  0]LogConfig: Setting CVar [[gc.TimeBetweenPurgingPendingKillObjects:61.1]]
[2021.01.20-18.15.56:380][  0]LogConfig: Setting CVar [[gc.MaxObjectsInEditor:25165824]]
[2021.01.20-18.15.56:380][  0]LogConfig: Setting CVar [[gc.IncrementalBeginDestroyEnabled:1]]
[2021.01.20-18.15.56:380][  0]LogConfig: Setting CVar [[gc.CreateGCClusters:1]]
[2021.01.20-18.15.56:380][  0]LogConfig: Setting CVar [[gc.MinGCClusterSize:5]]
[2021.01.20-18.15.56:380][  0]LogConfig: Setting CVar [[gc.ActorClusteringEnabled:0]]
[2021.01.20-18.15.56:381][  0]LogConfig: Setting CVar [[gc.BlueprintClusteringEnabled:0]]
[2021.01.20-18.15.56:381][  0]LogConfig: Setting CVar [[gc.UseDisregardForGCOnDedicatedServers:0]]
[2021.01.20-18.15.56:381][  0]LogConfig: Applying CVar settings from Section [/Script/Engine.NetworkSettings] File [C:/Users/Alexander Coelho/Documents/Unreal Projects/BunnyGirlSavesWorld/Saved/Config/Windows/Engine.ini]
[2021.01.20-18.15.56:381][  0]LogConfig: Applying CVar settings from Section [/Script/UnrealEd.CookerSettings] File [C:/Users/Alexander Coelho/Documents/Unreal Projects/BunnyGirlSavesWorld/Saved/Config/Windows/Engine.ini]
[2021.01.20-18.15.56:386][  0]LogConfig: Applying CVar settings from Section [ViewDistanceQuality@3] File [C:/Users/Alexander Coelho/Documents/Unreal Projects/BunnyGirlSavesWorld/Saved/Config/Windows/Scalability.ini]
[2021.01.20-18.15.56:387][  0]LogConfig: Setting CVar [[r.SkeletalMeshLODBias:0]]
[2021.01.20-18.15.56:387][  0]LogConfig: Setting CVar [[r.ViewDistanceScale:1.0]]
[2021.01.20-18.15.56:387][  0]LogConfig: Applying CVar settings from Section [AntiAliasingQuality@3] File [C:/Users/Alexander Coelho/Documents/Unreal Projects/BunnyGirlSavesWorld/Saved/Config/Windows/Scalability.ini]
[2021.01.20-18.15.56:387][  0]LogConfig: Setting CVar [[r.PostProcessAAQuality:4]]
[2021.01.20-18.15.56:387][  0]LogConfig: Applying CVar settings from Section [ShadowQuality@3] File [C:/Users/Alexander Coelho/Documents/Unreal Projects/BunnyGirlSavesWorld/Saved/Config/Windows/Scalability.ini]
[2021.01.20-18.15.56:387][  0]LogConfig: Setting CVar [[r.LightFunctionQuality:1]]
[2021.01.20-18.15.56:387][  0]LogConfig: Setting CVar [[r.ShadowQuality:5]]
[2021.01.20-18.15.56:387][  0]LogConfig: Setting CVar [[r.Shadow.CSM.MaxCascades:10]]
[2021.01.20-18.15.56:387][  0]LogConfig: Setting CVar [[r.Shadow.MaxResolution:2048]]
[2021.01.20-18.15.56:387][  0]LogConfig: Setting CVar [[r.Shadow.MaxCSMResolution:2048]]
[2021.01.20-18.15.56:387][  0]LogConfig: Setting CVar [[r.Shadow.RadiusThreshold:0.01]]
[2021.01.20-18.15.56:387][  0]LogConfig: Setting CVar [[r.Shadow.DistanceScale:1.0]]
[2021.01.20-18.15.56:387][  0]LogConfig: Setting CVar [[r.Shadow.CSM.TransitionScale:1.0]]
[2021.01.20-18.15.56:387][  0]LogConfig: Setting CVar [[r.Shadow.PreShadowResolutionFactor:1.0]]
[2021.01.20-18.15.56:387][  0]LogConfig: Setting CVar [[r.DistanceFieldShadowing:1]]
[2021.01.20-18.15.56:387][  0]LogConfig: Setting CVar [[r.DistanceFieldAO:1]]
[2021.01.20-18.15.56:387][  0]LogConfig: Setting CVar [[r.AOQuality:2]]
[2021.01.20-18.15.56:387][  0]LogConfig: Setting CVar [[r.VolumetricFog:1]]
[2021.01.20-18.15.56:387][  0]LogConfig: Setting CVar [[r.VolumetricFog.GridPixelSize:8]]
[2021.01.20-18.15.56:387][  0]LogConfig: Setting CVar [[r.VolumetricFog.GridSizeZ:128]]
[2021.01.20-18.15.56:388][  0]LogConfig: Setting CVar [[r.VolumetricFog.HistoryMissSupersampleCount:4]]
[2021.01.20-18.15.56:388][  0]LogConfig: Setting CVar [[r.LightMaxDrawDistanceScale:1]]
[2021.01.20-18.15.56:388][  0]LogConfig: Setting CVar [[r.CapsuleShadows:1]]
[2021.01.20-18.15.56:388][  0]LogConfig: Applying CVar settings from Section [PostProcessQuality@3] File [C:/Users/Alexander Coelho/Documents/Unreal Projects/BunnyGirlSavesWorld/Saved/Config/Windows/Scalability.ini]
[2021.01.20-18.15.56:388][  0]LogConfig: Setting CVar [[r.MotionBlurQuality:4]]
[2021.01.20-18.15.56:388][  0]LogConfig: Setting CVar [[r.AmbientOcclusionMipLevelFactor:0.4]]
[2021.01.20-18.15.56:388][  0]LogConfig: Setting CVar [[r.AmbientOcclusionMaxQuality:100]]
[2021.01.20-18.15.56:388][  0]LogConfig: Setting CVar [[r.AmbientOcclusionLevels:-1]]
[2021.01.20-18.15.56:388][  0]LogConfig: Setting CVar [[r.AmbientOcclusionRadiusScale:1.0]]
[2021.01.20-18.15.56:388][  0]LogConfig: Setting CVar [[r.DepthOfFieldQuality:2]]
[2021.01.20-18.15.56:388][  0]LogConfig: Setting CVar [[r.RenderTargetPoolMin:400]]
[2021.01.20-18.15.56:388][  0]LogConfig: Setting CVar [[r.LensFlareQuality:2]]
[2021.01.20-18.15.56:388][  0]LogConfig: Setting CVar [[r.SceneColorFringeQuality:1]]
[2021.01.20-18.15.56:388][  0]LogConfig: Setting CVar [[r.EyeAdaptationQuality:2]]
[2021.01.20-18.15.56:388][  0]LogConfig: Setting CVar [[r.BloomQuality:5]]
[2021.01.20-18.15.56:388][  0]LogConfig: Setting CVar [[r.FastBlurThreshold:100]]
[2021.01.20-18.15.56:388][  0]LogConfig: Setting CVar [[r.Upscale.Quality:3]]
[2021.01.20-18.15.56:388][  0]LogConfig: Setting CVar [[r.Tonemapper.GrainQuantization:1]]
[2021.01.20-18.15.56:388][  0]LogConfig: Setting CVar [[r.LightShaftQuality:1]]
[2021.01.20-18.15.56:389][  0]LogConfig: Setting CVar [[r.Filter.SizeScale:1]]
[2021.01.20-18.15.56:389][  0]LogConfig: Setting CVar [[r.Tonemapper.Quality:5]]
[2021.01.20-18.15.56:389][  0]LogConfig: Setting CVar [[r.DOF.Gather.AccumulatorQuality:1        ; higher gathering accumulator quality]]
[2021.01.20-18.15.56:389][  0]LogConfig: Setting CVar [[r.DOF.Gather.PostfilterMethod:1          ; Median3x3 postfilering method]]
[2021.01.20-18.15.56:389][  0]LogConfig: Setting CVar [[r.DOF.Gather.EnableBokehSettings:0       ; no bokeh simulation when gathering]]
[2021.01.20-18.15.56:389][  0]LogConfig: Setting CVar [[r.DOF.Gather.RingCount:4                 ; medium number of samples when gathering]]
[2021.01.20-18.15.56:389][  0]LogConfig: Setting CVar [[r.DOF.Scatter.ForegroundCompositing:1    ; additive foreground scattering]]
[2021.01.20-18.15.56:389][  0]LogConfig: Setting CVar [[r.DOF.Scatter.BackgroundCompositing:2    ; additive background scattering]]
[2021.01.20-18.15.56:389][  0]LogConfig: Setting CVar [[r.DOF.Scatter.EnableBokehSettings:1      ; bokeh simulation when scattering]]
[2021.01.20-18.15.56:389][  0]LogConfig: Setting CVar [[r.DOF.Scatter.MaxSpriteRatio:0.1         ; only a maximum of 10% of scattered bokeh]]
[2021.01.20-18.15.56:389][  0]LogConfig: Setting CVar [[r.DOF.Recombine.Quality:1                ; cheap slight out of focus]]
[2021.01.20-18.15.56:389][  0]LogConfig: Setting CVar [[r.DOF.Recombine.EnableBokehSettings:0    ; no bokeh simulation on slight out of focus]]
[2021.01.20-18.15.56:389][  0]LogConfig: Setting CVar [[r.DOF.TemporalAAQuality:1                ; more stable temporal accumulation]]
[2021.01.20-18.15.56:389][  0]LogConfig: Setting CVar [[r.DOF.Kernel.MaxForegroundRadius:0.025]]
[2021.01.20-18.15.56:389][  0]LogConfig: Setting CVar [[r.DOF.Kernel.MaxBackgroundRadius:0.025]]
[2021.01.20-18.15.56:389][  0]LogConfig: Applying CVar settings from Section [TextureQuality@3] File [C:/Users/Alexander Coelho/Documents/Unreal Projects/BunnyGirlSavesWorld/Saved/Config/Windows/Scalability.ini]
[2021.01.20-18.15.56:389][  0]LogConfig: Setting CVar [[r.Streaming.MipBias:0]]
[2021.01.20-18.15.56:389][  0]LogConfig: Setting CVar [[r.Streaming.AmortizeCPUToGPUCopy:0]]
[2021.01.20-18.15.56:389][  0]LogConfig: Setting CVar [[r.Streaming.MaxNumTexturesToStreamPerFrame:0]]
[2021.01.20-18.15.56:390][  0]LogConfig: Setting CVar [[r.Streaming.Boost:1]]
[2021.01.20-18.15.56:390][  0]LogConfig: Setting CVar [[r.MaxAnisotropy:8]]
[2021.01.20-18.15.56:390][  0]LogConfig: Setting CVar [[r.VT.MaxAnisotropy:8]]
[2021.01.20-18.15.56:390][  0]LogConfig: Setting CVar [[r.Streaming.LimitPoolSizeToVRAM:0]]
[2021.01.20-18.15.56:390][  0]LogConfig: Setting CVar [[r.Streaming.PoolSize:1000]]
[2021.01.20-18.15.56:390][  0]LogConfig: Setting CVar [[r.Streaming.MaxEffectiveScreenSize:0]]
[2021.01.20-18.15.56:390][  0]LogConfig: Applying CVar settings from Section [EffectsQuality@3] File [C:/Users/Alexander Coelho/Documents/Unreal Projects/BunnyGirlSavesWorld/Saved/Config/Windows/Scalability.ini]
[2021.01.20-18.15.56:390][  0]LogConfig: Setting CVar [[r.TranslucencyLightingVolumeDim:64]]
[2021.01.20-18.15.56:390][  0]LogConfig: Setting CVar [[r.RefractionQuality:2]]
[2021.01.20-18.15.56:390][  0]LogConfig: Setting CVar [[r.SSR.Quality:3]]
[2021.01.20-18.15.56:390][  0]LogConfig: Setting CVar [[r.SSR.HalfResSceneColor:0]]
[2021.01.20-18.15.56:390][  0]LogConfig: Setting CVar [[r.SceneColorFormat:4]]
[2021.01.20-18.15.56:390][  0]LogConfig: Setting CVar [[r.DetailMode:2]]
[2021.01.20-18.15.56:390][  0]LogConfig: Setting CVar [[r.TranslucencyVolumeBlur:1]]
[2021.01.20-18.15.56:390][  0]LogConfig: Setting CVar [[r.MaterialQualityLevel:1 ; High quality]]
[2021.01.20-18.15.56:390][  0]LogConfig: Setting CVar [[r.SSS.Scale:1]]
[2021.01.20-18.15.56:390][  0]LogConfig: Setting CVar [[r.SSS.SampleSet:2]]
[2021.01.20-18.15.56:390][  0]LogConfig: Setting CVar [[r.SSS.Quality:1]]
[2021.01.20-18.15.56:390][  0]LogConfig: Setting CVar [[r.SSS.HalfRes:1]]
[2021.01.20-18.15.56:390][  0]LogConfig: Setting CVar [[r.SSGI.Quality:3]]
[2021.01.20-18.15.56:391][  0]LogConfig: Setting CVar [[r.EmitterSpawnRateScale:1.0]]
[2021.01.20-18.15.56:391][  0]LogConfig: Setting CVar [[r.ParticleLightQuality:2]]
[2021.01.20-18.15.56:391][  0]LogConfig: Setting CVar [[r.SkyAtmosphere.AerialPerspectiveLUT.FastApplyOnOpaque:1 ; Always have FastSkyLUT 1 in this case to avoid wrong sky]]
[2021.01.20-18.15.56:391][  0]LogConfig: Setting CVar [[r.SkyAtmosphere.AerialPerspectiveLUT.SampleCountPerSlice:1]]
[2021.01.20-18.15.56:391][  0]LogConfig: Setting CVar [[r.SkyAtmosphere.AerialPerspectiveLUT.DepthResolution:16.0]]
[2021.01.20-18.15.56:391][  0]LogConfig: Setting CVar [[r.SkyAtmosphere.FastSkyLUT:1]]
[2021.01.20-18.15.56:391][  0]LogConfig: Setting CVar [[r.SkyAtmosphere.FastSkyLUT.SampleCountMin:4.0]]
[2021.01.20-18.15.56:391][  0]LogConfig: Setting CVar [[r.SkyAtmosphere.FastSkyLUT.SampleCountMax:32.0]]
[2021.01.20-18.15.56:391][  0]LogConfig: Setting CVar [[r.SkyAtmosphere.SampleCountMin:4.0]]
[2021.01.20-18.15.56:391][  0]LogConfig: Setting CVar [[r.SkyAtmosphere.SampleCountMax:32.0]]
[2021.01.20-18.15.56:391][  0]LogConfig: Setting CVar [[r.SkyAtmosphere.TransmittanceLUT.UseSmallFormat:0]]
[2021.01.20-18.15.56:391][  0]LogConfig: Setting CVar [[r.SkyAtmosphere.TransmittanceLUT.SampleCount:10.0]]
[2021.01.20-18.15.56:391][  0]LogConfig: Setting CVar [[r.SkyAtmosphere.MultiScatteringLUT.SampleCount:15.0]]
[2021.01.20-18.15.56:391][  0]LogConfig: Applying CVar settings from Section [FoliageQuality@3] File [C:/Users/Alexander Coelho/Documents/Unreal Projects/BunnyGirlSavesWorld/Saved/Config/Windows/Scalability.ini]
[2021.01.20-18.15.56:391][  0]LogConfig: Setting CVar [[foliage.DensityScale:1.0]]
[2021.01.20-18.15.56:391][  0]LogConfig: Setting CVar [[grass.DensityScale:1.0]]
[2021.01.20-18.15.56:391][  0]LogConfig: Applying CVar settings from Section [ShadingQuality@3] File [C:/Users/Alexander Coelho/Documents/Unreal Projects/BunnyGirlSavesWorld/Saved/Config/Windows/Scalability.ini]
[2021.01.20-18.15.56:391][  0]LogConfig: Setting CVar [[r.HairStrands.SkyLighting.SampleCount:16]]
[2021.01.20-18.15.56:391][  0]LogConfig: Setting CVar [[r.HairStrands.SkyLighting.JitterIntegration:0]]
[2021.01.20-18.15.56:392][  0]LogConfig: Setting CVar [[r.HairStrands.SkyAO.SampleCount:16]]
[2021.01.20-18.15.56:392][  0]LogInit: Selected Device Profile: [Windows]
[2021.01.20-18.15.56:392][  0]LogInit: Applying CVar settings loaded from the selected device profile: [Windows]
[2021.01.20-18.15.56:398][  0]LogHAL: Display: Platform has ~ 16 GB [17043017728 / 17179869184 / 16], which maps to Larger [LargestMinGB=32, LargerMinGB=12, DefaultMinGB=8, SmallerMinGB=6, SmallestMinGB=0)
[2021.01.20-18.15.56:398][  0]LogInit: Going up to parent DeviceProfile []
[2021.01.20-18.15.56:398][  0]LogConfig: Applying CVar settings from Section [ViewDistanceQuality@3] File [C:/Users/Alexander Coelho/Documents/Unreal Projects/BunnyGirlSavesWorld/Saved/Config/Windows/Scalability.ini]
[2021.01.20-18.15.56:398][  0]LogConfig: Setting CVar [[r.SkeletalMeshLODBias:0]]
[2021.01.20-18.15.56:398][  0]LogConfig: Setting CVar [[r.ViewDistanceScale:1.0]]
[2021.01.20-18.15.56:398][  0]LogConfig: Applying CVar settings from Section [AntiAliasingQuality@3] File [C:/Users/Alexander Coelho/Documents/Unreal Projects/BunnyGirlSavesWorld/Saved/Config/Windows/Scalability.ini]
[2021.01.20-18.15.56:398][  0]LogConfig: Setting CVar [[r.PostProcessAAQuality:4]]
[2021.01.20-18.15.56:398][  0]LogConfig: Applying CVar settings from Section [ShadowQuality@3] File [C:/Users/Alexander Coelho/Documents/Unreal Projects/BunnyGirlSavesWorld/Saved/Config/Windows/Scalability.ini]
[2021.01.20-18.15.56:398][  0]LogConfig: Setting CVar [[r.LightFunctionQuality:1]]
[2021.01.20-18.15.56:398][  0]LogConfig: Setting CVar [[r.ShadowQuality:5]]
[2021.01.20-18.15.56:398][  0]LogConfig: Setting CVar [[r.Shadow.CSM.MaxCascades:10]]
[2021.01.20-18.15.56:398][  0]LogConfig: Setting CVar [[r.Shadow.MaxResolution:2048]]
[2021.01.20-18.15.56:398][  0]LogConfig: Setting CVar [[r.Shadow.MaxCSMResolution:2048]]
[2021.01.20-18.15.56:398][  0]LogConfig: Setting CVar [[r.Shadow.RadiusThreshold:0.01]]
[2021.01.20-18.15.56:398][  0]LogConfig: Setting CVar [[r.Shadow.DistanceScale:1.0]]
[2021.01.20-18.15.56:398][  0]LogConfig: Setting CVar [[r.Shadow.CSM.TransitionScale:1.0]]
[2021.01.20-18.15.56:399][  0]LogConfig: Setting CVar [[r.Shadow.PreShadowResolutionFactor:1.0]]
[2021.01.20-18.15.56:399][  0]LogConfig: Setting CVar [[r.DistanceFieldShadowing:1]]
[2021.01.20-18.15.56:399][  0]LogConfig: Setting CVar [[r.DistanceFieldAO:1]]
[2021.01.20-18.15.56:399][  0]LogConfig: Setting CVar [[r.AOQuality:2]]
[2021.01.20-18.15.56:399][  0]LogConfig: Setting CVar [[r.VolumetricFog:1]]
[2021.01.20-18.15.56:399][  0]LogConfig: Setting CVar [[r.VolumetricFog.GridPixelSize:8]]
[2021.01.20-18.15.56:399][  0]LogConfig: Setting CVar [[r.VolumetricFog.GridSizeZ:128]]
[2021.01.20-18.15.56:399][  0]LogConfig: Setting CVar [[r.VolumetricFog.HistoryMissSupersampleCount:4]]
[2021.01.20-18.15.56:399][  0]LogConfig: Setting CVar [[r.LightMaxDrawDistanceScale:1]]
[2021.01.20-18.15.56:399][  0]LogConfig: Setting CVar [[r.CapsuleShadows:1]]
[2021.01.20-18.15.56:399][  0]LogConfig: Applying CVar settings from Section [PostProcessQuality@3] File [C:/Users/Alexander Coelho/Documents/Unreal Projects/BunnyGirlSavesWorld/Saved/Config/Windows/Scalability.ini]
[2021.01.20-18.15.56:399][  0]LogConfig: Setting CVar [[r.MotionBlurQuality:4]]
[2021.01.20-18.15.56:399][  0]LogConfig: Setting CVar [[r.AmbientOcclusionMipLevelFactor:0.4]]
[2021.01.20-18.15.56:399][  0]LogConfig: Setting CVar [[r.AmbientOcclusionMaxQuality:100]]
[2021.01.20-18.15.56:399][  0]LogConfig: Setting CVar [[r.AmbientOcclusionLevels:-1]]
[2021.01.20-18.15.56:399][  0]LogConfig: Setting CVar [[r.AmbientOcclusionRadiusScale:1.0]]
[2021.01.20-18.15.56:399][  0]LogConfig: Setting CVar [[r.DepthOfFieldQuality:2]]
[2021.01.20-18.15.56:399][  0]LogConfig: Setting CVar [[r.RenderTargetPoolMin:400]]
[2021.01.20-18.15.56:399][  0]LogConfig: Setting CVar [[r.LensFlareQuality:2]]
[2021.01.20-18.15.56:400][  0]LogConfig: Setting CVar [[r.SceneColorFringeQuality:1]]
[2021.01.20-18.15.56:400][  0]LogConfig: Setting CVar [[r.EyeAdaptationQuality:2]]
[2021.01.20-18.15.56:400][  0]LogConfig: Setting CVar [[r.BloomQuality:5]]
[2021.01.20-18.15.56:400][  0]LogConfig: Setting CVar [[r.FastBlurThreshold:100]]
[2021.01.20-18.15.56:400][  0]LogConfig: Setting CVar [[r.Upscale.Quality:3]]
[2021.01.20-18.15.56:400][  0]LogConfig: Setting CVar [[r.Tonemapper.GrainQuantization:1]]
[2021.01.20-18.15.56:400][  0]LogConfig: Setting CVar [[r.LightShaftQuality:1]]
[2021.01.20-18.15.56:400][  0]LogConfig: Setting CVar [[r.Filter.SizeScale:1]]
[2021.01.20-18.15.56:400][  0]LogConfig: Setting CVar [[r.Tonemapper.Quality:5]]
[2021.01.20-18.15.56:400][  0]LogConfig: Setting CVar [[r.DOF.Gather.AccumulatorQuality:1        ; higher gathering accumulator quality]]
[2021.01.20-18.15.56:400][  0]LogConfig: Setting CVar [[r.DOF.Gather.PostfilterMethod:1          ; Median3x3 postfilering method]]
[2021.01.20-18.15.56:400][  0]LogConfig: Setting CVar [[r.DOF.Gather.EnableBokehSettings:0       ; no bokeh simulation when gathering]]
[2021.01.20-18.15.56:400][  0]LogConfig: Setting CVar [[r.DOF.Gather.RingCount:4                 ; medium number of samples when gathering]]
[2021.01.20-18.15.56:400][  0]LogConfig: Setting CVar [[r.DOF.Scatter.ForegroundCompositing:1    ; additive foreground scattering]]
[2021.01.20-18.15.56:400][  0]LogConfig: Setting CVar [[r.DOF.Scatter.BackgroundCompositing:2    ; additive background scattering]]
[2021.01.20-18.15.56:400][  0]LogConfig: Setting CVar [[r.DOF.Scatter.EnableBokehSettings:1      ; bokeh simulation when scattering]]
[2021.01.20-18.15.56:400][  0]LogConfig: Setting CVar [[r.DOF.Scatter.MaxSpriteRatio:0.1         ; only a maximum of 10% of scattered bokeh]]
[2021.01.20-18.15.56:400][  0]LogConfig: Setting CVar [[r.DOF.Recombine.Quality:1                ; cheap slight out of focus]]
[2021.01.20-18.15.56:400][  0]LogConfig: Setting CVar [[r.DOF.Recombine.EnableBokehSettings:0    ; no bokeh simulation on slight out of focus]]
[2021.01.20-18.15.56:401][  0]LogConfig: Setting CVar [[r.DOF.TemporalAAQuality:1                ; more stable temporal accumulation]]
[2021.01.20-18.15.56:401][  0]LogConfig: Setting CVar [[r.DOF.Kernel.MaxForegroundRadius:0.025]]
[2021.01.20-18.15.56:401][  0]LogConfig: Setting CVar [[r.DOF.Kernel.MaxBackgroundRadius:0.025]]
[2021.01.20-18.15.56:401][  0]LogConfig: Applying CVar settings from Section [TextureQuality@3] File [C:/Users/Alexander Coelho/Documents/Unreal Projects/BunnyGirlSavesWorld/Saved/Config/Windows/Scalability.ini]
[2021.01.20-18.15.56:401][  0]LogConfig: Setting CVar [[r.Streaming.MipBias:0]]
[2021.01.20-18.15.56:401][  0]LogConfig: Setting CVar [[r.Streaming.AmortizeCPUToGPUCopy:0]]
[2021.01.20-18.15.56:401][  0]LogConfig: Setting CVar [[r.Streaming.MaxNumTexturesToStreamPerFrame:0]]
[2021.01.20-18.15.56:401][  0]LogConfig: Setting CVar [[r.Streaming.Boost:1]]
[2021.01.20-18.15.56:401][  0]LogConfig: Setting CVar [[r.MaxAnisotropy:8]]
[2021.01.20-18.15.56:401][  0]LogConfig: Setting CVar [[r.VT.MaxAnisotropy:8]]
[2021.01.20-18.15.56:401][  0]LogConfig: Setting CVar [[r.Streaming.LimitPoolSizeToVRAM:0]]
[2021.01.20-18.15.56:401][  0]LogConfig: Setting CVar [[r.Streaming.PoolSize:1000]]
[2021.01.20-18.15.56:401][  0]LogConfig: Setting CVar [[r.Streaming.MaxEffectiveScreenSize:0]]
[2021.01.20-18.15.56:401][  0]LogConfig: Applying CVar settings from Section [EffectsQuality@3] File [C:/Users/Alexander Coelho/Documents/Unreal Projects/BunnyGirlSavesWorld/Saved/Config/Windows/Scalability.ini]
[2021.01.20-18.15.56:401][  0]LogConfig: Setting CVar [[r.TranslucencyLightingVolumeDim:64]]
[2021.01.20-18.15.56:401][  0]LogConfig: Setting CVar [[r.RefractionQuality:2]]
[2021.01.20-18.15.56:401][  0]LogConfig: Setting CVar [[r.SSR.Quality:3]]
[2021.01.20-18.15.56:402][  0]LogConfig: Setting CVar [[r.SSR.HalfResSceneColor:0]]
[2021.01.20-18.15.56:402][  0]LogConfig: Setting CVar [[r.SceneColorFormat:4]]
[2021.01.20-18.15.56:402][  0]LogConfig: Setting CVar [[r.DetailMode:2]]
[2021.01.20-18.15.56:402][  0]LogConfig: Setting CVar [[r.TranslucencyVolumeBlur:1]]
[2021.01.20-18.15.56:402][  0]LogConfig: Setting CVar [[r.MaterialQualityLevel:1 ; High quality]]
[2021.01.20-18.15.56:402][  0]LogConfig: Setting CVar [[r.SSS.Scale:1]]
[2021.01.20-18.15.56:402][  0]LogConfig: Setting CVar [[r.SSS.SampleSet:2]]
[2021.01.20-18.15.56:402][  0]LogConfig: Setting CVar [[r.SSS.Quality:1]]
[2021.01.20-18.15.56:402][  0]LogConfig: Setting CVar [[r.SSS.HalfRes:1]]
[2021.01.20-18.15.56:402][  0]LogConfig: Setting CVar [[r.SSGI.Quality:3]]
[2021.01.20-18.15.56:402][  0]LogConfig: Setting CVar [[r.EmitterSpawnRateScale:1.0]]
[2021.01.20-18.15.56:402][  0]LogConfig: Setting CVar [[r.ParticleLightQuality:2]]
[2021.01.20-18.15.56:402][  0]LogConfig: Setting CVar [[r.SkyAtmosphere.AerialPerspectiveLUT.FastApplyOnOpaque:1 ; Always have FastSkyLUT 1 in this case to avoid wrong sky]]
[2021.01.20-18.15.56:402][  0]LogConfig: Setting CVar [[r.SkyAtmosphere.AerialPerspectiveLUT.SampleCountPerSlice:1]]
[2021.01.20-18.15.56:402][  0]LogConfig: Setting CVar [[r.SkyAtmosphere.AerialPerspectiveLUT.DepthResolution:16.0]]
[2021.01.20-18.15.56:402][  0]LogConfig: Setting CVar [[r.SkyAtmosphere.FastSkyLUT:1]]
[2021.01.20-18.15.56:402][  0]LogConfig: Setting CVar [[r.SkyAtmosphere.FastSkyLUT.SampleCountMin:4.0]]
[2021.01.20-18.15.56:402][  0]LogConfig: Setting CVar [[r.SkyAtmosphere.FastSkyLUT.SampleCountMax:32.0]]
[2021.01.20-18.15.56:402][  0]LogConfig: Setting CVar [[r.SkyAtmosphere.SampleCountMin:4.0]]
[2021.01.20-18.15.56:402][  0]LogConfig: Setting CVar [[r.SkyAtmosphere.SampleCountMax:32.0]]
[2021.01.20-18.15.56:403][  0]LogConfig: Setting CVar [[r.SkyAtmosphere.TransmittanceLUT.UseSmallFormat:0]]
[2021.01.20-18.15.56:403][  0]LogConfig: Setting CVar [[r.SkyAtmosphere.TransmittanceLUT.SampleCount:10.0]]
[2021.01.20-18.15.56:403][  0]LogConfig: Setting CVar [[r.SkyAtmosphere.MultiScatteringLUT.SampleCount:15.0]]
[2021.01.20-18.15.56:403][  0]LogConfig: Applying CVar settings from Section [FoliageQuality@3] File [C:/Users/Alexander Coelho/Documents/Unreal Projects/BunnyGirlSavesWorld/Saved/Config/Windows/Scalability.ini]
[2021.01.20-18.15.56:403][  0]LogConfig: Setting CVar [[foliage.DensityScale:1.0]]
[2021.01.20-18.15.56:403][  0]LogConfig: Setting CVar [[grass.DensityScale:1.0]]
[2021.01.20-18.15.56:403][  0]LogConfig: Applying CVar settings from Section [ShadingQuality@3] File [C:/Users/Alexander Coelho/Documents/Unreal Projects/BunnyGirlSavesWorld/Saved/Config/Windows/Scalability.ini]
[2021.01.20-18.15.56:403][  0]LogConfig: Setting CVar [[r.HairStrands.SkyLighting.SampleCount:16]]
[2021.01.20-18.15.56:403][  0]LogConfig: Setting CVar [[r.HairStrands.SkyLighting.JitterIntegration:0]]
[2021.01.20-18.15.56:403][  0]LogConfig: Setting CVar [[r.HairStrands.SkyAO.SampleCount:16]]
[2021.01.20-18.15.56:403][  0]LogConfig: Applying CVar settings from Section [Startup] File [../../../Engine/Config/ConsoleVariables.ini]
[2021.01.20-18.15.56:404][  0]LogConfig: Setting CVar [[net.UseAdaptiveNetUpdateFrequency:0]]
[2021.01.20-18.15.56:404][  0]LogConfig: Setting CVar [[p.chaos.AllowCreatePhysxBodies:1]]
[2021.01.20-18.15.56:404][  0]LogConfig: Applying CVar settings from Section [ConsoleVariables] File [C:/Users/Alexander Coelho/Documents/Unreal Projects/BunnyGirlSavesWorld/Saved/Config/Windows/Engine.ini]
[2021.01.20-18.15.56:404][  0]LogInit: Computer: DESKTOP-EFCN17S
[2021.01.20-18.15.56:404][  0]LogInit: User: AlexanderCoelho
[2021.01.20-18.15.56:404][  0]LogInit: CPU Page size=4096, Cores=4
[2021.01.20-18.15.56:404][  0]LogInit: High frequency timer resolution =10.000000 MHz
[2021.01.20-18.15.56:404][  0]LogMemory: Memory total: Physical=15.9GB (16GB approx)
[2021.01.20-18.15.56:404][  0]LogMemory: Platform Memory Stats for Windows
[2021.01.20-18.15.56:405][  0]LogMemory: Process Physical Memory: 105.91 MB used, 105.91 MB peak
[2021.01.20-18.15.56:405][  0]LogMemory: Process Virtual Memory: 100.56 MB used, 100.56 MB peak
[2021.01.20-18.15.56:405][  0]LogMemory: Physical Memory: 4529.44 MB used,  11724.05 MB free, 16253.49 MB total
[2021.01.20-18.15.56:405][  0]LogMemory: Virtual Memory: 5105.00 MB used,  134212624.00 MB free, 134217728.00 MB total
[2021.01.20-18.15.56:412][  0]LogWindows: WindowsPlatformFeatures enabled
[2021.01.20-18.15.56:462][  0]LogInit: Using OS detected language (en-US).
[2021.01.20-18.15.56:462][  0]LogInit: Using OS detected locale (en-US).
[2021.01.20-18.15.56:464][  0]LogTextLocalizationManager: No specific localization for 'en-US' exists, so the 'en' localization will be used.
[2021.01.20-18.15.56:903][  0]LogInit: Setting process to per monitor DPI aware
[2021.01.20-18.15.57:074][  0]LogSlate: New Slate User Created.  User Index 0, Is Virtual User: 0
[2021.01.20-18.15.57:074][  0]LogSlate: Slate User Registered.  User Index 0, Is Virtual User: 0
[2021.01.20-18.15.58:014][  0]LogHMD: Failed to initialize OpenVR with code 110
[2021.01.20-18.15.58:015][  0]LogD3D11RHI: D3D11 min allowed feature level: 11_0
[2021.01.20-18.15.58:015][  0]LogD3D11RHI: D3D11 max allowed feature level: 11_0
[2021.01.20-18.15.58:015][  0]LogD3D11RHI: D3D11 adapters:
[2021.01.20-18.15.58:337][  0]LogD3D11RHI:    0. 'NVIDIA GeForce GTX 980M' (Feature Level 11_0)
[2021.01.20-18.15.58:337][  0]LogD3D11RHI:       4053/0/8126 MB DedicatedVideo/DedicatedSystem/SharedSystem, Outputs:1, VendorId:0x10de
[2021.01.20-18.15.58:436][  0]LogD3D11RHI:    1. 'Intel(R) HD Graphics 530' (Feature Level 11_0)
[2021.01.20-18.15.58:436][  0]LogD3D11RHI:       128/0/8126 MB DedicatedVideo/DedicatedSystem/SharedSystem, Outputs:0, VendorId:0x8086
[2021.01.20-18.15.58:444][  0]LogD3D11RHI:    2. 'Microsoft Basic Render Driver' (Feature Level 11_0)
[2021.01.20-18.15.58:444][  0]LogD3D11RHI:       0/0/8126 MB DedicatedVideo/DedicatedSystem/SharedSystem, Outputs:0, VendorId:0x1414
[2021.01.20-18.15.58:444][  0]LogD3D11RHI: Chosen D3D11 Adapter: 0
[2021.01.20-18.15.58:679][  0]LogD3D11RHI: Creating new Direct3DDevice
[2021.01.20-18.15.58:679][  0]LogD3D11RHI:     GPU DeviceId: 0x13d7 (for the marketing name, search the web for "GPU Device Id")
[2021.01.20-18.15.58:679][  0]LogWindows: EnumDisplayDevices:
[2021.01.20-18.15.58:680][  0]LogWindows:    0. 'Intel(R) HD Graphics 530' (P:1 D:1)
[2021.01.20-18.15.58:683][  0]LogWindows:    1. 'Intel(R) HD Graphics 530' (P:0 D:0)
[2021.01.20-18.15.58:685][  0]LogWindows:    2. 'Intel(R) HD Graphics 530' (P:0 D:0)
[2021.01.20-18.15.58:687][  0]LogWindows:    3. 'NVIDIA GeForce GTX 980M' (P:0 D:0)
[2021.01.20-18.15.58:688][  0]LogWindows: DebugString: PrimaryIsNotTheChoosenAdapter PrimaryIsNotTheChoosenAdapter PrimaryIsNotTheChoosenAdapter 
[2021.01.20-18.15.58:688][  0]LogD3D11RHI:     Adapter Name: NVIDIA GeForce GTX 980M
[2021.01.20-18.15.58:689][  0]LogD3D11RHI:   Driver Version: 431.53 (internal:26.21.14.3153, unified:431.53)
[2021.01.20-18.15.58:689][  0]LogD3D11RHI:      Driver Date: 7-12-2019
[2021.01.20-18.15.58:689][  0]LogRHI: Texture pool is 2837 MB (70% of 4053 MB)
[2021.01.20-18.15.58:893][  0]LogD3D11RHI: RHI has support for 64 bit atomics
[2021.01.20-18.15.58:894][  0]LogD3D11RHI: Async texture creation enabled
[2021.01.20-18.15.58:985][  0]LogD3D11RHI: GPU Timing Frequency: 1000.000000 (Debug: 2 1)
[2021.01.20-18.16.00:309][  0]LogTargetPlatformManager: Display: Loaded TargetPlatform 'AllDesktop'
[2021.01.20-18.16.00:440][  0]LogTargetPlatformManager: Display: Loaded TargetPlatform 'Android'
[2021.01.20-18.16.00:441][  0]LogTargetPlatformManager: Display: Loaded TargetPlatform 'Android_ASTC'
[2021.01.20-18.16.00:441][  0]LogTargetPlatformManager: Display: Loaded TargetPlatform 'Android_ATC'
[2021.01.20-18.16.00:441][  0]LogTargetPlatformManager: Display: Loaded TargetPlatform 'Android_DXT'
[2021.01.20-18.16.00:441][  0]LogTargetPlatformManager: Display: Loaded TargetPlatform 'Android_ETC1'
[2021.01.20-18.16.00:441][  0]LogTargetPlatformManager: Display: Loaded TargetPlatform 'Android_ETC1a'
[2021.01.20-18.16.00:441][  0]LogTargetPlatformManager: Display: Loaded TargetPlatform 'Android_ETC2'
[2021.01.20-18.16.00:441][  0]LogTargetPlatformManager: Display: Loaded TargetPlatform 'Android_PVRTC'
[2021.01.20-18.16.00:441][  0]LogTargetPlatformManager: Display: Loaded TargetPlatform 'AndroidClient'
[2021.01.20-18.16.00:441][  0]LogTargetPlatformManager: Display: Loaded TargetPlatform 'Android_ASTCClient'
[2021.01.20-18.16.00:441][  0]LogTargetPlatformManager: Display: Loaded TargetPlatform 'Android_ATCClient'
[2021.01.20-18.16.00:441][  0]LogTargetPlatformManager: Display: Loaded TargetPlatform 'Android_DXTClient'
[2021.01.20-18.16.00:441][  0]LogTargetPlatformManager: Display: Loaded TargetPlatform 'Android_ETC1Client'
[2021.01.20-18.16.00:441][  0]LogTargetPlatformManager: Display: Loaded TargetPlatform 'Android_ETC1aClient'
[2021.01.20-18.16.00:442][  0]LogTargetPlatformManager: Display: Loaded TargetPlatform 'Android_ETC2Client'
[2021.01.20-18.16.00:442][  0]LogTargetPlatformManager: Display: Loaded TargetPlatform 'Android_PVRTCClient'
[2021.01.20-18.16.00:442][  0]LogTargetPlatformManager: Display: Loaded TargetPlatform 'Android_Multi'
[2021.01.20-18.16.00:442][  0]LogTargetPlatformManager: Display: Loaded TargetPlatform 'Android_MultiClient'
[2021.01.20-18.16.00:511][  0]LogTargetPlatformManager: Display: Loaded TargetPlatform 'IOSClient'
[2021.01.20-18.16.00:511][  0]LogTargetPlatformManager: Display: Loaded TargetPlatform 'IOS'
[2021.01.20-18.16.00:534][  0]LogTargetPlatformManager: Display: Loaded TargetPlatform 'LinuxNoEditor'
[2021.01.20-18.16.00:562][  0]LogTargetPlatformManager: Display: Loaded TargetPlatform 'LinuxClient'
[2021.01.20-18.16.00:589][  0]LogTargetPlatformManager: Display: Loaded TargetPlatform 'LinuxServer'
[2021.01.20-18.16.00:618][  0]LogTargetPlatformManager: Display: Loaded TargetPlatform 'LinuxAArch64NoEditor'
[2021.01.20-18.16.00:642][  0]LogTargetPlatformManager: Display: Loaded TargetPlatform 'LinuxAArch64Client'
[2021.01.20-18.16.00:675][  0]LogTargetPlatformManager: Display: Loaded TargetPlatform 'LinuxAArch64Server'
[2021.01.20-18.16.00:771][  0]LogTargetPlatformManager: Display: Loaded TargetPlatform 'Lumin'
[2021.01.20-18.16.00:771][  0]LogTargetPlatformManager: Display: Loaded TargetPlatform 'LuminClient'
[2021.01.20-18.16.00:821][  0]LogTargetPlatformManager: Display: Loaded TargetPlatform 'TVOSClient'
[2021.01.20-18.16.00:821][  0]LogTargetPlatformManager: Display: Loaded TargetPlatform 'TVOS'
[2021.01.20-18.16.00:861][  0]LogTargetPlatformManager: Display: Loaded TargetPlatform 'WindowsNoEditor'
[2021.01.20-18.16.00:894][  0]LogTargetPlatformManager: Display: Loaded TargetPlatform 'Windows'
[2021.01.20-18.16.00:929][  0]LogTargetPlatformManager: Display: Loaded TargetPlatform 'WindowsClient'
[2021.01.20-18.16.00:962][  0]LogTargetPlatformManager: Display: Loaded TargetPlatform 'WindowsServer'
[2021.01.20-18.16.00:963][  0]LogTargetPlatformManager: Display: Building Assets For Windows
[2021.01.20-18.16.00:972][  0]LogAudioDebug: Display: Lib vorbis DLL was dynamically loaded.
[2021.01.20-18.16.01:045][  0]LogShaderCompilers: Guid format shader working directory is -15 characters bigger than the processId version (C:/Users/Alexander Coelho/Documents/Unreal Projects/BunnyGirlSavesWorld/Intermediate/Shaders/WorkingDirectory/16056/).
[2021.01.20-18.16.01:046][  0]LogShaderCompilers: Cleaned the shader compiler working directory 'C:/Users/Alexander Coelho/AppData/Local/Temp/UnrealShaderWorkingDir/039FF6554A3723981E2A9288B710B35D/'.
[2021.01.20-18.16.01:047][  0]LogXGEController: Cleaning working directory: C:/Users/Alexander Coelho/AppData/Local/Temp/UnrealXGEWorkingDir/
[2021.01.20-18.16.01:048][  0]LogXGEController: Cannot use XGE Controller as Incredibuild is not installed on this machine.
[2021.01.20-18.16.01:048][  0]LogShaderCompilers: Cannot use XGE Shader Compiler as Incredibuild is not installed on this machine.
[2021.01.20-18.16.01:048][  0]LogShaderCompilers: Display: Using Local Shader Compiler.
[2021.01.20-18.16.03:679][  0]LogDerivedDataCache: Display: Max Cache Size: 512 MB
[2021.01.20-18.16.03:824][  0]LogDerivedDataCache: Loaded boot cache 0.14s 78MB C:/Users/Alexander Coelho/AppData/Local/UnrealEngine/4.24/DerivedDataCache/Boot.ddc.
[2021.01.20-18.16.03:824][  0]LogDerivedDataCache: Display: Loaded Boot cache: C:/Users/Alexander Coelho/AppData/Local/UnrealEngine/4.24/DerivedDataCache/Boot.ddc
[2021.01.20-18.16.03:825][  0]LogDerivedDataCache: FDerivedDataBackendGraph:  Pak pak cache file C:/Users/Alexander Coelho/Documents/Unreal Projects/BunnyGirlSavesWorld/DerivedDataCache/DDC.ddp not found, will not use a pak cache.
[2021.01.20-18.16.03:825][  0]LogDerivedDataCache: Unable to find inner node Pak for hierarchical cache Hierarchy.
[2021.01.20-18.16.03:825][  0]LogDerivedDataCache: FDerivedDataBackendGraph:  CompressedPak pak cache file C:/Users/Alexander Coelho/Documents/Unreal Projects/BunnyGirlSavesWorld/DerivedDataCache/Compressed.ddp not found, will not use a pak cache.
[2021.01.20-18.16.03:825][  0]LogDerivedDataCache: Unable to find inner node CompressedPak for hierarchical cache Hierarchy.
[2021.01.20-18.16.03:861][  0]LogDerivedDataCache: Display: Pak cache opened for reading ../../../Engine/DerivedDataCache/Compressed.ddp.
[2021.01.20-18.16.03:861][  0]LogDerivedDataCache: FDerivedDataBackendGraph:  EnterprisePak pak cache file ../../../Enterprise/DerivedDataCache/Compressed.ddp not found, will not use a pak cache.
[2021.01.20-18.16.03:861][  0]LogDerivedDataCache: Unable to find inner node EnterprisePak for hierarchical cache Hierarchy.
[2021.01.20-18.16.03:864][  0]LogDerivedDataCache: Using Local data cache path C:/Users/Alexander Coelho/AppData/Local/UnrealEngine/Common/DerivedDataCache: Writable
[2021.01.20-18.16.03:864][  0]LogDerivedDataCache: Shared data cache path not found in *engine.ini, will not use an Shared cache.
[2021.01.20-18.16.03:864][  0]LogDerivedDataCache: Unable to find inner node Shared for hierarchical cache Hierarchy.
[2021.01.20-18.16.03:972][  0]LogMaterial: Verifying Global Shaders for PCD3D_SM5
[2021.01.20-18.16.03:986][  0]LogSlate: Using FreeType 2.10.0
[2021.01.20-18.16.03:987][  0]LogSlate: SlateFontServices - WITH_FREETYPE: 1, WITH_HARFBUZZ: 1
[2021.01.20-18.16.04:212][  0]LogAssetRegistry: FAssetRegistry took 0.0073 seconds to start up
[2021.01.20-18.16.05:559][  0]LogInit: Selected Device Profile: [Windows]
[2021.01.20-18.16.06:209][  0]LogMeshReduction: Using QuadricMeshReduction for automatic static mesh reduction
[2021.01.20-18.16.06:209][  0]LogMeshReduction: Using SimplygonMeshReduction for automatic skeletal mesh reduction
[2021.01.20-18.16.06:209][  0]LogMeshReduction: Using ProxyLODMeshReduction for automatic mesh merging
[2021.01.20-18.16.06:210][  0]LogMeshReduction: No distributed automatic mesh merging module available
[2021.01.20-18.16.06:210][  0]LogMeshMerging: No distributed automatic mesh merging module available
[2021.01.20-18.16.06:251][  0]LogNetVersion: BunnyGirlSavesWorld 1.0.0, NetCL: 10570792, EngineNetVer: 13, GameNetVer: 0 (Checksum: 73706494)
[2021.01.20-18.16.10:242][  0]LogPackageLocalizationCache: Processed 10 localized package path(s) for 1 prioritized culture(s) in 0.139342 seconds
[2021.01.20-18.16.10:258][  0]LogUObjectArray: 46750 objects as part of root set at end of initial load.
[2021.01.20-18.16.10:258][  0]LogUObjectAllocator: 8137160 out of 0 bytes used by permanent object pool.
[2021.01.20-18.16.10:258][  0]LogUObjectArray: CloseDisregardForGC: 0/0 objects in disregard for GC pool
[2021.01.20-18.16.11:349][  0]LogTcpMessaging: Initializing TcpMessaging bridge
[2021.01.20-18.16.11:355][  0]LogUdpMessaging: Initializing bridge on interface 0.0.0.0:0 to multicast group 230.0.0.1:6666.
[2021.01.20-18.16.11:473][  0]SourceControl: Source control is disabled
[2021.01.20-18.16.11:473][  0]SourceControl: Source control is disabled
[2021.01.20-18.16.11:475][  0]SourceControl: Source control is disabled
[2021.01.20-18.16.11:477][  0]SourceControl: Source control is disabled
[2021.01.20-18.16.11:479][  0]SourceControl: Source control is disabled
[2021.01.20-18.16.11:501][  0]LogVSAccessor: Display: Unable to create Visual Studio setup instance: 80040154
[2021.01.20-18.16.11:504][  0]LogVSAccessor: Display: Unable to create Visual Studio setup instance: 80040154
[2021.01.20-18.16.11:680][  0]LogAndroidPermission: UAndroidPermissionCallbackProxy::GetInstance
[2021.01.20-18.16.11:701][  0]LogAudioCaptureCore: Display: No Audio Capture implementations found. Audio input will be silent.
[2021.01.20-18.16.11:702][  0]LogAudioCaptureCore: Display: No Audio Capture implementations found. Audio input will be silent.
[2021.01.20-18.16.11:937][  0]LogOcInput: OculusInput pre-init called
[2021.01.20-18.16.11:955][  0]LogWindows: Failed to load 'OVRPlugin.dll' (GetLastError=126)
[2021.01.20-18.16.11:956][  0]LogWindows: File 'OVRPlugin.dll' does not exist
[2021.01.20-18.16.12:149][  0]LogEngine: Initializing Engine...
[2021.01.20-18.16.12:152][  0]LogHMD: Failed to initialize OpenVR with code 110
[2021.01.20-18.16.12:155][  0]LogStats: UGameplayTagsManager::InitializeManager -  0.001 s
[2021.01.20-18.16.13:104][  0]LogInit: Initializing FReadOnlyCVARCache
[2021.01.20-18.16.13:121][  0]LogAIModule: Creating AISystem for world Untitled
[2021.01.20-18.16.13:177][  0]LogAudioMixer: Display: Audio Mixer Platform Settings:
[2021.01.20-18.16.13:177][  0]LogAudioMixer: Display: 	Sample Rate:						  48000
[2021.01.20-18.16.13:178][  0]LogAudioMixer: Display: 	Callback Buffer Frame Size Requested: 1024
[2021.01.20-18.16.13:178][  0]LogAudioMixer: Display: 	Callback Buffer Frame Size To Use:	  1024
[2021.01.20-18.16.13:178][  0]LogAudioMixer: Display: 	Number of buffers to queue:			  2
[2021.01.20-18.16.13:178][  0]LogAudioMixer: Display: 	Max Channels (voices):				  32
[2021.01.20-18.16.13:178][  0]LogAudioMixer: Display: 	Number of Async Source Workers:		  0
[2021.01.20-18.16.13:178][  0]LogAudio: Display: AudioDevice MaxSources: 32
[2021.01.20-18.16.13:180][  0]LogAudio: Display: Using built-in audio occlusion.
[2021.01.20-18.16.13:180][  0]LogAudioMixer: Display: Initializing audio mixer.
[2021.01.20-18.16.13:244][  0]LogAudioMixer: Display: Audio Device Output Speaker Info:
[2021.01.20-18.16.13:245][  0]LogAudioMixer: Display: Name: Speakers (Sound Blaster Recon3Di)
[2021.01.20-18.16.13:245][  0]LogAudioMixer: Display: Is Default: Yes
[2021.01.20-18.16.13:245][  0]LogAudioMixer: Display: Sample Rate: 48000
[2021.01.20-18.16.13:245][  0]LogAudioMixer: Display: Channel Count Used: 2
[2021.01.20-18.16.13:245][  0]LogAudioMixer: Display: Device Channel Count: 2
[2021.01.20-18.16.13:245][  0]LogAudioMixer: Display: Channel Order:
[2021.01.20-18.16.13:245][  0]LogAudioMixer: Display: 0: FrontLeft
[2021.01.20-18.16.13:245][  0]LogAudioMixer: Display: 1: FrontRight
[2021.01.20-18.16.13:356][  0]LogAudioMixer: Display: Using Audio Device Speakers (Sound Blaster Recon3Di)
[2021.01.20-18.16.13:367][  0]LogInit: FAudioDevice initialized.
[2021.01.20-18.16.13:367][  0]LogNetVersion: Set ProjectVersion to 1.0.0.0. Version Checksum will be recalculated on next use.
[2021.01.20-18.16.13:476][  0]LogDerivedDataCache: Saved boot cache 0.11s 78MB C:/Users/Alexander Coelho/AppData/Local/UnrealEngine/4.24/DerivedDataCache/Boot.ddc.
[2021.01.20-18.16.13:478][  0]LogInit: Texture streaming: Enabled
[2021.01.20-18.16.13:517][  0]LogEngineSessionManager: EngineSessionManager initialized
[2021.01.20-18.16.13:517][  0]LogEngineSessionManager: EngineSessionManager sent abnormal shutdown report. Type=Crashed, SessionId={76312EAD-4047-EFE8-D035-77A615CDEAF8}
[2021.01.20-18.16.13:517][  0]LogEditorSessionSummary: Verbose: Initializing EditorSessionSummaryWriter for editor session tracking
[2021.01.20-18.16.13:546][  0]LogEditorSessionSummary: EditorSessionSummaryWriter initialized
[2021.01.20-18.16.13:651][  0]LogInit: Transaction tracking system initialized
[2021.01.20-18.16.13:679][  0]BlueprintLog: New page: Editor Load
[2021.01.20-18.16.13:759][  0]LocalizationService: Localization service is disabled
[2021.01.20-18.16.13:959][  0]LogVSAccessor: Display: Unable to create Visual Studio setup instance: 80040154
[2021.01.20-18.16.13:961][  0]LogVSAccessor: Display: Unable to create Visual Studio setup instance: 80040154
[2021.01.20-18.16.14:696][  0]LogFileCache: Scanning file cache for directory 'C:/Users/Alexander Coelho/Documents/Unreal Projects/BunnyGirlSavesWorld/Content/' took 0.01s
[2021.01.20-18.16.14:696][  0]LogCook: Display: Max memory allowance for cook 16384mb min free memory 0mb
[2021.01.20-18.16.14:696][  0]LogCook: Display: Mobile HDR setting 1
[2021.01.20-18.16.16:869][  0]SourceControl: Source control is disabled
[2021.01.20-18.16.16:870][  0]Cmd: MAP LOAD FILE="C:/Users/Alexander Coelho/Documents/Unreal Projects/BunnyGirlSavesWorld/Content/2DSideScrollerBP/Maps/2DSideScrollerExampleMap.umap" TEMPLATE=0 SHOWPROGRESS=1 FEATURELEVEL=3
[2021.01.20-18.16.16:871][  0]LightingResults: New page: Lighting Build
[2021.01.20-18.16.16:872][  0]LogWorld: UWorld::CleanupWorld for Untitled, bSessionEnded=true, bCleanupResources=true
[2021.01.20-18.16.16:873][  0]LogSlate: InvalidateAllWidgets triggered.  All widgets were invalidated
[2021.01.20-18.16.16:873][  0]MapCheck: New page: Map Check
[2021.01.20-18.16.16:873][  0]LightingResults: New page: Lighting Build
[2021.01.20-18.16.16:946][  0]LogUObjectHash: Compacting FUObjectHashTables data took   4.61ms
[2021.01.20-18.16.17:338][  0]LogAIModule: Creating AISystem for world 2DSideScrollerExampleMap
[2021.01.20-18.16.17:360][  0]LogEditorServer: Finished looking for orphan Actors (0.000 secs)
[2021.01.20-18.16.17:481][  0]LogUObjectHash: Compacting FUObjectHashTables data took   5.75ms
[2021.01.20-18.16.17:482][  0]Cmd: MAP CHECKDEP NOCLEARLOG
[2021.01.20-18.16.17:483][  0]MapCheck: Map check complete: 0 Error(s), 0 Warning(s), took 0.502ms to complete.
[2021.01.20-18.16.17:483][  0]LogFileHelpers: Loading map '2DSideScrollerExampleMap' took 0.614
[2021.01.20-18.16.17:729][  0]LogSlate: Updating window title bar state: overlay mode, drag disabled, window buttons hidden, title bar hidden
[2021.01.20-18.16.17:749][  0]LogSlate: Updating window title bar state: overlay mode, drag disabled, window buttons hidden, title bar hidden
[2021.01.20-18.16.17:771][  0]LogSlate: Updating window title bar state: overlay mode, drag disabled, window buttons hidden, title bar hidden
[2021.01.20-18.16.17:796][  0]LogSlate: Updating window title bar state: overlay mode, drag disabled, window buttons hidden, title bar hidden
[2021.01.20-18.16.17:820][  0]LogCollectionManager: Loaded 0 collections in 0.002647 seconds
[2021.01.20-18.16.17:856][  0]LogFileCache: Scanning file cache for directory 'C:/Users/Alexander Coelho/Documents/Unreal Projects/BunnyGirlSavesWorld/Saved/Collections/' took 0.00s
[2021.01.20-18.16.17:856][  0]LogFileCache: Scanning file cache for directory 'C:/Users/Alexander Coelho/Documents/Unreal Projects/BunnyGirlSavesWorld/Content/Developers/AlexanderCoelho/Collections/' took 0.00s
[2021.01.20-18.16.17:856][  0]LogFileCache: Scanning file cache for directory 'C:/Users/Alexander Coelho/Documents/Unreal Projects/BunnyGirlSavesWorld/Content/Collections/' took 0.00s
[2021.01.20-18.16.17:856][  0]LogContentBrowser: Native class hierarchy populated in 0.0225 seconds. Added 3015 classes and 717 folders.
[2021.01.20-18.16.17:864][  0]LogContentBrowser: Native class hierarchy updated for 'WidgetCarousel' in 0.0006 seconds. Added 0 classes and 0 folders.
[2021.01.20-18.16.18:031][  0]LogContentBrowser: Native class hierarchy updated for 'AddContentDialog' in 0.0005 seconds. Added 0 classes and 0 folders.
[2021.01.20-18.16.18:037][  0]LogContentBrowser: Native class hierarchy updated for 'SceneOutliner' in 0.0006 seconds. Added 2 classes and 3 folders.
[2021.01.20-18.16.18:219][  0]LogSlate: Took 0.000666 seconds to synchronously load lazily loaded font '../../../Engine/Content/Slate/Fonts/Roboto-Regular.ttf' (155K)
[2021.01.20-18.16.18:228][  0]LogSlate: Took 0.000493 seconds to synchronously load lazily loaded font '../../../Engine/Content/Slate/Fonts/Roboto-Bold.ttf' (160K)
[2021.01.20-18.16.18:242][  0]LogSlate: Took 0.000467 seconds to synchronously load lazily loaded font '../../../Engine/Content/Editor/Slate/Fonts/FontAwesome.ttf' (139K)
[2021.01.20-18.16.18:504][  0]LogRenderer: Reallocating scene render targets to support 1208x672 Format 10 NumSamples 1 (Frame:1).
[2021.01.20-18.16.18:858][  0]LogContentBrowser: Native class hierarchy updated for 'HierarchicalLODOutliner' in 0.0007 seconds. Added 0 classes and 0 folders.
[2021.01.20-18.16.18:858][  0]LogLoad: (Engine Initialization) Total time: 26.17 seconds
[2021.01.20-18.16.18:858][  0]LogLoad: (Engine Initialization) Total Blueprint compile time: 0.00 seconds
[2021.01.20-18.16.18:948][  0]LogContentStreaming: Texture pool size now 1000 MB
[2021.01.20-18.16.19:046][  0]LogSlate: Took 0.000603 seconds to synchronously load lazily loaded font '../../../Engine/Content/Slate/Fonts/Roboto-Light.ttf' (167K)
[2021.01.20-18.16.19:284][  2]LogAssetRegistry: Asset discovery search completed in 15.0755 seconds
[2021.01.20-18.16.19:295][  2]LogCollectionManager: Fixed up redirectors for 0 collections in 0.000026 seconds (updated 0 objects)
[2021.01.20-18.16.20:015][ 22]LogSlate: Took 0.000695 seconds to synchronously load lazily loaded font '../../../Engine/Content/Slate/Fonts/Roboto-Light.ttf' (167K)
[2021.01.20-18.16.25:691][137]LogAssetEditorSubsystem: Opening Asset editor for Blueprint /Game/2DSideScrollerBP/Blueprints/BunnyGirl.BunnyGirl
[2021.01.20-18.16.26:379][137]LogContentBrowser: Native class hierarchy updated for 'BlueprintGraph' in 0.0015 seconds. Added 121 classes and 0 folders.
[2021.01.20-18.16.29:598][137]LogSlate: Took 0.000504 seconds to synchronously load lazily loaded font '../../../Engine/Content/Slate/Fonts/Roboto-BoldCondensed.ttf' (158K)
[2021.01.20-18.16.29:775][138]LogSlate: Took 0.000567 seconds to synchronously load lazily loaded font '../../../Engine/Content/Slate/Fonts/Roboto-Italic.ttf' (157K)
[2021.01.20-18.16.40:767][404]BlueprintLog: New page: Compile BunnyGirl
[2021.01.20-18.16.41:606][404]LogUObjectHash: Compacting FUObjectHashTables data took  13.42ms
[2021.01.20-18.16.43:042][424]LogSavePackage: Moving 'C:/Users/Alexander Coelho/Documents/Unreal Projects/BunnyGirlSavesWorld/Saved/BunnyGirlB19C140F425611B82B9B5996A2CF4A8B.tmp' to 'C:/Users/Alexander Coelho/Documents/Unreal Projects/BunnyGirlSavesWorld/Content/2DSideScrollerBP/Blueprints/BunnyGirl.uasset'
[2021.01.20-18.16.43:091][424]AssetCheck: New page: Asset Save: BunnyGirl
[2021.01.20-18.16.43:091][424]LogContentValidation: Display: Validating Blueprint /Game/2DSideScrollerBP/Blueprints/BunnyGirl.BunnyGirl
[2021.01.20-18.16.51:737][562]BlueprintLog: New page: Compile BunnyGirl
[2021.01.20-18.16.52:674][562]LogUObjectHash: Compacting FUObjectHashTables data took  12.91ms
[2021.01.20-18.16.53:647][573]LogSavePackage: Moving 'C:/Users/Alexander Coelho/Documents/Unreal Projects/BunnyGirlSavesWorld/Saved/BunnyGirl4F2F83544EDA40E6CBA592A04A3249C6.tmp' to 'C:/Users/Alexander Coelho/Documents/Unreal Projects/BunnyGirlSavesWorld/Content/2DSideScrollerBP/Blueprints/BunnyGirl.uasset'
[2021.01.20-18.16.53:711][573]AssetCheck: New page: Asset Save: BunnyGirl
[2021.01.20-18.16.53:711][573]LogContentValidation: Display: Validating Blueprint /Game/2DSideScrollerBP/Blueprints/BunnyGirl.BunnyGirl
[2021.01.20-18.17.24:511][978]BlueprintLog: New page: Compile BunnyGirl
[2021.01.20-18.17.25:339][978]LogUObjectHash: Compacting FUObjectHashTables data took  13.35ms
[2021.01.20-18.17.26:183][987]LogSavePackage: Moving 'C:/Users/Alexander Coelho/Documents/Unreal Projects/BunnyGirlSavesWorld/Saved/BunnyGirl6B8F513D4AF200166533388A5E4FAD62.tmp' to 'C:/Users/Alexander Coelho/Documents/Unreal Projects/BunnyGirlSavesWorld/Content/2DSideScrollerBP/Blueprints/BunnyGirl.uasset'
[2021.01.20-18.17.26:259][987]AssetCheck: New page: Asset Save: BunnyGirl
[2021.01.20-18.17.26:259][987]LogContentValidation: Display: Validating Blueprint /Game/2DSideScrollerBP/Blueprints/BunnyGirl.BunnyGirl
[2021.01.20-18.17.33:353][143]LogAssetEditorSubsystem: Opening Asset editor for Blueprint /Game/2DSideScrollerBP/Blueprints/PlayingCard_BP.PlayingCard_BP
[2021.01.20-18.17.50:606][548]LogUObjectHash: Compacting FUObjectHashTables data took  12.33ms
[2021.01.20-18.17.54:611][548]LogSlate: Window 'Delete Assets' being destroyed
[2021.01.20-18.17.56:108][573]LogAssetEditorSubsystem: Opening Asset editor for Blueprint /Game/2DSideScrollerBP/Blueprints/Projectile_BP.Projectile_BP
[2021.01.20-18.18.03:511][693]BlueprintLog: New page: Compile Projectile_BP
[2021.01.20-18.18.04:333][693]LogUObjectHash: Compacting FUObjectHashTables data took  13.48ms
[2021.01.20-18.18.04:846][698]LogSavePackage: Moving 'C:/Users/Alexander Coelho/Documents/Unreal Projects/BunnyGirlSavesWorld/Saved/Projectile_BP6BE720524A09047F4172DAACAB12A7A4.tmp' to 'C:/Users/Alexander Coelho/Documents/Unreal Projects/BunnyGirlSavesWorld/Content/2DSideScrollerBP/Blueprints/Projectile_BP.uasset'
[2021.01.20-18.18.04:927][698]AssetCheck: New page: Asset Save: Projectile_BP
[2021.01.20-18.18.04:928][698]LogContentValidation: Display: Validating Blueprint /Game/2DSideScrollerBP/Blueprints/Projectile_BP.Projectile_BP
[2021.01.20-18.18.05:224][706]LogRHI: Error: SyncInterval 0
[2021.01.20-18.18.05:224][706]LogRHI: Error: SwapChainDesc.BufferDesc.Width 512
[2021.01.20-18.18.05:224][706]LogRHI: Error: SwapChainDesc.BufferDesc.Height 256
[2021.01.20-18.18.05:225][706]LogRHI: Error: SwapChainDesc.BufferDesc.RefreshRate.Numerator 0
[2021.01.20-18.18.05:225][706]LogRHI: Error: SwapChainDesc.BufferDesc.RefreshRate.Denominator 0
[2021.01.20-18.18.05:225][706]LogRHI: Error: SwapChainDesc.BufferDesc.Format 24
[2021.01.20-18.18.05:225][706]LogRHI: Error: SwapChainDesc.BufferDesc.ScanlineOrdering 0
[2021.01.20-18.18.05:225][706]LogRHI: Error: SwapChainDesc.BufferDesc.Scaling 0
[2021.01.20-18.18.05:225][706]LogRHI: Error: SwapChainDesc.SampleDesc.Count 1
[2021.01.20-18.18.05:225][706]LogRHI: Error: SwapChainDesc.SampleDesc.Quality 0
[2021.01.20-18.18.05:225][706]LogRHI: Error: SwapChainDesc.BufferUsage 48
[2021.01.20-18.18.05:225][706]LogRHI: Error: SwapChainDesc.BufferCount 2
[2021.01.20-18.18.05:225][706]LogRHI: Error: SwapChainDesc.OutputWindow 00000000000504AC
[2021.01.20-18.18.05:225][706]LogRHI: Error: SwapChainDesc.Windowed true
[2021.01.20-18.18.05:226][706]LogRHI: Error: SwapChainDesc.SwapEffect 4
[2021.01.20-18.18.05:226][706]LogRHI: Error: SwapChainDesc.Flags 2050
[2021.01.20-18.18.05:226][706]LogD3D11RHI: Error: Result failed 
 at D:/Build/++UE4/Sync/Engine/Source/Runtime/Windows/D3D11RHI/Private/D3D11Viewport.cpp:389 
 with error DXGI_ERROR_DEVICE_REMOVED DXGI_ERROR_DEVICE_HUNG
[2021.01.20-18.18.05:226][706]LogD3D11RHI: [Aftermath] GDynamicRHI=000002D1EF7800C0, GDX11NVAfterMathEnabled=0, Result=0xFFFFFFFF, bDeviceActive=0
[2021.01.20-18.18.05:226][706]LogWindows: Windows GetLastError: The operation completed successfully. (0)
[2021.01.20-18.18.13:348][707]LogThreadingWindows: Error: Runnable thread RenderThread 1 crashed.
[2021.01.20-18.18.13:348][707]LogOutputDevice: Warning: 

Script Stack (0 frames):

[2021.01.20-18.18.13:348][707]LogWindows: Windows GetLastError: The operation completed successfully. (0)
[2021.01.20-18.18.13:348][707]LogWindows: Error: HandleError re-entered.
[2021.01.20-18.18.13:348][707]LogWindows: FPlatformMisc::RequestExit(1)
[2021.01.20-18.18.13:349][707]LogCore: Engine exit requested (reason: Win RequestExit)
[2021.01.20-18.18.13:349][707]LogOutputDevice: Warning: 

Script Stack (0 frames):

[2021.01.20-18.18.13:351][707]LogStats: FPlatformStackWalk::StackWalkAndDump -  0.002 s
[2021.01.20-18.18.13:351][707]LogOutputDevice: Error: === Handled ensure: ===
[2021.01.20-18.18.13:351][707]LogOutputDevice: Error: 
[2021.01.20-18.18.13:351][707]LogOutputDevice: Error: Ensure condition failed: !IsLocked() [File:D:/Build/++UE4/Sync/Engine/Source/Developer/EditorAnalyticsSession/Private/EditorAnalyticsSession.cpp] [Line: 259]
[2021.01.20-18.18.13:351][707]LogWindows: Error: === Critical error: ===
[2021.01.20-18.18.13:351][707]LogOutputDevice: Error: 
[2021.01.20-18.18.13:351][707]LogWindows: Error: 
[2021.01.20-18.18.13:351][707]LogOutputDevice: Error: Stack: 
[2021.01.20-18.18.13:351][707]LogWindows: Error: Ensure condition failed: !IsLocked() [File:D:/Build/++UE4/Sync/Engine/Source/Developer/EditorAnalyticsSession/Private/EditorAnalyticsSession.cpp] [Line: 259] 
[2021.01.20-18.18.13:351][707]LogOutputDevice: Error: [Callstack] 0x00007ffeef9de7e9 UE4Editor-EditorAnalyticsSession.dll!UnknownFunction []
[2021.01.20-18.18.13:351][707]LogWindows: Error: 
[2021.01.20-18.18.13:351][707]LogOutputDevice: Error: [Callstack] 0x00007ffeef9d6227 UE4Editor-EditorAnalyticsSession.dll!UnknownFunction []
[2021.01.20-18.18.13:351][707]LogWindows: Error: 
[2021.01.20-18.18.13:352][707]LogOutputDevice: Error: [Callstack] 0x00007ffe98c8acea UE4Editor-Engine.dll!UnknownFunction []
[2021.01.20-18.18.13:352][707]LogWindows: Error: 
[2021.01.20-18.18.13:352][707]LogOutputDevice: Error: [Callstack] 0x00007ffe98c76f3e UE4Editor-Engine.dll!UnknownFunction []
[2021.01.20-18.18.13:352][707]LogWindows: Error: 
[2021.01.20-18.18.13:352][707]LogOutputDevice: Error: [Callstack] 0x00007ffeb846a8eb UE4Editor-Core.dll!UnknownFunction []
[2021.01.20-18.18.13:352][707]LogOutputDevice: Error: [Callstack] 0x00007ffeb881c2f6 UE4Editor-Core.dll!UnknownFunction []
[2021.01.20-18.18.13:391][707]LogOutputDevice: Error: [Callstack] 0x00007ffeb881dc6a UE4Editor-Core.dll!UnknownFunction []
[2021.01.20-18.18.13:391][707]LogOutputDevice: Error: [Callstack] 0x00007ffeb85d2c7d UE4Editor-Core.dll!UnknownFunction []
[2021.01.20-18.18.13:391][707]LogOutputDevice: Error: [Callstack] 0x00007ffec0c31635 UE4Editor-RenderCore.dll!UnknownFunction []
[2021.01.20-18.18.13:391][707]LogOutputDevice: Error: [Callstack] 0x00007ffec0c64e75 UE4Editor-RenderCore.dll!UnknownFunction []
[2021.01.20-18.18.13:391][707]LogOutputDevice: Error: [Callstack] 0x00007ffec0cbd5fd UE4Editor-RenderCore.dll!UnknownFunction []
[2021.01.20-18.18.13:391][707]LogOutputDevice: Error: [Callstack] 0x00007ff6b0d5a993 UE4Editor.exe!UnknownFunction []
[2021.01.20-18.18.13:391][707]LogOutputDevice: Error: [Callstack] 0x00007ff6b0d6c3ec UE4Editor.exe!UnknownFunction []
[2021.01.20-18.18.13:391][707]LogOutputDevice: Error: [Callstack] 0x00007ff6b0d6c4ca UE4Editor.exe!UnknownFunction []
[2021.01.20-18.18.13:392][707]LogOutputDevice: Error: [Callstack] 0x00007ff6b0d7ceae UE4Editor.exe!UnknownFunction []
[2021.01.20-18.18.13:392][707]LogOutputDevice: Error: [Callstack] 0x00007ff6b0d7fcbe UE4Editor.exe!UnknownFunction []
[2021.01.20-18.18.13:392][707]LogOutputDevice: Error: [Callstack] 0x00007fff12267034 KERNEL32.DLL!UnknownFunction []
[2021.01.20-18.18.13:392][707]LogOutputDevice: Error: [Callstack] 0x00007fff12e1d0d1 ntdll.dll!UnknownFunction []
[2021.01.20-18.18.13:392][707]LogOutputDevice: Error: 
[2021.01.20-18.18.13:404][707]LogStats:                SubmitErrorReport -  0.000 s
[2021.01.20-18.18.13:404][707]LogStats:                    SendNewReport -  0.000 s
[2021.01.20-18.18.13:405][707]LogStats:             FDebug::EnsureFailed -  0.056 s
[2021.01.20-18.18.13:405][707]LogOutputDevice: Warning: 

Script Stack (0 frames):

[2021.01.20-18.18.13:406][707]LogStats: FPlatformStackWalk::StackWalkAndDump -  0.001 s
[2021.01.20-18.18.13:407][707]LogOutputDevice: Error: === Handled ensure: ===
[2021.01.20-18.18.13:407][707]LogOutputDevice: Error: 
[2021.01.20-18.18.13:407][707]LogOutputDevice: Error: Ensure condition failed: IsLocked() [File:D:/Build/++UE4/Sync/Engine/Source/Developer/EditorAnalyticsSession/Private/EditorAnalyticsSession.cpp] [Line: 370]
[2021.01.20-18.18.13:407][707]LogOutputDevice: Error: 
[2021.01.20-18.18.13:407][707]LogOutputDevice: Error: Stack: 
[2021.01.20-18.18.13:407][707]LogOutputDevice: Error: [Callstack] 0x00007ffeef9de709 UE4Editor-EditorAnalyticsSession.dll!UnknownFunction []
[2021.01.20-18.18.13:407][707]LogOutputDevice: Error: [Callstack] 0x00007ffeef9d759c UE4Editor-EditorAnalyticsSession.dll!UnknownFunction []
[2021.01.20-18.18.13:407][707]LogOutputDevice: Error: [Callstack] 0x00007ffe98c8acf7 UE4Editor-Engine.dll!UnknownFunction []
[2021.01.20-18.18.13:407][707]LogOutputDevice: Error: [Callstack] 0x00007ffe98c76f3e UE4Editor-Engine.dll!UnknownFunction []
[2021.01.20-18.18.13:407][707]LogOutputDevice: Error: [Callstack] 0x00007ffeb846a8eb UE4Editor-Core.dll!UnknownFunction []
[2021.01.20-18.18.13:407][707]LogOutputDevice: Error: [Callstack] 0x00007ffeb881c2f6 UE4Editor-Core.dll!UnknownFunction []
[2021.01.20-18.18.13:407][707]LogOutputDevice: Error: [Callstack] 0x00007ffeb881dc6a UE4Editor-Core.dll!UnknownFunction []
[2021.01.20-18.18.13:407][707]LogOutputDevice: Error: [Callstack] 0x00007ffeb85d2c7d UE4Editor-Core.dll!UnknownFunction []
[2021.01.20-18.18.13:407][707]LogOutputDevice: Error: [Callstack] 0x00007ffec0c31635 UE4Editor-RenderCore.dll!UnknownFunction []
[2021.01.20-18.18.13:408][707]LogOutputDevice: Error: [Callstack] 0x00007ffec0c64e75 UE4Editor-RenderCore.dll!UnknownFunction []
[2021.01.20-18.18.13:408][707]LogOutputDevice: Error: [Callstack] 0x00007ffec0cbd5fd UE4Editor-RenderCore.dll!UnknownFunction []
[2021.01.20-18.18.13:408][707]LogOutputDevice: Error: [Callstack] 0x00007ff6b0d5a993 UE4Editor.exe!UnknownFunction []
[2021.01.20-18.18.13:408][707]LogOutputDevice: Error: [Callstack] 0x00007ff6b0d6c3ec UE4Editor.exe!UnknownFunction []
[2021.01.20-18.18.13:408][707]LogOutputDevice: Error: [Callstack] 0x00007ff6b0d6c4ca UE4Editor.exe!UnknownFunction []
[2021.01.20-18.18.13:408][707]LogOutputDevice: Error: [Callstack] 0x00007ff6b0d7ceae UE4Editor.exe!UnknownFunction []
[2021.01.20-18.18.13:408][707]LogOutputDevice: Error: [Callstack] 0x00007ff6b0d7fcbe UE4Editor.exe!UnknownFunction []
[2021.01.20-18.18.13:408][707]LogOutputDevice: Error: [Callstack] 0x00007fff12267034 KERNEL32.DLL!UnknownFunction []
[2021.01.20-18.18.13:408][707]LogOutputDevice: Error: [Callstack] 0x00007fff12e1d0d1 ntdll.dll!UnknownFunction []
[2021.01.20-18.18.13:408][707]LogOutputDevice: Error: 
[2021.01.20-18.18.13:417][707]LogStats:                SubmitErrorReport -  0.000 s
[2021.01.20-18.18.13:417][707]LogExit: Executing StaticShutdownAfterError
[2021.01.20-18.18.13:418][707]LogStats:                    SendNewReport -  0.000 s
[2021.01.20-18.18.13:418][707]LogStats:             FDebug::EnsureFailed -  0.013 s
[2021.01.20-18.18.13:418][707]LogOutputDevice: Warning: 

Script Stack (0 frames):

[2021.01.20-18.18.13:419][707]LogStats: FPlatformStackWalk::StackWalkAndDump -  0.001 s
[2021.01.20-18.18.13:419][707]LogOutputDevice: Error: === Handled ensure: ===
[2021.01.20-18.18.13:419][707]LogOutputDevice: Error: 
[2021.01.20-18.18.13:419][707]LogOutputDevice: Error: Ensure condition failed: IsLocked() [File:D:/Build/++UE4/Sync/Engine/Source/Developer/EditorAnalyticsSession/Private/EditorAnalyticsSession.cpp] [Line: 279]
[2021.01.20-18.18.13:419][707]LogOutputDevice: Error: 
[2021.01.20-18.18.13:419][707]LogOutputDevice: Error: Stack: 
[2021.01.20-18.18.13:420][707]LogOutputDevice: Error: [Callstack] 0x00007ffeef9de629 UE4Editor-EditorAnalyticsSession.dll!UnknownFunction []
[2021.01.20-18.18.13:420][707]LogOutputDevice: Error: [Callstack] 0x00007ffeef9d9835 UE4Editor-EditorAnalyticsSession.dll!UnknownFunction []
[2021.01.20-18.18.13:420][707]LogOutputDevice: Error: [Callstack] 0x00007ffe98c8acfd UE4Editor-Engine.dll!UnknownFunction []
[2021.01.20-18.18.13:420][707]LogOutputDevice: Error: [Callstack] 0x00007ffe98c76f3e UE4Editor-Engine.dll!UnknownFunction []
[2021.01.20-18.18.13:420][707]LogOutputDevice: Error: [Callstack] 0x00007ffeb846a8eb UE4Editor-Core.dll!UnknownFunction []
[2021.01.20-18.18.13:420][707]LogOutputDevice: Error: [Callstack] 0x00007ffeb881c2f6 UE4Editor-Core.dll!UnknownFunction []
[2021.01.20-18.18.13:420][707]LogOutputDevice: Error: [Callstack] 0x00007ffeb881dc6a UE4Editor-Core.dll!UnknownFunction []
[2021.01.20-18.18.13:420][707]LogOutputDevice: Error: [Callstack] 0x00007ffeb85d2c7d UE4Editor-Core.dll!UnknownFunction []
[2021.01.20-18.18.13:420][707]LogOutputDevice: Error: [Callstack] 0x00007ffec0c31635 UE4Editor-RenderCore.dll!UnknownFunction []
[2021.01.20-18.18.13:420][707]LogOutputDevice: Error: [Callstack] 0x00007ffec0c64e75 UE4Editor-RenderCore.dll!UnknownFunction []
[2021.01.20-18.18.13:420][707]LogOutputDevice: Error: [Callstack] 0x00007ffec0cbd5fd UE4Editor-RenderCore.dll!UnknownFunction []
[2021.01.20-18.18.13:420][707]LogOutputDevice: Error: [Callstack] 0x00007ff6b0d5a993 UE4Editor.exe!UnknownFunction []
[2021.01.20-18.18.13:420][707]LogOutputDevice: Error: [Callstack] 0x00007ff6b0d6c3ec UE4Editor.exe!UnknownFunction []
[2021.01.20-18.18.13:420][707]LogOutputDevice: Error: [Callstack] 0x00007ff6b0d6c4ca UE4Editor.exe!UnknownFunction []
[2021.01.20-18.18.13:420][707]LogOutputDevice: Error: [Callstack] 0x00007ff6b0d7ceae UE4Editor.exe!UnknownFunction []
[2021.01.20-18.18.13:420][707]LogOutputDevice: Error: [Callstack] 0x00007ff6b0d7fcbe UE4Editor.exe!UnknownFunction []
[2021.01.20-18.18.13:420][707]LogOutputDevice: Error: [Callstack] 0x00007fff12267034 KERNEL32.DLL!UnknownFunction []
[2021.01.20-18.18.13:421][707]LogOutputDevice: Error: [Callstack] 0x00007fff12e1d0d1 ntdll.dll!UnknownFunction []
[2021.01.20-18.18.13:421][707]LogOutputDevice: Error: 
[2021.01.20-18.18.13:430][707]LogWindows: FPlatformMisc::RequestExit(1)
[2021.01.20-18.18.13:430][707]LogCore: Engine exit requested (reason: Win RequestExit; note: exit was already requested)
[2021.01.20-18.18.13:430][707]LogStats:                SubmitErrorReport -  0.000 s
[2021.01.20-18.18.13:430][707]LogStats:                    SendNewReport -  0.000 s
[2021.01.20-18.18.13:431][707]LogStats:             FDebug::EnsureFailed -  0.013 s
[2021.01.20-18.18.13:443][707]Log file closed, 01/20/21 13:18:13
