Log file open, 01/17/21 18:01:10
LogWindows: Failed to load 'aqProf.dll' (GetLastError=126)
LogWindows: File 'aqProf.dll' does not exist
LogWindows: Failed to load 'VtuneApi.dll' (GetLastError=126)
LogWindows: File 'VtuneApi.dll' does not exist
LogWindows: Failed to load 'VtuneApi32e.dll' (GetLastError=126)
LogWindows: File 'VtuneApi32e.dll' does not exist
LogConsoleResponse: Display: Failed to find resolution value strings in scalability ini. Falling back to default.
LogInit: Display: Running engine for game: BunnyGirlSavesWorld
LogPlatformFile: Not using cached read wrapper
LogTaskGraph: Started task graph with 5 named threads and 23 total threads with 3 sets of task threads.
LogStats: Stats thread started at 0.384916
LogD3D11RHI: Loaded GFSDK_Aftermath_Lib.x64.dll
LogICUInternationalization: ICU TimeZone Detection - Raw Offset: -5:00, Platform Override: ''
LogPluginManager: Mounting plugin Paper2D
LogPluginManager: Mounting plugin AISupport
LogPluginManager: Mounting plugin LightPropagationVolume
LogPluginManager: Mounting plugin ActorLayerUtilities
LogPluginManager: Mounting plugin AnimationSharing
LogPluginManager: Mounting plugin CLionSourceCodeAccess
LogPluginManager: Mounting plugin CodeLiteSourceCodeAccess
LogPluginManager: Mounting plugin GitSourceControl
LogPluginManager: Mounting plugin KDevelopSourceCodeAccess
LogPluginManager: Mounting plugin NullSourceCodeAccess
LogPluginManager: Mounting plugin PerforceSourceControl
LogPluginManager: Mounting plugin PlasticSourceControl
LogPluginManager: Mounting plugin SubversionSourceControl
LogPluginManager: Mounting plugin UObjectPlugin
LogPluginManager: Mounting plugin VisualStudioCodeSourceCodeAccess
LogPluginManager: Mounting plugin VisualStudioSourceCodeAccess
LogPluginManager: Mounting plugin XCodeSourceCodeAccess
LogPluginManager: Mounting plugin AssetManagerEditor
LogPluginManager: Mounting plugin CryptoKeys
LogPluginManager: Mounting plugin CurveEditorTools
LogPluginManager: Mounting plugin DataValidation
LogPluginManager: Mounting plugin FacialAnimation
LogPluginManager: Mounting plugin GameplayTagsEditor
LogPluginManager: Mounting plugin MacGraphicsSwitching
LogPluginManager: Mounting plugin MaterialAnalyzer
LogPluginManager: Mounting plugin MobileLauncherProfileWizard
LogPluginManager: Mounting plugin PluginBrowser
LogPluginManager: Mounting plugin SpeedTreeImporter
LogPluginManager: Mounting plugin DatasmithContent
LogPluginManager: Mounting plugin VariantManagerContent
LogPluginManager: Mounting plugin AlembicImporter
LogPluginManager: Mounting plugin AutomationUtils
LogPluginManager: Mounting plugin BackChannel
LogPluginManager: Mounting plugin CharacterAI
LogPluginManager: Mounting plugin GeometryCache
LogPluginManager: Mounting plugin PlatformCrypto
LogPluginManager: Mounting plugin ProxyLODPlugin
LogPluginManager: Mounting plugin SkeletalReduction
LogPluginManager: Mounting plugin MagicLeap
LogPluginManager: Mounting plugin MagicLeapMedia
LogPluginManager: Mounting plugin MLSDK
LogPluginManager: Mounting plugin AndroidMedia
LogPluginManager: Mounting plugin AvfMedia
LogPluginManager: Mounting plugin ImgMedia
LogPluginManager: Mounting plugin MediaCompositing
LogPluginManager: Mounting plugin MediaPlayerEditor
LogPluginManager: Mounting plugin WebMMedia
LogPluginManager: Mounting plugin WmfMedia
LogPluginManager: Mounting plugin TcpMessaging
LogPluginManager: Mounting plugin UdpMessaging
LogPluginManager: Mounting plugin ActorSequence
LogPluginManager: Mounting plugin LevelSequenceEditor
LogPluginManager: Mounting plugin MatineeToLevelSequence
LogPluginManager: Mounting plugin NetcodeUnitTest
LogPluginManager: Mounting plugin NUTUnrealEngine4
LogPluginManager: Mounting plugin OnlineSubsystemGooglePlay
LogPluginManager: Mounting plugin OnlineSubsystemIOS
LogPluginManager: Mounting plugin OnlineSubsystem
LogPluginManager: Mounting plugin OnlineSubsystemNull
LogPluginManager: Mounting plugin OnlineSubsystemUtils
LogPluginManager: Mounting plugin LauncherChunkInstaller
LogPluginManager: Mounting plugin AndroidDeviceProfileSelector
LogPluginManager: Mounting plugin AndroidMoviePlayer
LogPluginManager: Mounting plugin AndroidPermission
LogPluginManager: Mounting plugin AppleImageUtils
LogPluginManager: Mounting plugin AppleMoviePlayer
LogPluginManager: Mounting plugin ArchVisCharacter
LogPluginManager: Mounting plugin AssetTags
LogPluginManager: Mounting plugin AudioCapture
LogPluginManager: Mounting plugin CableComponent
LogPluginManager: Mounting plugin CustomMeshComponent
LogPluginManager: Mounting plugin EditableMesh
LogPluginManager: Mounting plugin ExampleDeviceProfileSelector
LogPluginManager: Mounting plugin GoogleCloudMessaging
LogPluginManager: Mounting plugin IOSDeviceProfileSelector
LogPluginManager: Mounting plugin LinuxDeviceProfileSelector
LogPluginManager: Mounting plugin LocationServicesBPLibrary
LogPluginManager: Mounting plugin MobilePatchingUtils
LogPluginManager: Mounting plugin OculusVR
LogPluginManager: Mounting plugin PhysXVehicles
LogPluginManager: Mounting plugin PostSplashScreen
LogPluginManager: Mounting plugin ProceduralMeshComponent
LogPluginManager: Mounting plugin RuntimePhysXCooking
LogPluginManager: Mounting plugin SignificanceManager
LogPluginManager: Mounting plugin SteamVR
LogPluginManager: Mounting plugin WebMMoviePlayer
LogPluginManager: Mounting plugin WindowsMoviePlayer
LogPluginManager: Mounting plugin ScreenshotTools
LogInit: Using libcurl 7.55.1-DEV
LogInit:  - built for x86_64-pc-win32
LogInit:  - supports SSL with OpenSSL/1.1.1
LogInit:  - supports HTTP deflate (compression) using libz 1.2.8
LogInit:  - other features:
LogInit:      CURL_VERSION_SSL
LogInit:      CURL_VERSION_LIBZ
LogInit:      CURL_VERSION_IPV6
LogInit:      CURL_VERSION_ASYNCHDNS
LogInit:      CURL_VERSION_LARGEFILE
LogInit:      CURL_VERSION_IDN
LogInit:  CurlRequestOptions (configurable via config and command line):
LogInit:  - bVerifyPeer = true  - Libcurl will verify peer certificate
LogInit:  - bUseHttpProxy = false  - Libcurl will NOT use HTTP proxy
LogInit:  - bDontReuseConnections = false  - Libcurl will reuse connections
LogInit:  - MaxHostConnections = 16  - Libcurl will limit the number of connections to a host
LogInit:  - LocalHostAddr = Default
LogInit:  - BufferSize = 65536
LogOnline: OSS: Creating online subsystem instance for: NULL
LogInit: WinSock: version 1.1 (2.2), MaxSocks=32767, MaxUdp=65467
LogOnline: OSS: TryLoadSubsystemAndSetDefault: Loaded subsystem for module [NULL]
LogInit: Build: ++UE4+Release-4.24-CL-11590370
LogInit: Engine Version: 4.24.3-11590370+++UE4+Release-4.24
LogInit: Compatible Engine Version: 4.24.0-10570792+++UE4+Release-4.24
LogInit: Net CL: 10570792
LogInit: OS: Windows 10 (Release 2004) (), CPU: Intel(R) Core(TM) i7-6700HQ CPU @ 2.60GHz, GPU: Intel(R) HD Graphics 530
LogInit: Compiled (64-bit): Feb 24 2020 15:39:18
LogInit: Compiled with Visual C++: 19.16.27032.01
LogInit: Build Configuration: Development
LogInit: Branch Name: ++UE4+Release-4.24
LogInit: Command Line: 
LogInit: Base Directory: D:/Steam/Epic Games Launcher/UE_4.24/Engine/Binaries/Win64/
LogInit: Installed Engine Build: 1
LogDevObjectVersion: Number of dev versions registered: 25
LogDevObjectVersion:   Dev-Blueprints (B0D832E4-1F89-4F0D-ACCF-7EB736FD4AA2): 10
LogDevObjectVersion:   Dev-Build (E1C64328-A22C-4D53-A36C-8E866417BD8C): 0
LogDevObjectVersion:   Dev-Core (375EC13C-06E4-48FB-B500-84F0262A717E): 3
LogDevObjectVersion:   Dev-Editor (E4B068ED-F494-42E9-A231-DA0B2E46BB41): 37
LogDevObjectVersion:   Dev-Framework (CFFC743F-43B0-4480-9391-14DF171D2073): 36
LogDevObjectVersion:   Dev-Mobile (B02B49B5-BB20-44E9-A304-32B752E40360): 2
LogDevObjectVersion:   Dev-Networking (A4E4105C-59A1-49B5-A7C5-40C4547EDFEE): 0
LogDevObjectVersion:   Dev-Online (39C831C9-5AE6-47DC-9A44-9C173E1C8E7C): 0
LogDevObjectVersion:   Dev-Physics (78F01B33-EBEA-4F98-B9B4-84EACCB95AA2): 2
LogDevObjectVersion:   Dev-Platform (6631380F-2D4D-43E0-8009-CF276956A95A): 0
LogDevObjectVersion:   Dev-Rendering (12F88B9F-8875-4AFC-A67C-D90C383ABD29): 36
LogDevObjectVersion:   Dev-Sequencer (7B5AE74C-D270-4C10-A958-57980B212A5A): 11
LogDevObjectVersion:   Dev-VR (D7296918-1DD6-4BDD-9DE2-64A83CC13884): 2
LogDevObjectVersion:   Dev-LoadTimes (C2A15278-BFE7-4AFE-6C17-90FF531DF755): 1
LogDevObjectVersion:   Private-Geometry (6EACA3D4-40EC-4CC1-B786-8BED09428FC5): 3
LogDevObjectVersion:   Dev-AnimPhys (29E575DD-E0A3-4627-9D10-D276232CDCEA): 17
LogDevObjectVersion:   Dev-Anim (AF43A65D-7FD3-4947-9873-3E8ED9C1BB05): 2
LogDevObjectVersion:   Dev-ReflectionCapture (6B266CEC-1EC7-4B8F-A30B-E4D90942FC07): 1
LogDevObjectVersion:   Dev-Automation (0DF73D61-A23F-47EA-B727-89E90C41499A): 1
LogDevObjectVersion:   FortniteMain (601D1886-AC64-4F84-AA16-D3DE0DEAC7D6): 31
LogDevObjectVersion:   Dev-Enterprise (9DFFBCD6-494F-0158-E221-12823C92A888): 8
LogDevObjectVersion:   Dev-Niagara (F2AED0AC-9AFE-416F-8664-AA7FFA26D6FC): 1
LogDevObjectVersion:   Dev-Destruction (174F1F0B-B4C6-45A5-B13F-2EE8D0FB917D): 9
LogDevObjectVersion:   Dev-Physics-Ext (35F94A83-E258-406C-A318-09F59610247C): 8
LogDevObjectVersion:   Dev-CineCamera (B2E18506-4273-CFC2-A54E-F4BB758BBA07): 1
LogInit: Presizing for max 25165824 objects, including 0 objects not considered by GC, pre-allocating 0 bytes for permanent pool.
LogInit: Object subsystem initialized
LogConfig: Setting CVar [[con.DebugEarlyDefault:1]]
LogConfig: Setting CVar [[r.setres:1280x720]]
[2021.01.17-23.01.10:965][  0]LogConfig: Setting CVar [[r.VSync:0]]
[2021.01.17-23.01.10:966][  0]LogConfig: Setting CVar [[r.RHICmdBypass:0]]
[2021.01.17-23.01.10:966][  0]LogConfig: Applying CVar settings from Section [/Script/Engine.RendererSettings] File [C:/Users/Alexander Coelho/Documents/Unreal Projects/BunnyGirlSavesWorld/Saved/Config/Windows/Engine.ini]
[2021.01.17-23.01.10:966][  0]LogConfig: Setting CVar [[r.GPUCrashDebugging:0]]
[2021.01.17-23.01.10:966][  0]LogConfig: Setting CVar [[r.MobileHDR:1]]
[2021.01.17-23.01.10:966][  0]LogConfig: Setting CVar [[r.Mobile.DisableVertexFog:1]]
[2021.01.17-23.01.10:966][  0]LogConfig: Setting CVar [[r.Shadow.CSM.MaxMobileCascades:2]]
[2021.01.17-23.01.10:966][  0]LogConfig: Setting CVar [[r.MobileMSAA:1]]
[2021.01.17-23.01.10:966][  0]LogConfig: Setting CVar [[r.Mobile.UseLegacyShadingModel:0]]
[2021.01.17-23.01.10:966][  0]LogConfig: Setting CVar [[r.Mobile.UseHWsRGBEncoding:0]]
[2021.01.17-23.01.10:966][  0]LogConfig: Setting CVar [[r.Mobile.AllowDitheredLODTransition:0]]
[2021.01.17-23.01.10:966][  0]LogConfig: Setting CVar [[r.Mobile.AllowSoftwareOcclusion:0]]
[2021.01.17-23.01.10:966][  0]LogConfig: Setting CVar [[r.DiscardUnusedQuality:0]]
[2021.01.17-23.01.10:967][  0]LogConfig: Setting CVar [[r.AllowOcclusionQueries:1]]
[2021.01.17-23.01.10:967][  0]LogConfig: Setting CVar [[r.MinScreenRadiusForLights:0.030000]]
[2021.01.17-23.01.10:967][  0]LogConfig: Setting CVar [[r.MinScreenRadiusForDepthPrepass:0.030000]]
[2021.01.17-23.01.10:967][  0]LogConfig: Setting CVar [[r.MinScreenRadiusForCSMDepth:0.010000]]
[2021.01.17-23.01.10:967][  0]LogConfig: Setting CVar [[r.PrecomputedVisibilityWarning:0]]
[2021.01.17-23.01.10:967][  0]LogConfig: Setting CVar [[r.TextureStreaming:1]]
[2021.01.17-23.01.10:967][  0]LogConfig: Setting CVar [[Compat.UseDXT5NormalMaps:0]]
[2021.01.17-23.01.10:967][  0]LogConfig: Setting CVar [[r.VirtualTextures:0]]
[2021.01.17-23.01.10:967][  0]LogConfig: Setting CVar [[r.VirtualTexturedLightmaps:0]]
[2021.01.17-23.01.10:967][  0]LogConfig: Setting CVar [[r.VT.TileSize:128]]
[2021.01.17-23.01.10:967][  0]LogConfig: Setting CVar [[r.VT.TileBorderSize:4]]
[2021.01.17-23.01.10:967][  0]LogConfig: Setting CVar [[r.vt.FeedbackFactor:16]]
[2021.01.17-23.01.10:967][  0]LogConfig: Setting CVar [[r.VT.EnableCompressZlib:1]]
[2021.01.17-23.01.10:967][  0]LogConfig: Setting CVar [[r.VT.EnableCompressCrunch:0]]
[2021.01.17-23.01.10:968][  0]LogConfig: Setting CVar [[r.ClearCoatNormal:0]]
[2021.01.17-23.01.10:968][  0]LogConfig: Setting CVar [[r.ReflectionCaptureResolution:128]]
[2021.01.17-23.01.10:968][  0]LogConfig: Setting CVar [[r.ReflectionEnvironmentLightmapMixBasedOnRoughness:1]]
[2021.01.17-23.01.10:968][  0]LogConfig: Setting CVar [[r.ForwardShading:0]]
[2021.01.17-23.01.10:968][  0]LogConfig: Setting CVar [[r.VertexFoggingForOpaque:1]]
[2021.01.17-23.01.10:968][  0]LogConfig: Setting CVar [[r.AllowStaticLighting:1]]
[2021.01.17-23.01.10:968][  0]LogConfig: Setting CVar [[r.NormalMapsForStaticLighting:0]]
[2021.01.17-23.01.10:968][  0]LogConfig: Setting CVar [[r.GenerateMeshDistanceFields:0]]
[2021.01.17-23.01.10:968][  0]LogConfig: Setting CVar [[r.DistanceFieldBuild.EightBit:0]]
[2021.01.17-23.01.10:968][  0]LogConfig: Setting CVar [[r.GenerateLandscapeGIData:0]]
[2021.01.17-23.01.10:968][  0]LogConfig: Setting CVar [[r.DistanceFieldBuild.Compress:0]]
[2021.01.17-23.01.10:968][  0]LogConfig: Setting CVar [[r.TessellationAdaptivePixelsPerTriangle:48.000000]]
[2021.01.17-23.01.10:968][  0]LogConfig: Setting CVar [[r.SeparateTranslucency:1]]
[2021.01.17-23.01.10:968][  0]LogConfig: Setting CVar [[r.TranslucentSortPolicy:0]]
[2021.01.17-23.01.10:969][  0]LogConfig: Setting CVar [[r.CustomDepth:1]]
[2021.01.17-23.01.10:969][  0]LogConfig: Setting CVar [[r.CustomDepthTemporalAAJitter:1]]
[2021.01.17-23.01.10:969][  0]LogConfig: Setting CVar [[r.PostProcessing.PropagateAlpha:0]]
[2021.01.17-23.01.10:969][  0]LogConfig: Setting CVar [[r.DefaultFeature.Bloom:1]]
[2021.01.17-23.01.10:969][  0]LogConfig: Setting CVar [[r.DefaultFeature.AmbientOcclusion:1]]
[2021.01.17-23.01.10:969][  0]LogConfig: Setting CVar [[r.DefaultFeature.AmbientOcclusionStaticFraction:1]]
[2021.01.17-23.01.10:969][  0]LogConfig: Setting CVar [[r.DefaultFeature.AutoExposure:0]]
[2021.01.17-23.01.10:969][  0]LogConfig: Setting CVar [[r.DefaultFeature.AutoExposure.Method:0]]
[2021.01.17-23.01.10:969][  0]LogConfig: Setting CVar [[r.DefaultFeature.AutoExposure.ExtendDefaultLuminanceRange:0]]
[2021.01.17-23.01.10:969][  0]LogConfig: Setting CVar [[r.UsePreExposure:1]]
[2021.01.17-23.01.10:969][  0]LogConfig: Setting CVar [[r.EyeAdaptation.EditorOnly:1]]
[2021.01.17-23.01.10:970][  0]LogConfig: Setting CVar [[r.DefaultFeature.MotionBlur:0]]
[2021.01.17-23.01.10:970][  0]LogConfig: Setting CVar [[r.DefaultFeature.LensFlare:0]]
[2021.01.17-23.01.10:970][  0]LogConfig: Setting CVar [[r.TemporalAA.Upsampling:0]]
[2021.01.17-23.01.10:970][  0]LogConfig: Setting CVar [[r.SSGI.Enable:0]]
[2021.01.17-23.01.10:970][  0]LogConfig: Setting CVar [[r.DefaultFeature.AntiAliasing:0]]
[2021.01.17-23.01.10:970][  0]LogConfig: Setting CVar [[r.DefaultFeature.LightUnits:1]]
[2021.01.17-23.01.10:970][  0]LogConfig: Setting CVar [[r.DefaultBackBufferPixelFormat:4]]
[2021.01.17-23.01.10:970][  0]LogConfig: Setting CVar [[r.Shadow.UnbuiltPreviewInGame:1]]
[2021.01.17-23.01.10:970][  0]LogConfig: Setting CVar [[r.StencilForLODDither:0]]
[2021.01.17-23.01.10:970][  0]LogConfig: Setting CVar [[r.EarlyZPass:3]]
[2021.01.17-23.01.10:970][  0]LogConfig: Setting CVar [[r.EarlyZPassOnlyMaterialMasking:0]]
[2021.01.17-23.01.10:970][  0]LogConfig: Setting CVar [[r.DBuffer:1]]
[2021.01.17-23.01.10:970][  0]LogConfig: Setting CVar [[r.ClearSceneMethod:1]]
[2021.01.17-23.01.10:970][  0]LogConfig: Setting CVar [[r.BasePassOutputsVelocity:0]]
[2021.01.17-23.01.10:970][  0]LogConfig: Setting CVar [[r.SelectiveBasePassOutputs:0]]
[2021.01.17-23.01.10:970][  0]LogConfig: Setting CVar [[fx.GPUSimulationTextureSizeX:1024]]
[2021.01.17-23.01.10:970][  0]LogConfig: Setting CVar [[fx.GPUSimulationTextureSizeY:1024]]
[2021.01.17-23.01.10:970][  0]LogConfig: Setting CVar [[r.AllowGlobalClipPlane:0]]
[2021.01.17-23.01.10:970][  0]LogConfig: Setting CVar [[r.GBufferFormat:1]]
[2021.01.17-23.01.10:972][  0]LogConfig: Setting CVar [[r.MorphTarget.Mode:1]]
[2021.01.17-23.01.10:972][  0]LogConfig: Setting CVar [[vr.InstancedStereo:0]]
[2021.01.17-23.01.10:972][  0]LogConfig: Setting CVar [[vr.MultiView:0]]
[2021.01.17-23.01.10:972][  0]LogConfig: Setting CVar [[vr.MobileMultiView:0]]
[2021.01.17-23.01.10:972][  0]LogConfig: Setting CVar [[vr.MobileMultiView.Direct:0]]
[2021.01.17-23.01.10:972][  0]LogConfig: Setting CVar [[vr.RoundRobinOcclusion:0]]
[2021.01.17-23.01.10:972][  0]LogConfig: Setting CVar [[vr.ODSCapture:0]]
[2021.01.17-23.01.10:972][  0]LogConfig: Setting CVar [[r.WireframeCullThreshold:5.000000]]
[2021.01.17-23.01.10:972][  0]LogConfig: Setting CVar [[r.RayTracing:0]]
[2021.01.17-23.01.10:972][  0]LogConfig: Setting CVar [[r.RayTracing.UseTextureLod:0]]
[2021.01.17-23.01.10:972][  0]LogConfig: Setting CVar [[r.SupportStationarySkylight:1]]
[2021.01.17-23.01.10:972][  0]LogConfig: Setting CVar [[r.SupportLowQualityLightmaps:1]]
[2021.01.17-23.01.10:972][  0]LogConfig: Setting CVar [[r.SupportPointLightWholeSceneShadows:1]]
[2021.01.17-23.01.10:972][  0]LogConfig: Setting CVar [[r.SupportAtmosphericFog:1]]
[2021.01.17-23.01.10:972][  0]LogConfig: Setting CVar [[r.SupportSkyAtmosphere:1]]
[2021.01.17-23.01.10:972][  0]LogConfig: Setting CVar [[r.SupportSkyAtmosphereAffectsHeightFog:0]]
[2021.01.17-23.01.10:972][  0]LogConfig: Setting CVar [[r.SkinCache.CompileShaders:0]]
[2021.01.17-23.01.10:972][  0]LogConfig: Setting CVar [[r.Mobile.EnableStaticAndCSMShadowReceivers:1]]
[2021.01.17-23.01.10:973][  0]LogConfig: Setting CVar [[r.Mobile.EnableMovableLightCSMShaderCulling:1]]
[2021.01.17-23.01.10:973][  0]LogConfig: Setting CVar [[r.Mobile.AllowDistanceFieldShadows:1]]
[2021.01.17-23.01.10:973][  0]LogConfig: Setting CVar [[r.Mobile.AllowMovableDirectionalLights:1]]
[2021.01.17-23.01.10:973][  0]LogConfig: Setting CVar [[r.MobileNumDynamicPointLights:4]]
[2021.01.17-23.01.10:973][  0]LogConfig: Setting CVar [[r.MobileDynamicPointLightsUseStaticBranch:1]]
[2021.01.17-23.01.10:973][  0]LogConfig: Setting CVar [[r.Mobile.EnableMovableSpotlights:0]]
[2021.01.17-23.01.10:974][  0]LogConfig: Setting CVar [[r.SkinCache.SceneMemoryLimitInMB:128.000000]]
[2021.01.17-23.01.10:974][  0]LogConfig: Setting CVar [[r.GPUSkin.Limit2BoneInfluences:0]]
[2021.01.17-23.01.10:974][  0]LogConfig: Setting CVar [[r.SupportDepthOnlyIndexBuffers:1]]
[2021.01.17-23.01.10:974][  0]LogConfig: Setting CVar [[r.SupportReversedIndexBuffers:1]]
[2021.01.17-23.01.10:974][  0]LogConfig: Setting CVar [[r.SupportMaterialLayers:0]]
[2021.01.17-23.01.10:974][  0]LogConfig: Setting CVar [[r.LightPropagationVolume:0]]
[2021.01.17-23.01.10:974][  0]LogConfig: Applying CVar settings from Section [/Script/Engine.RendererOverrideSettings] File [C:/Users/Alexander Coelho/Documents/Unreal Projects/BunnyGirlSavesWorld/Saved/Config/Windows/Engine.ini]
[2021.01.17-23.01.10:974][  0]LogConfig: Applying CVar settings from Section [/Script/Engine.StreamingSettings] File [C:/Users/Alexander Coelho/Documents/Unreal Projects/BunnyGirlSavesWorld/Saved/Config/Windows/Engine.ini]
[2021.01.17-23.01.10:975][  0]LogConfig: Setting CVar [[s.MinBulkDataSizeForAsyncLoading:131072]]
[2021.01.17-23.01.10:975][  0]LogConfig: Setting CVar [[s.AsyncLoadingThreadEnabled:0]]
[2021.01.17-23.01.10:975][  0]LogConfig: Setting CVar [[s.EventDrivenLoaderEnabled:1]]
[2021.01.17-23.01.10:975][  0]LogConfig: Setting CVar [[s.WarnIfTimeLimitExceeded:0]]
[2021.01.17-23.01.10:975][  0]LogConfig: Setting CVar [[s.TimeLimitExceededMultiplier:1.5]]
[2021.01.17-23.01.10:975][  0]LogConfig: Setting CVar [[s.TimeLimitExceededMinTime:0.005]]
[2021.01.17-23.01.10:975][  0]LogConfig: Setting CVar [[s.UseBackgroundLevelStreaming:1]]
[2021.01.17-23.01.10:975][  0]LogConfig: Setting CVar [[s.PriorityAsyncLoadingExtraTime:15.0]]
[2021.01.17-23.01.10:976][  0]LogConfig: Setting CVar [[s.LevelStreamingActorsUpdateTimeLimit:5.0]]
[2021.01.17-23.01.10:976][  0]LogConfig: Setting CVar [[s.PriorityLevelStreamingActorsUpdateExtraTime:5.0]]
[2021.01.17-23.01.10:976][  0]LogConfig: Setting CVar [[s.LevelStreamingComponentsRegistrationGranularity:10]]
[2021.01.17-23.01.10:976][  0]LogConfig: Setting CVar [[s.UnregisterComponentsTimeLimit:1.0]]
[2021.01.17-23.01.10:976][  0]LogConfig: Setting CVar [[s.LevelStreamingComponentsUnregistrationGranularity:5]]
[2021.01.17-23.01.10:976][  0]LogConfig: Setting CVar [[s.FlushStreamingOnExit:1]]
[2021.01.17-23.01.10:976][  0]LogConfig: Applying CVar settings from Section [/Script/Engine.GarbageCollectionSettings] File [C:/Users/Alexander Coelho/Documents/Unreal Projects/BunnyGirlSavesWorld/Saved/Config/Windows/Engine.ini]
[2021.01.17-23.01.10:977][  0]LogConfig: Setting CVar [[gc.MaxObjectsNotConsideredByGC:1]]
[2021.01.17-23.01.10:977][  0]LogConfig: Setting CVar [[gc.SizeOfPermanentObjectPool:0]]
[2021.01.17-23.01.10:977][  0]LogConfig: Setting CVar [[gc.FlushStreamingOnGC:0]]
[2021.01.17-23.01.10:977][  0]LogConfig: Setting CVar [[gc.NumRetriesBeforeForcingGC:10]]
[2021.01.17-23.01.10:977][  0]LogConfig: Setting CVar [[gc.AllowParallelGC:1]]
[2021.01.17-23.01.10:977][  0]LogConfig: Setting CVar [[gc.TimeBetweenPurgingPendingKillObjects:61.1]]
[2021.01.17-23.01.10:977][  0]LogConfig: Setting CVar [[gc.MaxObjectsInEditor:25165824]]
[2021.01.17-23.01.10:977][  0]LogConfig: Setting CVar [[gc.IncrementalBeginDestroyEnabled:1]]
[2021.01.17-23.01.10:977][  0]LogConfig: Setting CVar [[gc.CreateGCClusters:1]]
[2021.01.17-23.01.10:978][  0]LogConfig: Setting CVar [[gc.MinGCClusterSize:5]]
[2021.01.17-23.01.10:978][  0]LogConfig: Setting CVar [[gc.ActorClusteringEnabled:0]]
[2021.01.17-23.01.10:978][  0]LogConfig: Setting CVar [[gc.BlueprintClusteringEnabled:0]]
[2021.01.17-23.01.10:978][  0]LogConfig: Setting CVar [[gc.UseDisregardForGCOnDedicatedServers:0]]
[2021.01.17-23.01.10:978][  0]LogConfig: Applying CVar settings from Section [/Script/Engine.NetworkSettings] File [C:/Users/Alexander Coelho/Documents/Unreal Projects/BunnyGirlSavesWorld/Saved/Config/Windows/Engine.ini]
[2021.01.17-23.01.10:978][  0]LogConfig: Applying CVar settings from Section [/Script/UnrealEd.CookerSettings] File [C:/Users/Alexander Coelho/Documents/Unreal Projects/BunnyGirlSavesWorld/Saved/Config/Windows/Engine.ini]
[2021.01.17-23.01.10:990][  0]LogConfig: Applying CVar settings from Section [ViewDistanceQuality@3] File [C:/Users/Alexander Coelho/Documents/Unreal Projects/BunnyGirlSavesWorld/Saved/Config/Windows/Scalability.ini]
[2021.01.17-23.01.10:990][  0]LogConfig: Setting CVar [[r.SkeletalMeshLODBias:0]]
[2021.01.17-23.01.10:990][  0]LogConfig: Setting CVar [[r.ViewDistanceScale:1.0]]
[2021.01.17-23.01.10:990][  0]LogConfig: Applying CVar settings from Section [AntiAliasingQuality@3] File [C:/Users/Alexander Coelho/Documents/Unreal Projects/BunnyGirlSavesWorld/Saved/Config/Windows/Scalability.ini]
[2021.01.17-23.01.10:990][  0]LogConfig: Setting CVar [[r.PostProcessAAQuality:4]]
[2021.01.17-23.01.10:990][  0]LogConfig: Applying CVar settings from Section [ShadowQuality@3] File [C:/Users/Alexander Coelho/Documents/Unreal Projects/BunnyGirlSavesWorld/Saved/Config/Windows/Scalability.ini]
[2021.01.17-23.01.10:991][  0]LogConfig: Setting CVar [[r.LightFunctionQuality:1]]
[2021.01.17-23.01.10:991][  0]LogConfig: Setting CVar [[r.ShadowQuality:5]]
[2021.01.17-23.01.10:991][  0]LogConfig: Setting CVar [[r.Shadow.CSM.MaxCascades:10]]
[2021.01.17-23.01.10:991][  0]LogConfig: Setting CVar [[r.Shadow.MaxResolution:2048]]
[2021.01.17-23.01.10:991][  0]LogConfig: Setting CVar [[r.Shadow.MaxCSMResolution:2048]]
[2021.01.17-23.01.10:991][  0]LogConfig: Setting CVar [[r.Shadow.RadiusThreshold:0.01]]
[2021.01.17-23.01.10:991][  0]LogConfig: Setting CVar [[r.Shadow.DistanceScale:1.0]]
[2021.01.17-23.01.10:991][  0]LogConfig: Setting CVar [[r.Shadow.CSM.TransitionScale:1.0]]
[2021.01.17-23.01.10:991][  0]LogConfig: Setting CVar [[r.Shadow.PreShadowResolutionFactor:1.0]]
[2021.01.17-23.01.10:992][  0]LogConfig: Setting CVar [[r.DistanceFieldShadowing:1]]
[2021.01.17-23.01.10:992][  0]LogConfig: Setting CVar [[r.DistanceFieldAO:1]]
[2021.01.17-23.01.10:992][  0]LogConfig: Setting CVar [[r.AOQuality:2]]
[2021.01.17-23.01.10:992][  0]LogConfig: Setting CVar [[r.VolumetricFog:1]]
[2021.01.17-23.01.10:992][  0]LogConfig: Setting CVar [[r.VolumetricFog.GridPixelSize:8]]
[2021.01.17-23.01.10:992][  0]LogConfig: Setting CVar [[r.VolumetricFog.GridSizeZ:128]]
[2021.01.17-23.01.10:992][  0]LogConfig: Setting CVar [[r.VolumetricFog.HistoryMissSupersampleCount:4]]
[2021.01.17-23.01.10:992][  0]LogConfig: Setting CVar [[r.LightMaxDrawDistanceScale:1]]
[2021.01.17-23.01.10:992][  0]LogConfig: Setting CVar [[r.CapsuleShadows:1]]
[2021.01.17-23.01.10:993][  0]LogConfig: Applying CVar settings from Section [PostProcessQuality@3] File [C:/Users/Alexander Coelho/Documents/Unreal Projects/BunnyGirlSavesWorld/Saved/Config/Windows/Scalability.ini]
[2021.01.17-23.01.10:993][  0]LogConfig: Setting CVar [[r.MotionBlurQuality:4]]
[2021.01.17-23.01.10:993][  0]LogConfig: Setting CVar [[r.AmbientOcclusionMipLevelFactor:0.4]]
[2021.01.17-23.01.10:993][  0]LogConfig: Setting CVar [[r.AmbientOcclusionMaxQuality:100]]
[2021.01.17-23.01.10:993][  0]LogConfig: Setting CVar [[r.AmbientOcclusionLevels:-1]]
[2021.01.17-23.01.10:993][  0]LogConfig: Setting CVar [[r.AmbientOcclusionRadiusScale:1.0]]
[2021.01.17-23.01.10:993][  0]LogConfig: Setting CVar [[r.DepthOfFieldQuality:2]]
[2021.01.17-23.01.10:993][  0]LogConfig: Setting CVar [[r.RenderTargetPoolMin:400]]
[2021.01.17-23.01.10:994][  0]LogConfig: Setting CVar [[r.LensFlareQuality:2]]
[2021.01.17-23.01.10:994][  0]LogConfig: Setting CVar [[r.SceneColorFringeQuality:1]]
[2021.01.17-23.01.10:994][  0]LogConfig: Setting CVar [[r.EyeAdaptationQuality:2]]
[2021.01.17-23.01.10:994][  0]LogConfig: Setting CVar [[r.BloomQuality:5]]
[2021.01.17-23.01.10:994][  0]LogConfig: Setting CVar [[r.FastBlurThreshold:100]]
[2021.01.17-23.01.10:994][  0]LogConfig: Setting CVar [[r.Upscale.Quality:3]]
[2021.01.17-23.01.10:994][  0]LogConfig: Setting CVar [[r.Tonemapper.GrainQuantization:1]]
[2021.01.17-23.01.10:994][  0]LogConfig: Setting CVar [[r.LightShaftQuality:1]]
[2021.01.17-23.01.10:994][  0]LogConfig: Setting CVar [[r.Filter.SizeScale:1]]
[2021.01.17-23.01.10:995][  0]LogConfig: Setting CVar [[r.Tonemapper.Quality:5]]
[2021.01.17-23.01.10:995][  0]LogConfig: Setting CVar [[r.DOF.Gather.AccumulatorQuality:1        ; higher gathering accumulator quality]]
[2021.01.17-23.01.10:995][  0]LogConfig: Setting CVar [[r.DOF.Gather.PostfilterMethod:1          ; Median3x3 postfilering method]]
[2021.01.17-23.01.10:995][  0]LogConfig: Setting CVar [[r.DOF.Gather.EnableBokehSettings:0       ; no bokeh simulation when gathering]]
[2021.01.17-23.01.10:995][  0]LogConfig: Setting CVar [[r.DOF.Gather.RingCount:4                 ; medium number of samples when gathering]]
[2021.01.17-23.01.10:995][  0]LogConfig: Setting CVar [[r.DOF.Scatter.ForegroundCompositing:1    ; additive foreground scattering]]
[2021.01.17-23.01.10:995][  0]LogConfig: Setting CVar [[r.DOF.Scatter.BackgroundCompositing:2    ; additive background scattering]]
[2021.01.17-23.01.10:995][  0]LogConfig: Setting CVar [[r.DOF.Scatter.EnableBokehSettings:1      ; bokeh simulation when scattering]]
[2021.01.17-23.01.10:995][  0]LogConfig: Setting CVar [[r.DOF.Scatter.MaxSpriteRatio:0.1         ; only a maximum of 10% of scattered bokeh]]
[2021.01.17-23.01.10:996][  0]LogConfig: Setting CVar [[r.DOF.Recombine.Quality:1                ; cheap slight out of focus]]
[2021.01.17-23.01.10:996][  0]LogConfig: Setting CVar [[r.DOF.Recombine.EnableBokehSettings:0    ; no bokeh simulation on slight out of focus]]
[2021.01.17-23.01.10:996][  0]LogConfig: Setting CVar [[r.DOF.TemporalAAQuality:1                ; more stable temporal accumulation]]
[2021.01.17-23.01.10:996][  0]LogConfig: Setting CVar [[r.DOF.Kernel.MaxForegroundRadius:0.025]]
[2021.01.17-23.01.10:996][  0]LogConfig: Setting CVar [[r.DOF.Kernel.MaxBackgroundRadius:0.025]]
[2021.01.17-23.01.10:996][  0]LogConfig: Applying CVar settings from Section [TextureQuality@3] File [C:/Users/Alexander Coelho/Documents/Unreal Projects/BunnyGirlSavesWorld/Saved/Config/Windows/Scalability.ini]
[2021.01.17-23.01.10:997][  0]LogConfig: Setting CVar [[r.Streaming.MipBias:0]]
[2021.01.17-23.01.10:997][  0]LogConfig: Setting CVar [[r.Streaming.AmortizeCPUToGPUCopy:0]]
[2021.01.17-23.01.10:997][  0]LogConfig: Setting CVar [[r.Streaming.MaxNumTexturesToStreamPerFrame:0]]
[2021.01.17-23.01.10:997][  0]LogConfig: Setting CVar [[r.Streaming.Boost:1]]
[2021.01.17-23.01.10:997][  0]LogConfig: Setting CVar [[r.MaxAnisotropy:8]]
[2021.01.17-23.01.10:997][  0]LogConfig: Setting CVar [[r.VT.MaxAnisotropy:8]]
[2021.01.17-23.01.10:997][  0]LogConfig: Setting CVar [[r.Streaming.LimitPoolSizeToVRAM:0]]
[2021.01.17-23.01.10:998][  0]LogConfig: Setting CVar [[r.Streaming.PoolSize:1000]]
[2021.01.17-23.01.10:998][  0]LogConfig: Setting CVar [[r.Streaming.MaxEffectiveScreenSize:0]]
[2021.01.17-23.01.10:998][  0]LogConfig: Applying CVar settings from Section [EffectsQuality@3] File [C:/Users/Alexander Coelho/Documents/Unreal Projects/BunnyGirlSavesWorld/Saved/Config/Windows/Scalability.ini]
[2021.01.17-23.01.10:998][  0]LogConfig: Setting CVar [[r.TranslucencyLightingVolumeDim:64]]
[2021.01.17-23.01.10:998][  0]LogConfig: Setting CVar [[r.RefractionQuality:2]]
[2021.01.17-23.01.10:998][  0]LogConfig: Setting CVar [[r.SSR.Quality:3]]
[2021.01.17-23.01.10:998][  0]LogConfig: Setting CVar [[r.SSR.HalfResSceneColor:0]]
[2021.01.17-23.01.10:998][  0]LogConfig: Setting CVar [[r.SceneColorFormat:4]]
[2021.01.17-23.01.10:998][  0]LogConfig: Setting CVar [[r.DetailMode:2]]
[2021.01.17-23.01.10:998][  0]LogConfig: Setting CVar [[r.TranslucencyVolumeBlur:1]]
[2021.01.17-23.01.10:999][  0]LogConfig: Setting CVar [[r.MaterialQualityLevel:1 ; High quality]]
[2021.01.17-23.01.10:999][  0]LogConfig: Setting CVar [[r.SSS.Scale:1]]
[2021.01.17-23.01.10:999][  0]LogConfig: Setting CVar [[r.SSS.SampleSet:2]]
[2021.01.17-23.01.10:999][  0]LogConfig: Setting CVar [[r.SSS.Quality:1]]
[2021.01.17-23.01.10:999][  0]LogConfig: Setting CVar [[r.SSS.HalfRes:1]]
[2021.01.17-23.01.10:999][  0]LogConfig: Setting CVar [[r.SSGI.Quality:3]]
[2021.01.17-23.01.10:999][  0]LogConfig: Setting CVar [[r.EmitterSpawnRateScale:1.0]]
[2021.01.17-23.01.10:999][  0]LogConfig: Setting CVar [[r.ParticleLightQuality:2]]
[2021.01.17-23.01.11:000][  0]LogConfig: Setting CVar [[r.SkyAtmosphere.AerialPerspectiveLUT.FastApplyOnOpaque:1 ; Always have FastSkyLUT 1 in this case to avoid wrong sky]]
[2021.01.17-23.01.11:000][  0]LogConfig: Setting CVar [[r.SkyAtmosphere.AerialPerspectiveLUT.SampleCountPerSlice:1]]
[2021.01.17-23.01.11:000][  0]LogConfig: Setting CVar [[r.SkyAtmosphere.AerialPerspectiveLUT.DepthResolution:16.0]]
[2021.01.17-23.01.11:000][  0]LogConfig: Setting CVar [[r.SkyAtmosphere.FastSkyLUT:1]]
[2021.01.17-23.01.11:000][  0]LogConfig: Setting CVar [[r.SkyAtmosphere.FastSkyLUT.SampleCountMin:4.0]]
[2021.01.17-23.01.11:000][  0]LogConfig: Setting CVar [[r.SkyAtmosphere.FastSkyLUT.SampleCountMax:32.0]]
[2021.01.17-23.01.11:000][  0]LogConfig: Setting CVar [[r.SkyAtmosphere.SampleCountMin:4.0]]
[2021.01.17-23.01.11:000][  0]LogConfig: Setting CVar [[r.SkyAtmosphere.SampleCountMax:32.0]]
[2021.01.17-23.01.11:000][  0]LogConfig: Setting CVar [[r.SkyAtmosphere.TransmittanceLUT.UseSmallFormat:0]]
[2021.01.17-23.01.11:000][  0]LogConfig: Setting CVar [[r.SkyAtmosphere.TransmittanceLUT.SampleCount:10.0]]
[2021.01.17-23.01.11:001][  0]LogConfig: Setting CVar [[r.SkyAtmosphere.MultiScatteringLUT.SampleCount:15.0]]
[2021.01.17-23.01.11:001][  0]LogConfig: Applying CVar settings from Section [FoliageQuality@3] File [C:/Users/Alexander Coelho/Documents/Unreal Projects/BunnyGirlSavesWorld/Saved/Config/Windows/Scalability.ini]
[2021.01.17-23.01.11:001][  0]LogConfig: Setting CVar [[foliage.DensityScale:1.0]]
[2021.01.17-23.01.11:001][  0]LogConfig: Setting CVar [[grass.DensityScale:1.0]]
[2021.01.17-23.01.11:001][  0]LogConfig: Applying CVar settings from Section [ShadingQuality@3] File [C:/Users/Alexander Coelho/Documents/Unreal Projects/BunnyGirlSavesWorld/Saved/Config/Windows/Scalability.ini]
[2021.01.17-23.01.11:001][  0]LogConfig: Setting CVar [[r.HairStrands.SkyLighting.SampleCount:16]]
[2021.01.17-23.01.11:001][  0]LogConfig: Setting CVar [[r.HairStrands.SkyLighting.JitterIntegration:0]]
[2021.01.17-23.01.11:001][  0]LogConfig: Setting CVar [[r.HairStrands.SkyAO.SampleCount:16]]
[2021.01.17-23.01.11:002][  0]LogInit: Selected Device Profile: [Windows]
[2021.01.17-23.01.11:002][  0]LogInit: Applying CVar settings loaded from the selected device profile: [Windows]
[2021.01.17-23.01.11:013][  0]LogHAL: Display: Platform has ~ 16 GB [17043017728 / 17179869184 / 16], which maps to Larger [LargestMinGB=32, LargerMinGB=12, DefaultMinGB=8, SmallerMinGB=6, SmallestMinGB=0)
[2021.01.17-23.01.11:013][  0]LogInit: Going up to parent DeviceProfile []
[2021.01.17-23.01.11:013][  0]LogConfig: Applying CVar settings from Section [ViewDistanceQuality@3] File [C:/Users/Alexander Coelho/Documents/Unreal Projects/BunnyGirlSavesWorld/Saved/Config/Windows/Scalability.ini]
[2021.01.17-23.01.11:013][  0]LogConfig: Setting CVar [[r.SkeletalMeshLODBias:0]]
[2021.01.17-23.01.11:013][  0]LogConfig: Setting CVar [[r.ViewDistanceScale:1.0]]
[2021.01.17-23.01.11:013][  0]LogConfig: Applying CVar settings from Section [AntiAliasingQuality@3] File [C:/Users/Alexander Coelho/Documents/Unreal Projects/BunnyGirlSavesWorld/Saved/Config/Windows/Scalability.ini]
[2021.01.17-23.01.11:013][  0]LogConfig: Setting CVar [[r.PostProcessAAQuality:4]]
[2021.01.17-23.01.11:013][  0]LogConfig: Applying CVar settings from Section [ShadowQuality@3] File [C:/Users/Alexander Coelho/Documents/Unreal Projects/BunnyGirlSavesWorld/Saved/Config/Windows/Scalability.ini]
[2021.01.17-23.01.11:013][  0]LogConfig: Setting CVar [[r.LightFunctionQuality:1]]
[2021.01.17-23.01.11:013][  0]LogConfig: Setting CVar [[r.ShadowQuality:5]]
[2021.01.17-23.01.11:013][  0]LogConfig: Setting CVar [[r.Shadow.CSM.MaxCascades:10]]
[2021.01.17-23.01.11:014][  0]LogConfig: Setting CVar [[r.Shadow.MaxResolution:2048]]
[2021.01.17-23.01.11:014][  0]LogConfig: Setting CVar [[r.Shadow.MaxCSMResolution:2048]]
[2021.01.17-23.01.11:014][  0]LogConfig: Setting CVar [[r.Shadow.RadiusThreshold:0.01]]
[2021.01.17-23.01.11:014][  0]LogConfig: Setting CVar [[r.Shadow.DistanceScale:1.0]]
[2021.01.17-23.01.11:014][  0]LogConfig: Setting CVar [[r.Shadow.CSM.TransitionScale:1.0]]
[2021.01.17-23.01.11:014][  0]LogConfig: Setting CVar [[r.Shadow.PreShadowResolutionFactor:1.0]]
[2021.01.17-23.01.11:014][  0]LogConfig: Setting CVar [[r.DistanceFieldShadowing:1]]
[2021.01.17-23.01.11:014][  0]LogConfig: Setting CVar [[r.DistanceFieldAO:1]]
[2021.01.17-23.01.11:014][  0]LogConfig: Setting CVar [[r.AOQuality:2]]
[2021.01.17-23.01.11:014][  0]LogConfig: Setting CVar [[r.VolumetricFog:1]]
[2021.01.17-23.01.11:014][  0]LogConfig: Setting CVar [[r.VolumetricFog.GridPixelSize:8]]
[2021.01.17-23.01.11:014][  0]LogConfig: Setting CVar [[r.VolumetricFog.GridSizeZ:128]]
[2021.01.17-23.01.11:014][  0]LogConfig: Setting CVar [[r.VolumetricFog.HistoryMissSupersampleCount:4]]
[2021.01.17-23.01.11:015][  0]LogConfig: Setting CVar [[r.LightMaxDrawDistanceScale:1]]
[2021.01.17-23.01.11:015][  0]LogConfig: Setting CVar [[r.CapsuleShadows:1]]
[2021.01.17-23.01.11:015][  0]LogConfig: Applying CVar settings from Section [PostProcessQuality@3] File [C:/Users/Alexander Coelho/Documents/Unreal Projects/BunnyGirlSavesWorld/Saved/Config/Windows/Scalability.ini]
[2021.01.17-23.01.11:015][  0]LogConfig: Setting CVar [[r.MotionBlurQuality:4]]
[2021.01.17-23.01.11:015][  0]LogConfig: Setting CVar [[r.AmbientOcclusionMipLevelFactor:0.4]]
[2021.01.17-23.01.11:015][  0]LogConfig: Setting CVar [[r.AmbientOcclusionMaxQuality:100]]
[2021.01.17-23.01.11:015][  0]LogConfig: Setting CVar [[r.AmbientOcclusionLevels:-1]]
[2021.01.17-23.01.11:015][  0]LogConfig: Setting CVar [[r.AmbientOcclusionRadiusScale:1.0]]
[2021.01.17-23.01.11:015][  0]LogConfig: Setting CVar [[r.DepthOfFieldQuality:2]]
[2021.01.17-23.01.11:015][  0]LogConfig: Setting CVar [[r.RenderTargetPoolMin:400]]
[2021.01.17-23.01.11:015][  0]LogConfig: Setting CVar [[r.LensFlareQuality:2]]
[2021.01.17-23.01.11:015][  0]LogConfig: Setting CVar [[r.SceneColorFringeQuality:1]]
[2021.01.17-23.01.11:015][  0]LogConfig: Setting CVar [[r.EyeAdaptationQuality:2]]
[2021.01.17-23.01.11:015][  0]LogConfig: Setting CVar [[r.BloomQuality:5]]
[2021.01.17-23.01.11:015][  0]LogConfig: Setting CVar [[r.FastBlurThreshold:100]]
[2021.01.17-23.01.11:016][  0]LogConfig: Setting CVar [[r.Upscale.Quality:3]]
[2021.01.17-23.01.11:016][  0]LogConfig: Setting CVar [[r.Tonemapper.GrainQuantization:1]]
[2021.01.17-23.01.11:016][  0]LogConfig: Setting CVar [[r.LightShaftQuality:1]]
[2021.01.17-23.01.11:016][  0]LogConfig: Setting CVar [[r.Filter.SizeScale:1]]
[2021.01.17-23.01.11:016][  0]LogConfig: Setting CVar [[r.Tonemapper.Quality:5]]
[2021.01.17-23.01.11:016][  0]LogConfig: Setting CVar [[r.DOF.Gather.AccumulatorQuality:1        ; higher gathering accumulator quality]]
[2021.01.17-23.01.11:016][  0]LogConfig: Setting CVar [[r.DOF.Gather.PostfilterMethod:1          ; Median3x3 postfilering method]]
[2021.01.17-23.01.11:016][  0]LogConfig: Setting CVar [[r.DOF.Gather.EnableBokehSettings:0       ; no bokeh simulation when gathering]]
[2021.01.17-23.01.11:016][  0]LogConfig: Setting CVar [[r.DOF.Gather.RingCount:4                 ; medium number of samples when gathering]]
[2021.01.17-23.01.11:016][  0]LogConfig: Setting CVar [[r.DOF.Scatter.ForegroundCompositing:1    ; additive foreground scattering]]
[2021.01.17-23.01.11:016][  0]LogConfig: Setting CVar [[r.DOF.Scatter.BackgroundCompositing:2    ; additive background scattering]]
[2021.01.17-23.01.11:016][  0]LogConfig: Setting CVar [[r.DOF.Scatter.EnableBokehSettings:1      ; bokeh simulation when scattering]]
[2021.01.17-23.01.11:016][  0]LogConfig: Setting CVar [[r.DOF.Scatter.MaxSpriteRatio:0.1         ; only a maximum of 10% of scattered bokeh]]
[2021.01.17-23.01.11:016][  0]LogConfig: Setting CVar [[r.DOF.Recombine.Quality:1                ; cheap slight out of focus]]
[2021.01.17-23.01.11:017][  0]LogConfig: Setting CVar [[r.DOF.Recombine.EnableBokehSettings:0    ; no bokeh simulation on slight out of focus]]
[2021.01.17-23.01.11:017][  0]LogConfig: Setting CVar [[r.DOF.TemporalAAQuality:1                ; more stable temporal accumulation]]
[2021.01.17-23.01.11:017][  0]LogConfig: Setting CVar [[r.DOF.Kernel.MaxForegroundRadius:0.025]]
[2021.01.17-23.01.11:017][  0]LogConfig: Setting CVar [[r.DOF.Kernel.MaxBackgroundRadius:0.025]]
[2021.01.17-23.01.11:017][  0]LogConfig: Applying CVar settings from Section [TextureQuality@3] File [C:/Users/Alexander Coelho/Documents/Unreal Projects/BunnyGirlSavesWorld/Saved/Config/Windows/Scalability.ini]
[2021.01.17-23.01.11:017][  0]LogConfig: Setting CVar [[r.Streaming.MipBias:0]]
[2021.01.17-23.01.11:017][  0]LogConfig: Setting CVar [[r.Streaming.AmortizeCPUToGPUCopy:0]]
[2021.01.17-23.01.11:017][  0]LogConfig: Setting CVar [[r.Streaming.MaxNumTexturesToStreamPerFrame:0]]
[2021.01.17-23.01.11:017][  0]LogConfig: Setting CVar [[r.Streaming.Boost:1]]
[2021.01.17-23.01.11:017][  0]LogConfig: Setting CVar [[r.MaxAnisotropy:8]]
[2021.01.17-23.01.11:017][  0]LogConfig: Setting CVar [[r.VT.MaxAnisotropy:8]]
[2021.01.17-23.01.11:017][  0]LogConfig: Setting CVar [[r.Streaming.LimitPoolSizeToVRAM:0]]
[2021.01.17-23.01.11:017][  0]LogConfig: Setting CVar [[r.Streaming.PoolSize:1000]]
[2021.01.17-23.01.11:018][  0]LogConfig: Setting CVar [[r.Streaming.MaxEffectiveScreenSize:0]]
[2021.01.17-23.01.11:018][  0]LogConfig: Applying CVar settings from Section [EffectsQuality@3] File [C:/Users/Alexander Coelho/Documents/Unreal Projects/BunnyGirlSavesWorld/Saved/Config/Windows/Scalability.ini]
[2021.01.17-23.01.11:018][  0]LogConfig: Setting CVar [[r.TranslucencyLightingVolumeDim:64]]
[2021.01.17-23.01.11:018][  0]LogConfig: Setting CVar [[r.RefractionQuality:2]]
[2021.01.17-23.01.11:018][  0]LogConfig: Setting CVar [[r.SSR.Quality:3]]
[2021.01.17-23.01.11:018][  0]LogConfig: Setting CVar [[r.SSR.HalfResSceneColor:0]]
[2021.01.17-23.01.11:018][  0]LogConfig: Setting CVar [[r.SceneColorFormat:4]]
[2021.01.17-23.01.11:018][  0]LogConfig: Setting CVar [[r.DetailMode:2]]
[2021.01.17-23.01.11:018][  0]LogConfig: Setting CVar [[r.TranslucencyVolumeBlur:1]]
[2021.01.17-23.01.11:018][  0]LogConfig: Setting CVar [[r.MaterialQualityLevel:1 ; High quality]]
[2021.01.17-23.01.11:018][  0]LogConfig: Setting CVar [[r.SSS.Scale:1]]
[2021.01.17-23.01.11:018][  0]LogConfig: Setting CVar [[r.SSS.SampleSet:2]]
[2021.01.17-23.01.11:018][  0]LogConfig: Setting CVar [[r.SSS.Quality:1]]
[2021.01.17-23.01.11:019][  0]LogConfig: Setting CVar [[r.SSS.HalfRes:1]]
[2021.01.17-23.01.11:019][  0]LogConfig: Setting CVar [[r.SSGI.Quality:3]]
[2021.01.17-23.01.11:019][  0]LogConfig: Setting CVar [[r.EmitterSpawnRateScale:1.0]]
[2021.01.17-23.01.11:019][  0]LogConfig: Setting CVar [[r.ParticleLightQuality:2]]
[2021.01.17-23.01.11:019][  0]LogConfig: Setting CVar [[r.SkyAtmosphere.AerialPerspectiveLUT.FastApplyOnOpaque:1 ; Always have FastSkyLUT 1 in this case to avoid wrong sky]]
[2021.01.17-23.01.11:019][  0]LogConfig: Setting CVar [[r.SkyAtmosphere.AerialPerspectiveLUT.SampleCountPerSlice:1]]
[2021.01.17-23.01.11:019][  0]LogConfig: Setting CVar [[r.SkyAtmosphere.AerialPerspectiveLUT.DepthResolution:16.0]]
[2021.01.17-23.01.11:019][  0]LogConfig: Setting CVar [[r.SkyAtmosphere.FastSkyLUT:1]]
[2021.01.17-23.01.11:019][  0]LogConfig: Setting CVar [[r.SkyAtmosphere.FastSkyLUT.SampleCountMin:4.0]]
[2021.01.17-23.01.11:019][  0]LogConfig: Setting CVar [[r.SkyAtmosphere.FastSkyLUT.SampleCountMax:32.0]]
[2021.01.17-23.01.11:019][  0]LogConfig: Setting CVar [[r.SkyAtmosphere.SampleCountMin:4.0]]
[2021.01.17-23.01.11:019][  0]LogConfig: Setting CVar [[r.SkyAtmosphere.SampleCountMax:32.0]]
[2021.01.17-23.01.11:020][  0]LogConfig: Setting CVar [[r.SkyAtmosphere.TransmittanceLUT.UseSmallFormat:0]]
[2021.01.17-23.01.11:020][  0]LogConfig: Setting CVar [[r.SkyAtmosphere.TransmittanceLUT.SampleCount:10.0]]
[2021.01.17-23.01.11:020][  0]LogConfig: Setting CVar [[r.SkyAtmosphere.MultiScatteringLUT.SampleCount:15.0]]
[2021.01.17-23.01.11:020][  0]LogConfig: Applying CVar settings from Section [FoliageQuality@3] File [C:/Users/Alexander Coelho/Documents/Unreal Projects/BunnyGirlSavesWorld/Saved/Config/Windows/Scalability.ini]
[2021.01.17-23.01.11:020][  0]LogConfig: Setting CVar [[foliage.DensityScale:1.0]]
[2021.01.17-23.01.11:020][  0]LogConfig: Setting CVar [[grass.DensityScale:1.0]]
[2021.01.17-23.01.11:020][  0]LogConfig: Applying CVar settings from Section [ShadingQuality@3] File [C:/Users/Alexander Coelho/Documents/Unreal Projects/BunnyGirlSavesWorld/Saved/Config/Windows/Scalability.ini]
[2021.01.17-23.01.11:020][  0]LogConfig: Setting CVar [[r.HairStrands.SkyLighting.SampleCount:16]]
[2021.01.17-23.01.11:020][  0]LogConfig: Setting CVar [[r.HairStrands.SkyLighting.JitterIntegration:0]]
[2021.01.17-23.01.11:020][  0]LogConfig: Setting CVar [[r.HairStrands.SkyAO.SampleCount:16]]
[2021.01.17-23.01.11:020][  0]LogConfig: Applying CVar settings from Section [Startup] File [../../../Engine/Config/ConsoleVariables.ini]
[2021.01.17-23.01.11:021][  0]LogConfig: Setting CVar [[net.UseAdaptiveNetUpdateFrequency:0]]
[2021.01.17-23.01.11:022][  0]LogConfig: Setting CVar [[p.chaos.AllowCreatePhysxBodies:1]]
[2021.01.17-23.01.11:022][  0]LogConfig: Applying CVar settings from Section [ConsoleVariables] File [C:/Users/Alexander Coelho/Documents/Unreal Projects/BunnyGirlSavesWorld/Saved/Config/Windows/Engine.ini]
[2021.01.17-23.01.11:022][  0]LogInit: Computer: DESKTOP-EFCN17S
[2021.01.17-23.01.11:023][  0]LogInit: User: AlexanderCoelho
[2021.01.17-23.01.11:023][  0]LogInit: CPU Page size=4096, Cores=4
[2021.01.17-23.01.11:023][  0]LogInit: High frequency timer resolution =10.000000 MHz
[2021.01.17-23.01.11:023][  0]LogMemory: Memory total: Physical=15.9GB (16GB approx)
[2021.01.17-23.01.11:024][  0]LogMemory: Platform Memory Stats for Windows
[2021.01.17-23.01.11:024][  0]LogMemory: Process Physical Memory: 109.42 MB used, 109.42 MB peak
[2021.01.17-23.01.11:024][  0]LogMemory: Process Virtual Memory: 100.80 MB used, 100.80 MB peak
[2021.01.17-23.01.11:024][  0]LogMemory: Physical Memory: 6917.92 MB used,  9335.57 MB free, 16253.49 MB total
[2021.01.17-23.01.11:024][  0]LogMemory: Virtual Memory: 5105.56 MB used,  134212624.00 MB free, 134217728.00 MB total
[2021.01.17-23.01.11:039][  0]LogWindows: WindowsPlatformFeatures enabled
[2021.01.17-23.01.11:123][  0]LogInit: Using OS detected language (en-US).
[2021.01.17-23.01.11:123][  0]LogInit: Using OS detected locale (en-US).
[2021.01.17-23.01.11:125][  0]LogTextLocalizationManager: No specific localization for 'en-US' exists, so the 'en' localization will be used.
[2021.01.17-23.01.11:718][  0]LogInit: Setting process to per monitor DPI aware
[2021.01.17-23.01.11:821][  0]LogSlate: New Slate User Created.  User Index 0, Is Virtual User: 0
[2021.01.17-23.01.11:821][  0]LogSlate: Slate User Registered.  User Index 0, Is Virtual User: 0
[2021.01.17-23.01.12:769][  0]LogHMD: Failed to initialize OpenVR with code 110
[2021.01.17-23.01.12:769][  0]LogD3D11RHI: D3D11 min allowed feature level: 11_0
[2021.01.17-23.01.12:769][  0]LogD3D11RHI: D3D11 max allowed feature level: 11_0
[2021.01.17-23.01.12:769][  0]LogD3D11RHI: D3D11 adapters:
[2021.01.17-23.01.13:122][  0]LogD3D11RHI:    0. 'NVIDIA GeForce GTX 980M' (Feature Level 11_0)
[2021.01.17-23.01.13:122][  0]LogD3D11RHI:       4053/0/8126 MB DedicatedVideo/DedicatedSystem/SharedSystem, Outputs:1, VendorId:0x10de
[2021.01.17-23.01.13:236][  0]LogD3D11RHI:    1. 'Intel(R) HD Graphics 530' (Feature Level 11_0)
[2021.01.17-23.01.13:236][  0]LogD3D11RHI:       128/0/8126 MB DedicatedVideo/DedicatedSystem/SharedSystem, Outputs:0, VendorId:0x8086
[2021.01.17-23.01.13:247][  0]LogD3D11RHI:    2. 'Microsoft Basic Render Driver' (Feature Level 11_0)
[2021.01.17-23.01.13:247][  0]LogD3D11RHI:       0/0/8126 MB DedicatedVideo/DedicatedSystem/SharedSystem, Outputs:0, VendorId:0x1414
[2021.01.17-23.01.13:248][  0]LogD3D11RHI: Chosen D3D11 Adapter: 0
[2021.01.17-23.01.13:547][  0]LogD3D11RHI: Creating new Direct3DDevice
[2021.01.17-23.01.13:547][  0]LogD3D11RHI:     GPU DeviceId: 0x13d7 (for the marketing name, search the web for "GPU Device Id")
[2021.01.17-23.01.13:547][  0]LogWindows: EnumDisplayDevices:
[2021.01.17-23.01.13:548][  0]LogWindows:    0. 'Intel(R) HD Graphics 530' (P:1 D:1)
[2021.01.17-23.01.13:550][  0]LogWindows:    1. 'Intel(R) HD Graphics 530' (P:0 D:0)
[2021.01.17-23.01.13:551][  0]LogWindows:    2. 'Intel(R) HD Graphics 530' (P:0 D:0)
[2021.01.17-23.01.13:554][  0]LogWindows:    3. 'NVIDIA GeForce GTX 980M' (P:0 D:0)
[2021.01.17-23.01.13:555][  0]LogWindows: DebugString: PrimaryIsNotTheChoosenAdapter PrimaryIsNotTheChoosenAdapter PrimaryIsNotTheChoosenAdapter 
[2021.01.17-23.01.13:555][  0]LogD3D11RHI:     Adapter Name: NVIDIA GeForce GTX 980M
[2021.01.17-23.01.13:555][  0]LogD3D11RHI:   Driver Version: 431.53 (internal:26.21.14.3153, unified:431.53)
[2021.01.17-23.01.13:555][  0]LogD3D11RHI:      Driver Date: 7-12-2019
[2021.01.17-23.01.13:556][  0]LogRHI: Texture pool is 2837 MB (70% of 4053 MB)
[2021.01.17-23.01.13:808][  0]LogD3D11RHI: RHI has support for 64 bit atomics
[2021.01.17-23.01.13:809][  0]LogD3D11RHI: Async texture creation enabled
[2021.01.17-23.01.13:926][  0]LogD3D11RHI: GPU Timing Frequency: 1000.000000 (Debug: 2 1)
[2021.01.17-23.01.15:528][  0]LogTargetPlatformManager: Display: Loaded TargetPlatform 'AllDesktop'
[2021.01.17-23.01.15:662][  0]LogTargetPlatformManager: Display: Loaded TargetPlatform 'Android'
[2021.01.17-23.01.15:662][  0]LogTargetPlatformManager: Display: Loaded TargetPlatform 'Android_ASTC'
[2021.01.17-23.01.15:663][  0]LogTargetPlatformManager: Display: Loaded TargetPlatform 'Android_ATC'
[2021.01.17-23.01.15:663][  0]LogTargetPlatformManager: Display: Loaded TargetPlatform 'Android_DXT'
[2021.01.17-23.01.15:663][  0]LogTargetPlatformManager: Display: Loaded TargetPlatform 'Android_ETC1'
[2021.01.17-23.01.15:663][  0]LogTargetPlatformManager: Display: Loaded TargetPlatform 'Android_ETC1a'
[2021.01.17-23.01.15:663][  0]LogTargetPlatformManager: Display: Loaded TargetPlatform 'Android_ETC2'
[2021.01.17-23.01.15:663][  0]LogTargetPlatformManager: Display: Loaded TargetPlatform 'Android_PVRTC'
[2021.01.17-23.01.15:663][  0]LogTargetPlatformManager: Display: Loaded TargetPlatform 'AndroidClient'
[2021.01.17-23.01.15:663][  0]LogTargetPlatformManager: Display: Loaded TargetPlatform 'Android_ASTCClient'
[2021.01.17-23.01.15:663][  0]LogTargetPlatformManager: Display: Loaded TargetPlatform 'Android_ATCClient'
[2021.01.17-23.01.15:663][  0]LogTargetPlatformManager: Display: Loaded TargetPlatform 'Android_DXTClient'
[2021.01.17-23.01.15:663][  0]LogTargetPlatformManager: Display: Loaded TargetPlatform 'Android_ETC1Client'
[2021.01.17-23.01.15:664][  0]LogTargetPlatformManager: Display: Loaded TargetPlatform 'Android_ETC1aClient'
[2021.01.17-23.01.15:664][  0]LogTargetPlatformManager: Display: Loaded TargetPlatform 'Android_ETC2Client'
[2021.01.17-23.01.15:664][  0]LogTargetPlatformManager: Display: Loaded TargetPlatform 'Android_PVRTCClient'
[2021.01.17-23.01.15:664][  0]LogTargetPlatformManager: Display: Loaded TargetPlatform 'Android_Multi'
[2021.01.17-23.01.15:664][  0]LogTargetPlatformManager: Display: Loaded TargetPlatform 'Android_MultiClient'
[2021.01.17-23.01.15:764][  0]LogTargetPlatformManager: Display: Loaded TargetPlatform 'IOSClient'
[2021.01.17-23.01.15:764][  0]LogTargetPlatformManager: Display: Loaded TargetPlatform 'IOS'
[2021.01.17-23.01.15:816][  0]LogTargetPlatformManager: Display: Loaded TargetPlatform 'LinuxNoEditor'
[2021.01.17-23.01.15:861][  0]LogTargetPlatformManager: Display: Loaded TargetPlatform 'LinuxClient'
[2021.01.17-23.01.15:895][  0]LogTargetPlatformManager: Display: Loaded TargetPlatform 'LinuxServer'
[2021.01.17-23.01.15:925][  0]LogTargetPlatformManager: Display: Loaded TargetPlatform 'LinuxAArch64NoEditor'
[2021.01.17-23.01.15:965][  0]LogTargetPlatformManager: Display: Loaded TargetPlatform 'LinuxAArch64Client'
[2021.01.17-23.01.16:000][  0]LogTargetPlatformManager: Display: Loaded TargetPlatform 'LinuxAArch64Server'
[2021.01.17-23.01.16:117][  0]LogTargetPlatformManager: Display: Loaded TargetPlatform 'Lumin'
[2021.01.17-23.01.16:117][  0]LogTargetPlatformManager: Display: Loaded TargetPlatform 'LuminClient'
[2021.01.17-23.01.16:169][  0]LogTargetPlatformManager: Display: Loaded TargetPlatform 'TVOSClient'
[2021.01.17-23.01.16:169][  0]LogTargetPlatformManager: Display: Loaded TargetPlatform 'TVOS'
[2021.01.17-23.01.16:199][  0]LogTargetPlatformManager: Display: Loaded TargetPlatform 'WindowsNoEditor'
[2021.01.17-23.01.16:236][  0]LogTargetPlatformManager: Display: Loaded TargetPlatform 'Windows'
[2021.01.17-23.01.16:271][  0]LogTargetPlatformManager: Display: Loaded TargetPlatform 'WindowsClient'
[2021.01.17-23.01.16:308][  0]LogTargetPlatformManager: Display: Loaded TargetPlatform 'WindowsServer'
[2021.01.17-23.01.16:308][  0]LogTargetPlatformManager: Display: Building Assets For Windows
[2021.01.17-23.01.16:322][  0]LogAudioDebug: Display: Lib vorbis DLL was dynamically loaded.
[2021.01.17-23.01.16:445][  0]LogShaderCompilers: Guid format shader working directory is -15 characters bigger than the processId version (C:/Users/Alexander Coelho/Documents/Unreal Projects/BunnyGirlSavesWorld/Intermediate/Shaders/WorkingDirectory/22784/).
[2021.01.17-23.01.16:446][  0]LogShaderCompilers: Cleaned the shader compiler working directory 'C:/Users/Alexander Coelho/AppData/Local/Temp/UnrealShaderWorkingDir/E183D942457FFEECD02805A1E31A7F04/'.
[2021.01.17-23.01.16:447][  0]LogXGEController: Cleaning working directory: C:/Users/Alexander Coelho/AppData/Local/Temp/UnrealXGEWorkingDir/
[2021.01.17-23.01.16:449][  0]LogXGEController: Cannot use XGE Controller as Incredibuild is not installed on this machine.
[2021.01.17-23.01.16:449][  0]LogShaderCompilers: Cannot use XGE Shader Compiler as Incredibuild is not installed on this machine.
[2021.01.17-23.01.16:449][  0]LogShaderCompilers: Display: Using Local Shader Compiler.
[2021.01.17-23.01.19:613][  0]LogDerivedDataCache: Display: Max Cache Size: 512 MB
[2021.01.17-23.01.19:770][  0]LogDerivedDataCache: Loaded boot cache 0.16s 78MB C:/Users/Alexander Coelho/AppData/Local/UnrealEngine/4.24/DerivedDataCache/Boot.ddc.
[2021.01.17-23.01.19:770][  0]LogDerivedDataCache: Display: Loaded Boot cache: C:/Users/Alexander Coelho/AppData/Local/UnrealEngine/4.24/DerivedDataCache/Boot.ddc
[2021.01.17-23.01.19:771][  0]LogDerivedDataCache: FDerivedDataBackendGraph:  Pak pak cache file C:/Users/Alexander Coelho/Documents/Unreal Projects/BunnyGirlSavesWorld/DerivedDataCache/DDC.ddp not found, will not use a pak cache.
[2021.01.17-23.01.19:771][  0]LogDerivedDataCache: Unable to find inner node Pak for hierarchical cache Hierarchy.
[2021.01.17-23.01.19:771][  0]LogDerivedDataCache: FDerivedDataBackendGraph:  CompressedPak pak cache file C:/Users/Alexander Coelho/Documents/Unreal Projects/BunnyGirlSavesWorld/DerivedDataCache/Compressed.ddp not found, will not use a pak cache.
[2021.01.17-23.01.19:771][  0]LogDerivedDataCache: Unable to find inner node CompressedPak for hierarchical cache Hierarchy.
[2021.01.17-23.01.19:811][  0]LogDerivedDataCache: Display: Pak cache opened for reading ../../../Engine/DerivedDataCache/Compressed.ddp.
[2021.01.17-23.01.19:811][  0]LogDerivedDataCache: FDerivedDataBackendGraph:  EnterprisePak pak cache file ../../../Enterprise/DerivedDataCache/Compressed.ddp not found, will not use a pak cache.
[2021.01.17-23.01.19:811][  0]LogDerivedDataCache: Unable to find inner node EnterprisePak for hierarchical cache Hierarchy.
[2021.01.17-23.01.19:814][  0]LogDerivedDataCache: Using Local data cache path C:/Users/Alexander Coelho/AppData/Local/UnrealEngine/Common/DerivedDataCache: Writable
[2021.01.17-23.01.19:815][  0]LogDerivedDataCache: Shared data cache path not found in *engine.ini, will not use an Shared cache.
[2021.01.17-23.01.19:815][  0]LogDerivedDataCache: Unable to find inner node Shared for hierarchical cache Hierarchy.
[2021.01.17-23.01.19:913][  0]LogMaterial: Verifying Global Shaders for PCD3D_SM5
[2021.01.17-23.01.19:923][  0]LogSlate: Using FreeType 2.10.0
[2021.01.17-23.01.19:925][  0]LogSlate: SlateFontServices - WITH_FREETYPE: 1, WITH_HARFBUZZ: 1
[2021.01.17-23.01.20:158][  0]LogAssetRegistry: FAssetRegistry took 0.0082 seconds to start up
[2021.01.17-23.01.21:563][  0]LogInit: Selected Device Profile: [Windows]
[2021.01.17-23.01.22:337][  0]LogMeshReduction: Using QuadricMeshReduction for automatic static mesh reduction
[2021.01.17-23.01.22:337][  0]LogMeshReduction: Using SimplygonMeshReduction for automatic skeletal mesh reduction
[2021.01.17-23.01.22:337][  0]LogMeshReduction: Using ProxyLODMeshReduction for automatic mesh merging
[2021.01.17-23.01.22:337][  0]LogMeshReduction: No distributed automatic mesh merging module available
[2021.01.17-23.01.22:337][  0]LogMeshMerging: No distributed automatic mesh merging module available
[2021.01.17-23.01.22:392][  0]LogNetVersion: BunnyGirlSavesWorld 1.0.0, NetCL: 10570792, EngineNetVer: 13, GameNetVer: 0 (Checksum: 73706494)
[2021.01.17-23.01.27:620][  0]LogPackageLocalizationCache: Processed 10 localized package path(s) for 1 prioritized culture(s) in 0.114575 seconds
[2021.01.17-23.01.27:648][  0]LogUObjectArray: 46750 objects as part of root set at end of initial load.
[2021.01.17-23.01.27:648][  0]LogUObjectAllocator: 8137160 out of 0 bytes used by permanent object pool.
[2021.01.17-23.01.27:648][  0]LogUObjectArray: CloseDisregardForGC: 0/0 objects in disregard for GC pool
[2021.01.17-23.01.29:341][  0]LogTcpMessaging: Initializing TcpMessaging bridge
[2021.01.17-23.01.29:350][  0]LogUdpMessaging: Initializing bridge on interface 0.0.0.0:0 to multicast group 230.0.0.1:6666.
[2021.01.17-23.01.29:536][  0]SourceControl: Source control is disabled
[2021.01.17-23.01.29:537][  0]SourceControl: Source control is disabled
[2021.01.17-23.01.29:542][  0]SourceControl: Source control is disabled
[2021.01.17-23.01.29:547][  0]SourceControl: Source control is disabled
[2021.01.17-23.01.29:551][  0]SourceControl: Source control is disabled
[2021.01.17-23.01.29:586][  0]LogVSAccessor: Display: Unable to create Visual Studio setup instance: 80040154
[2021.01.17-23.01.29:590][  0]LogVSAccessor: Display: Unable to create Visual Studio setup instance: 80040154
[2021.01.17-23.01.29:862][  0]LogAndroidPermission: UAndroidPermissionCallbackProxy::GetInstance
[2021.01.17-23.01.29:896][  0]LogAudioCaptureCore: Display: No Audio Capture implementations found. Audio input will be silent.
[2021.01.17-23.01.29:896][  0]LogAudioCaptureCore: Display: No Audio Capture implementations found. Audio input will be silent.
[2021.01.17-23.01.30:270][  0]LogOcInput: OculusInput pre-init called
[2021.01.17-23.01.30:299][  0]LogWindows: Failed to load 'OVRPlugin.dll' (GetLastError=126)
[2021.01.17-23.01.30:299][  0]LogWindows: File 'OVRPlugin.dll' does not exist
[2021.01.17-23.01.30:576][  0]LogEngine: Initializing Engine...
[2021.01.17-23.01.30:581][  0]LogHMD: Failed to initialize OpenVR with code 110
[2021.01.17-23.01.30:588][  0]LogStats: UGameplayTagsManager::InitializeManager -  0.001 s
[2021.01.17-23.01.32:097][  0]LogInit: Initializing FReadOnlyCVARCache
[2021.01.17-23.01.32:124][  0]LogAIModule: Creating AISystem for world Untitled
[2021.01.17-23.01.32:221][  0]LogAudioMixer: Display: Audio Mixer Platform Settings:
[2021.01.17-23.01.32:221][  0]LogAudioMixer: Display: 	Sample Rate:						  48000
[2021.01.17-23.01.32:221][  0]LogAudioMixer: Display: 	Callback Buffer Frame Size Requested: 1024
[2021.01.17-23.01.32:221][  0]LogAudioMixer: Display: 	Callback Buffer Frame Size To Use:	  1024
[2021.01.17-23.01.32:222][  0]LogAudioMixer: Display: 	Number of buffers to queue:			  2
[2021.01.17-23.01.32:222][  0]LogAudioMixer: Display: 	Max Channels (voices):				  32
[2021.01.17-23.01.32:222][  0]LogAudioMixer: Display: 	Number of Async Source Workers:		  0
[2021.01.17-23.01.32:222][  0]LogAudio: Display: AudioDevice MaxSources: 32
[2021.01.17-23.01.32:223][  0]LogAudio: Display: Using built-in audio occlusion.
[2021.01.17-23.01.32:223][  0]LogAudioMixer: Display: Initializing audio mixer.
[2021.01.17-23.01.32:313][  0]LogAudioMixer: Display: Audio Device Output Speaker Info:
[2021.01.17-23.01.32:314][  0]LogAudioMixer: Display: Name: Speakers (Sound Blaster Recon3Di)
[2021.01.17-23.01.32:314][  0]LogAudioMixer: Display: Is Default: Yes
[2021.01.17-23.01.32:314][  0]LogAudioMixer: Display: Sample Rate: 48000
[2021.01.17-23.01.32:314][  0]LogAudioMixer: Display: Channel Count Used: 2
[2021.01.17-23.01.32:314][  0]LogAudioMixer: Display: Device Channel Count: 2
[2021.01.17-23.01.32:314][  0]LogAudioMixer: Display: Channel Order:
[2021.01.17-23.01.32:314][  0]LogAudioMixer: Display: 0: FrontLeft
[2021.01.17-23.01.32:314][  0]LogAudioMixer: Display: 1: FrontRight
[2021.01.17-23.01.32:407][  0]LogAudioMixer: Display: Using Audio Device Speakers (Sound Blaster Recon3Di)
[2021.01.17-23.01.32:422][  0]LogInit: FAudioDevice initialized.
[2021.01.17-23.01.32:423][  0]LogNetVersion: Set ProjectVersion to 1.0.0.0. Version Checksum will be recalculated on next use.
[2021.01.17-23.01.32:557][  0]LogDerivedDataCache: Saved boot cache 0.13s 78MB C:/Users/Alexander Coelho/AppData/Local/UnrealEngine/4.24/DerivedDataCache/Boot.ddc.
[2021.01.17-23.01.32:558][  0]LogInit: Texture streaming: Enabled
[2021.01.17-23.01.32:609][  0]LogEngineSessionManager: EngineSessionManager initialized
[2021.01.17-23.01.32:610][  0]LogEngineSessionManager: EngineSessionManager sent abnormal shutdown report. Type=Crashed, SessionId={8CA00B79-4BC4-928D-640F-01B04807FD8E}
[2021.01.17-23.01.32:610][  0]LogEditorSessionSummary: Verbose: Initializing EditorSessionSummaryWriter for editor session tracking
[2021.01.17-23.01.32:650][  0]LogEditorSessionSummary: EditorSessionSummaryWriter initialized
[2021.01.17-23.01.32:780][  0]LogInit: Transaction tracking system initialized
[2021.01.17-23.01.32:815][  0]BlueprintLog: New page: Editor Load
[2021.01.17-23.01.32:918][  0]LocalizationService: Localization service is disabled
[2021.01.17-23.01.33:186][  0]LogVSAccessor: Display: Unable to create Visual Studio setup instance: 80040154
[2021.01.17-23.01.33:189][  0]LogVSAccessor: Display: Unable to create Visual Studio setup instance: 80040154
[2021.01.17-23.01.34:359][  0]LogFileCache: Scanning file cache for directory 'C:/Users/Alexander Coelho/Documents/Unreal Projects/BunnyGirlSavesWorld/Content/' took 0.01s
[2021.01.17-23.01.34:360][  0]LogCook: Display: Max memory allowance for cook 16384mb min free memory 0mb
[2021.01.17-23.01.34:360][  0]LogCook: Display: Mobile HDR setting 1
[2021.01.17-23.01.37:626][  0]SourceControl: Source control is disabled
[2021.01.17-23.01.37:626][  0]Cmd: MAP LOAD FILE="C:/Users/Alexander Coelho/Documents/Unreal Projects/BunnyGirlSavesWorld/Content/2DSideScrollerBP/Maps/2DSideScrollerExampleMap.umap" TEMPLATE=0 SHOWPROGRESS=1 FEATURELEVEL=3
[2021.01.17-23.01.37:628][  0]LightingResults: New page: Lighting Build
[2021.01.17-23.01.37:630][  0]LogWorld: UWorld::CleanupWorld for Untitled, bSessionEnded=true, bCleanupResources=true
[2021.01.17-23.01.37:631][  0]LogSlate: InvalidateAllWidgets triggered.  All widgets were invalidated
[2021.01.17-23.01.37:631][  0]MapCheck: New page: Map Check
[2021.01.17-23.01.37:631][  0]LightingResults: New page: Lighting Build
[2021.01.17-23.01.37:730][  0]LogUObjectHash: Compacting FUObjectHashTables data took   7.09ms
[2021.01.17-23.01.38:219][  0]LogAIModule: Creating AISystem for world 2DSideScrollerExampleMap
[2021.01.17-23.01.38:239][  0]LogEditorServer: Finished looking for orphan Actors (0.000 secs)
[2021.01.17-23.01.38:397][  0]LogUObjectHash: Compacting FUObjectHashTables data took  10.84ms
[2021.01.17-23.01.38:398][  0]Cmd: MAP CHECKDEP NOCLEARLOG
[2021.01.17-23.01.38:399][  0]MapCheck: Map check complete: 0 Error(s), 0 Warning(s), took 0.724ms to complete.
[2021.01.17-23.01.38:399][  0]LogFileHelpers: Loading map '2DSideScrollerExampleMap' took 0.774
[2021.01.17-23.01.38:784][  0]LogSlate: Updating window title bar state: overlay mode, drag disabled, window buttons hidden, title bar hidden
[2021.01.17-23.01.38:814][  0]LogSlate: Updating window title bar state: overlay mode, drag disabled, window buttons hidden, title bar hidden
[2021.01.17-23.01.38:845][  0]LogSlate: Updating window title bar state: overlay mode, drag disabled, window buttons hidden, title bar hidden
[2021.01.17-23.01.38:874][  0]LogSlate: Updating window title bar state: overlay mode, drag disabled, window buttons hidden, title bar hidden
[2021.01.17-23.01.38:913][  0]LogCollectionManager: Loaded 0 collections in 0.004416 seconds
[2021.01.17-23.01.38:965][  0]LogFileCache: Scanning file cache for directory 'C:/Users/Alexander Coelho/Documents/Unreal Projects/BunnyGirlSavesWorld/Saved/Collections/' took 0.00s
[2021.01.17-23.01.38:965][  0]LogFileCache: Scanning file cache for directory 'C:/Users/Alexander Coelho/Documents/Unreal Projects/BunnyGirlSavesWorld/Content/Developers/AlexanderCoelho/Collections/' took 0.00s
[2021.01.17-23.01.38:965][  0]LogFileCache: Scanning file cache for directory 'C:/Users/Alexander Coelho/Documents/Unreal Projects/BunnyGirlSavesWorld/Content/Collections/' took 0.00s
[2021.01.17-23.01.38:965][  0]LogContentBrowser: Native class hierarchy populated in 0.0332 seconds. Added 3015 classes and 717 folders.
[2021.01.17-23.01.38:974][  0]LogContentBrowser: Native class hierarchy updated for 'WidgetCarousel' in 0.0012 seconds. Added 0 classes and 0 folders.
[2021.01.17-23.01.39:252][  0]LogContentBrowser: Native class hierarchy updated for 'AddContentDialog' in 0.0008 seconds. Added 0 classes and 0 folders.
[2021.01.17-23.01.39:266][  0]LogContentBrowser: Native class hierarchy updated for 'SceneOutliner' in 0.0010 seconds. Added 2 classes and 3 folders.
[2021.01.17-23.01.39:547][  0]LogSlate: Took 0.000588 seconds to synchronously load lazily loaded font '../../../Engine/Content/Slate/Fonts/Roboto-Regular.ttf' (155K)
[2021.01.17-23.01.39:557][  0]LogSlate: Took 0.000580 seconds to synchronously load lazily loaded font '../../../Engine/Content/Slate/Fonts/Roboto-Bold.ttf' (160K)
[2021.01.17-23.01.39:578][  0]LogSlate: Took 0.000714 seconds to synchronously load lazily loaded font '../../../Engine/Content/Editor/Slate/Fonts/FontAwesome.ttf' (139K)
[2021.01.17-23.01.40:023][  0]LogRenderer: Reallocating scene render targets to support 1208x672 Format 10 NumSamples 1 (Frame:1).
[2021.01.17-23.01.40:357][  0]LogContentBrowser: Native class hierarchy updated for 'HierarchicalLODOutliner' in 0.0007 seconds. Added 0 classes and 0 folders.
[2021.01.17-23.01.40:357][  0]LogLoad: (Engine Initialization) Total time: 34.92 seconds
[2021.01.17-23.01.40:357][  0]LogLoad: (Engine Initialization) Total Blueprint compile time: 0.00 seconds
[2021.01.17-23.01.40:435][  0]LogContentStreaming: Texture pool size now 1000 MB
[2021.01.17-23.01.40:515][  0]LogSlate: Took 0.000512 seconds to synchronously load lazily loaded font '../../../Engine/Content/Slate/Fonts/Roboto-Light.ttf' (167K)
[2021.01.17-23.01.40:703][  2]LogAssetRegistry: Asset discovery search completed in 20.5475 seconds
[2021.01.17-23.01.40:716][  2]LogCollectionManager: Fixed up redirectors for 0 collections in 0.000035 seconds (updated 0 objects)
[2021.01.17-23.01.41:728][  6]LogSlate: Took 0.000559 seconds to synchronously load lazily loaded font '../../../Engine/Content/Slate/Fonts/Roboto-Light.ttf' (167K)
[2021.01.17-23.01.46:423][ 73]LogAssetEditorSubsystem: Opening Asset editor for Blueprint /Game/2DSideScrollerBP/Blueprints/Projectile_BP.Projectile_BP
[2021.01.17-23.01.47:093][ 73]LogContentBrowser: Native class hierarchy updated for 'BlueprintGraph' in 0.0025 seconds. Added 121 classes and 0 folders.
[2021.01.17-23.01.50:877][ 73]LogAssetEditorSubsystem: Opening Asset editor for Blueprint /Game/2DSideScrollerBP/Blueprints/2DSideScrollerCharacter.2DSideScrollerCharacter
[2021.01.17-23.01.52:425][ 73]LogSlate: Took 0.000654 seconds to synchronously load lazily loaded font '../../../Engine/Content/Slate/Fonts/Roboto-BoldCondensed.ttf' (158K)
[2021.01.17-23.01.52:846][ 74]LogSlate: Took 0.000573 seconds to synchronously load lazily loaded font '../../../Engine/Content/Slate/Fonts/Roboto-Italic.ttf' (157K)
[2021.01.17-23.04.08:775][770]LogSlate: Window 'Tutorials' being destroyed
[2021.01.17-23.09.34:773][234]LogEditorTransaction: Undo Add Node
[2021.01.17-23.11.03:181][994]BlueprintLog: New page: Compile 2DSideScrollerCharacter
[2021.01.17-23.11.03:942][994]LogUObjectHash: Compacting FUObjectHashTables data took  11.72ms
[2021.01.17-23.11.05:922][ 26]LogSavePackage: Moving 'C:/Users/Alexander Coelho/Documents/Unreal Projects/BunnyGirlSavesWorld/Saved/2DSideScrollerCharacterE7982F8E48576D952D0A6D9F4145EEAF.tmp' to 'C:/Users/Alexander Coelho/Documents/Unreal Projects/BunnyGirlSavesWorld/Content/2DSideScrollerBP/Blueprints/2DSideScrollerCharacter.uasset'
[2021.01.17-23.11.06:001][ 26]AssetCheck: New page: Asset Save: 2DSideScrollerCharacter
[2021.01.17-23.11.06:002][ 26]LogContentValidation: Display: Validating Blueprint /Game/2DSideScrollerBP/Blueprints/2DSideScrollerCharacter.2DSideScrollerCharacter
[2021.01.17-23.12.51:477][247]BlueprintLog: New page: Compile 2DSideScrollerCharacter
[2021.01.17-23.12.52:202][247]LogUObjectHash: Compacting FUObjectHashTables data took  13.78ms
[2021.01.17-23.12.53:245][262]LogSavePackage: Moving 'C:/Users/Alexander Coelho/Documents/Unreal Projects/BunnyGirlSavesWorld/Saved/2DSideScrollerCharacterAA99452E48BA3C254D5BE5B3AE27FC8D.tmp' to 'C:/Users/Alexander Coelho/Documents/Unreal Projects/BunnyGirlSavesWorld/Content/2DSideScrollerBP/Blueprints/2DSideScrollerCharacter.uasset'
[2021.01.17-23.12.53:344][262]AssetCheck: New page: Asset Save: 2DSideScrollerCharacter
[2021.01.17-23.12.53:344][262]LogContentValidation: Display: Validating Blueprint /Game/2DSideScrollerBP/Blueprints/2DSideScrollerCharacter.2DSideScrollerCharacter
[2021.01.17-23.13.01:942][425]BlueprintLog: New page: Compile 2DSideScrollerCharacter
[2021.01.17-23.13.02:708][425]LogUObjectHash: Compacting FUObjectHashTables data took  12.53ms
[2021.01.17-23.13.03:914][439]LogSavePackage: Moving 'C:/Users/Alexander Coelho/Documents/Unreal Projects/BunnyGirlSavesWorld/Saved/2DSideScrollerCharacterC10411F04B912AE30768DBBEE78B0BB4.tmp' to 'C:/Users/Alexander Coelho/Documents/Unreal Projects/BunnyGirlSavesWorld/Content/2DSideScrollerBP/Blueprints/2DSideScrollerCharacter.uasset'
[2021.01.17-23.13.03:986][439]AssetCheck: New page: Asset Save: 2DSideScrollerCharacter
[2021.01.17-23.13.03:986][439]LogContentValidation: Display: Validating Blueprint /Game/2DSideScrollerBP/Blueprints/2DSideScrollerCharacter.2DSideScrollerCharacter
[2021.01.17-23.13.09:920][571]LogTemp: Repeating last play command: Selected Viewport
[2021.01.17-23.13.09:953][571]LogBlueprintUserMessages: Early PlayInEditor Detection: Level '/Game/2DSideScrollerBP/Maps/2DSideScrollerExampleMap.2DSideScrollerExampleMap:PersistentLevel' has LevelScriptBlueprint '/Game/2DSideScrollerBP/Maps/2DSideScrollerExampleMap.2DSideScrollerExampleMap:PersistentLevel.2DSideScrollerExampleMap' with GeneratedClass '/Game/2DSideScrollerBP/Maps/2DSideScrollerExampleMap.2DSideScrollerExampleMap_C' with ClassGeneratedBy '/Game/2DSideScrollerBP/Maps/2DSideScrollerExampleMap.2DSideScrollerExampleMap:PersistentLevel.2DSideScrollerExampleMap'
[2021.01.17-23.13.09:954][571]LogPlayLevel: PlayLevel: No blueprints needed recompiling
[2021.01.17-23.13.09:955][571]PIE: New page: PIE session: 2DSideScrollerExampleMap (Jan 17, 2021, 1:13:09 PM)
[2021.01.17-23.13.09:958][571]LogOnline: OSS: Creating online subsystem instance for: NULL
[2021.01.17-23.13.09:960][571]LogOnline: OSS: TryLoadSubsystemAndSetDefault: Loaded subsystem for module [NULL]
[2021.01.17-23.13.09:961][571]LogPlayLevel: Creating play world package: /Game/2DSideScrollerBP/Maps/UEDPIE_0_2DSideScrollerExampleMap
[2021.01.17-23.13.10:016][571]LogPlayLevel: PIE: StaticDuplicateObject took: (0.053961s)
[2021.01.17-23.13.10:018][571]LogAIModule: Creating AISystem for world 2DSideScrollerExampleMap
[2021.01.17-23.13.10:019][571]LogPlayLevel: PIE: World Init took: (0.003229s)
[2021.01.17-23.13.10:019][571]LogPlayLevel: PIE: Created PIE world by copying editor world from /Game/2DSideScrollerBP/Maps/2DSideScrollerExampleMap.2DSideScrollerExampleMap to /Game/2DSideScrollerBP/Maps/UEDPIE_0_2DSideScrollerExampleMap.2DSideScrollerExampleMap (0.058351s)
[2021.01.17-23.13.10:145][571]LogUObjectHash: Compacting FUObjectHashTables data took  12.34ms
[2021.01.17-23.13.10:149][571]LogAudioMixer: Display: Audio Mixer Platform Settings:
[2021.01.17-23.13.10:149][571]LogAudioMixer: Display: 	Sample Rate:						  48000
[2021.01.17-23.13.10:149][571]LogAudioMixer: Display: 	Callback Buffer Frame Size Requested: 1024
[2021.01.17-23.13.10:149][571]LogAudioMixer: Display: 	Callback Buffer Frame Size To Use:	  1024
[2021.01.17-23.13.10:149][571]LogAudioMixer: Display: 	Number of buffers to queue:			  2
[2021.01.17-23.13.10:149][571]LogAudioMixer: Display: 	Max Channels (voices):				  32
[2021.01.17-23.13.10:149][571]LogAudioMixer: Display: 	Number of Async Source Workers:		  0
[2021.01.17-23.13.10:149][571]LogAudio: Display: AudioDevice MaxSources: 32
[2021.01.17-23.13.10:150][571]LogAudio: Display: Using built-in audio occlusion.
[2021.01.17-23.13.10:151][571]LogAudioMixer: Display: Initializing audio mixer.
[2021.01.17-23.13.10:186][571]LogAudioMixer: Display: Audio Device Output Speaker Info:
[2021.01.17-23.13.10:187][571]LogAudioMixer: Display: Name: Speakers (Sound Blaster Recon3Di)
[2021.01.17-23.13.10:187][571]LogAudioMixer: Display: Is Default: Yes
[2021.01.17-23.13.10:187][571]LogAudioMixer: Display: Sample Rate: 48000
[2021.01.17-23.13.10:187][571]LogAudioMixer: Display: Channel Count Used: 2
[2021.01.17-23.13.10:187][571]LogAudioMixer: Display: Device Channel Count: 2
[2021.01.17-23.13.10:187][571]LogAudioMixer: Display: Channel Order:
[2021.01.17-23.13.10:187][571]LogAudioMixer: Display: 0: FrontLeft
[2021.01.17-23.13.10:187][571]LogAudioMixer: Display: 1: FrontRight
[2021.01.17-23.13.10:240][571]LogAudioMixer: Display: Using Audio Device Speakers (Sound Blaster Recon3Di)
[2021.01.17-23.13.10:245][571]LogInit: FAudioDevice initialized.
[2021.01.17-23.13.10:266][571]LogLoad: Game class is '2DSideScrollerGameMode_C'
[2021.01.17-23.13.10:275][571]LogWorld: Bringing World /Game/2DSideScrollerBP/Maps/UEDPIE_0_2DSideScrollerExampleMap.2DSideScrollerExampleMap up for play (max tick rate 0) at 2021.01.17-18.13.10
[2021.01.17-23.13.10:275][571]LogWorld: Bringing up level for play took: 0.004354
[2021.01.17-23.13.10:276][571]LogOnline: OSS: Creating online subsystem instance for: :Context_4
[2021.01.17-23.13.10:299][571]LogContentBrowser: Native class hierarchy updated for 'MovieSceneCapture' in 0.0011 seconds. Added 20 classes and 0 folders.
[2021.01.17-23.13.10:301][571]PIE: Play in editor start time for /Game/2DSideScrollerBP/Maps/UEDPIE_0_2DSideScrollerExampleMap 1.196
[2021.01.17-23.13.10:302][571]LogBlueprintUserMessages: Late PlayInEditor Detection: Level '/Game/2DSideScrollerBP/Maps/2DSideScrollerExampleMap.2DSideScrollerExampleMap:PersistentLevel' has LevelScriptBlueprint '/Game/2DSideScrollerBP/Maps/2DSideScrollerExampleMap.2DSideScrollerExampleMap:PersistentLevel.2DSideScrollerExampleMap' with GeneratedClass '/Game/2DSideScrollerBP/Maps/2DSideScrollerExampleMap.2DSideScrollerExampleMap_C' with ClassGeneratedBy '/Game/2DSideScrollerBP/Maps/2DSideScrollerExampleMap.2DSideScrollerExampleMap:PersistentLevel.2DSideScrollerExampleMap'
[2021.01.17-23.13.28:031][ 72]LogCharacterMovement: 2DSideScrollerCharacter_254 is stuck and failed to move! Velocity: X=422.47 Y=0.00 Z=0.00 Location: X=1334.79 Y=0.00 Z=198.29 Normal: X=-0.00 Y=-1.00 Z=-0.00 PenetrationDepth:40.000 Actor:Projectile_BP_C_5 Component:PlayingCard BoneName:None (0 other events since notify)
[2021.01.17-23.13.30:864][157]LogCharacterMovement: 2DSideScrollerCharacter_254 is stuck and failed to move! Velocity: X=-600.00 Y=0.00 Z=0.00 Location: X=915.91 Y=0.00 Z=198.29 Normal: X=0.00 Y=-1.00 Z=0.00 PenetrationDepth:40.000 Actor:Projectile_BP_C_7 Component:PlayingCard BoneName:None (0 other events since notify)
[2021.01.17-23.13.39:529][417]LogCharacterMovement: 2DSideScrollerCharacter_254 is stuck and failed to move! Velocity: X=600.00 Y=0.00 Z=0.00 Location: X=2509.59 Y=0.00 Z=198.29 Normal: X=-0.00 Y=-1.00 Z=-0.00 PenetrationDepth:40.000 Actor:Projectile_BP_C_14 Component:PlayingCard BoneName:None (0 other events since notify)
[2021.01.17-23.13.41:301][470]LogAudioMixer: Display: No commands were queued while flushing the source manager.
[2021.01.17-23.13.41:301][470]LogAudioMixer: Display: No commands were queued while flushing the source manager.
[2021.01.17-23.13.41:301][470]LogBlueprintUserMessages: Early EndPlayMap Detection: Level '/Game/2DSideScrollerBP/Maps/2DSideScrollerExampleMap.2DSideScrollerExampleMap:PersistentLevel' has LevelScriptBlueprint '/Game/2DSideScrollerBP/Maps/2DSideScrollerExampleMap.2DSideScrollerExampleMap:PersistentLevel.2DSideScrollerExampleMap' with GeneratedClass '/Game/2DSideScrollerBP/Maps/2DSideScrollerExampleMap.2DSideScrollerExampleMap_C' with ClassGeneratedBy '/Game/2DSideScrollerBP/Maps/2DSideScrollerExampleMap.2DSideScrollerExampleMap:PersistentLevel.2DSideScrollerExampleMap'
[2021.01.17-23.13.41:302][470]LogSlate: Updating window title bar state: overlay mode, drag disabled, window buttons hidden, title bar hidden
[2021.01.17-23.13.41:302][470]LogWorld: BeginTearingDown for /Game/2DSideScrollerBP/Maps/UEDPIE_0_2DSideScrollerExampleMap
[2021.01.17-23.13.41:303][470]LogAudioMixer: Display: No commands were queued while flushing the source manager.
[2021.01.17-23.13.41:303][470]LogWorld: UWorld::CleanupWorld for 2DSideScrollerExampleMap, bSessionEnded=true, bCleanupResources=true
[2021.01.17-23.13.41:304][470]LogSlate: InvalidateAllWidgets triggered.  All widgets were invalidated
[2021.01.17-23.13.41:363][470]LogPlayLevel: Display: Shutting down PIE online subsystems
[2021.01.17-23.13.41:364][470]LogBlueprintUserMessages: Late EndPlayMap Detection: Level '/Game/2DSideScrollerBP/Maps/2DSideScrollerExampleMap.2DSideScrollerExampleMap:PersistentLevel' has LevelScriptBlueprint '/Game/2DSideScrollerBP/Maps/2DSideScrollerExampleMap.2DSideScrollerExampleMap:PersistentLevel.2DSideScrollerExampleMap' with GeneratedClass '/Game/2DSideScrollerBP/Maps/2DSideScrollerExampleMap.2DSideScrollerExampleMap_C' with ClassGeneratedBy '/Game/2DSideScrollerBP/Maps/2DSideScrollerExampleMap.2DSideScrollerExampleMap:PersistentLevel.2DSideScrollerExampleMap'
[2021.01.17-23.13.41:376][470]LogSlate: InvalidateAllWidgets triggered.  All widgets were invalidated
[2021.01.17-23.13.41:500][470]LogAudioMixer: Display: No commands were queued while flushing the source manager.
[2021.01.17-23.13.41:512][470]LogSlate: Updating window title bar state: overlay mode, drag disabled, window buttons hidden, title bar hidden
[2021.01.17-23.13.41:584][470]LogUObjectHash: Compacting FUObjectHashTables data took  14.60ms
[2021.01.17-23.13.41:640][471]LogPlayLevel: Display: Destroying online subsystem :Context_4
[2021.01.17-23.15.21:645][897]BlueprintLog: New page: Compile 2DSideScrollerCharacter
[2021.01.17-23.15.22:575][897]LogUObjectHash: Compacting FUObjectHashTables data took  13.78ms
[2021.01.17-23.15.31:058][ 86]BlueprintLog: New page: Compile 2DSideScrollerCharacter
[2021.01.17-23.15.31:953][ 86]LogUObjectHash: Compacting FUObjectHashTables data took  18.55ms
[2021.01.17-23.15.32:988][ 98]LogSavePackage: Moving 'C:/Users/Alexander Coelho/Documents/Unreal Projects/BunnyGirlSavesWorld/Saved/2DSideScrollerCharacter6588BFA047C4EC1B203FC293EAB97DCD.tmp' to 'C:/Users/Alexander Coelho/Documents/Unreal Projects/BunnyGirlSavesWorld/Content/2DSideScrollerBP/Blueprints/2DSideScrollerCharacter.uasset'
[2021.01.17-23.15.33:067][ 98]AssetCheck: New page: Asset Save: 2DSideScrollerCharacter
[2021.01.17-23.15.33:067][ 98]LogContentValidation: Display: Validating Blueprint /Game/2DSideScrollerBP/Blueprints/2DSideScrollerCharacter.2DSideScrollerCharacter
[2021.01.17-23.15.59:707][214]LogUObjectHash: Compacting FUObjectHashTables data took  15.76ms
[2021.01.17-23.16.00:744][214]LogSavePackage: Moving 'C:/Users/Alexander Coelho/Documents/Unreal Projects/BunnyGirlSavesWorld/Saved/2DSideScrollerExampleMap_Auto1EC990DF94398CC6EDA45AFA069D9B319.tmp' to 'C:/Users/Alexander Coelho/Documents/Unreal Projects/BunnyGirlSavesWorld/Saved/Autosaves/Game/2DSideScrollerBP/Maps/2DSideScrollerExampleMap_Auto1.umap'
[2021.01.17-23.16.00:750][214]LogFileHelpers: Editor autosave (incl. sublevels) for '/Game/2DSideScrollerBP/Maps/2DSideScrollerExampleMap' took 1.169
[2021.01.17-23.16.00:750][214]LogFileHelpers: Editor autosave (incl. sublevels) for all levels took 1.169
[2021.01.17-23.16.00:751][214]OBJ SavePackage: Generating thumbnails for [0] asset(s) in package [/Game/2DSideScrollerBP/Blueprints/2DSideScrollerCharacter] ([1] browsable assets)...
[2021.01.17-23.16.00:751][214]OBJ SavePackage: Finished generating thumbnails for package [/Game/2DSideScrollerBP/Blueprints/2DSideScrollerCharacter]
[2021.01.17-23.16.00:871][214]LogSavePackage: Moving 'C:/Users/Alexander Coelho/Documents/Unreal Projects/BunnyGirlSavesWorld/Saved/2DSideScrollerCharacter_Auto1E898DF9C4C6B92C9560CDAAA2D706577.tmp' to 'C:/Users/Alexander Coelho/Documents/Unreal Projects/BunnyGirlSavesWorld/Saved/Autosaves/Game/2DSideScrollerBP/Blueprints/2DSideScrollerCharacter_Auto1.uasset'
[2021.01.17-23.16.00:876][214]LogFileHelpers: Auto-saving content packages took 0.125
[2021.01.17-23.21.56:626][340]BlueprintLog: New page: Compile Projectile_BP
[2021.01.17-23.21.57:535][340]LogUObjectHash: Compacting FUObjectHashTables data took  17.36ms
[2021.01.17-23.21.59:038][361]LogSavePackage: Moving 'C:/Users/Alexander Coelho/Documents/Unreal Projects/BunnyGirlSavesWorld/Saved/Projectile_BP1583632D49F77E7C0AA1E29FAD37BCEB.tmp' to 'C:/Users/Alexander Coelho/Documents/Unreal Projects/BunnyGirlSavesWorld/Content/2DSideScrollerBP/Blueprints/Projectile_BP.uasset'
[2021.01.17-23.21.59:122][361]AssetCheck: New page: Asset Save: Projectile_BP
[2021.01.17-23.21.59:123][361]LogContentValidation: Display: Validating Blueprint /Game/2DSideScrollerBP/Blueprints/Projectile_BP.Projectile_BP
[2021.01.17-23.22.02:962][455]LogD3D11RHI: Error: Result failed 
 at D:/Build/++UE4/Sync/Engine/Source/Runtime/Windows/D3D11RHI/Private/D3D11Query.cpp:348 
 with error DXGI_ERROR_DEVICE_REMOVED DXGI_ERROR_DEVICE_HUNG
[2021.01.17-23.22.02:963][455]LogD3D11RHI: [Aftermath] GDynamicRHI=000001994C3320C0, GDX11NVAfterMathEnabled=0, Result=0xFFFFFFFF, bDeviceActive=0
[2021.01.17-23.22.02:966][455]LogWindows: Windows GetLastError: The operation completed successfully. (0)
[2021.01.17-23.22.11:551][455]LogThreadingWindows: Error: Runnable thread RenderThread 3 crashed.
[2021.01.17-23.22.11:551][455]LogOutputDevice: Warning: 

Script Stack (0 frames):

[2021.01.17-23.22.11:551][455]LogWindows: Windows GetLastError: The operation completed successfully. (0)
[2021.01.17-23.22.11:552][455]LogWindows: Error: HandleError re-entered.
[2021.01.17-23.22.11:552][455]LogWindows: FPlatformMisc::RequestExit(1)
[2021.01.17-23.22.11:552][455]LogCore: Engine exit requested (reason: Win RequestExit)
[2021.01.17-23.22.11:552][455]LogOutputDevice: Warning: 

Script Stack (0 frames):

[2021.01.17-23.22.11:556][455]LogWindows: Error: === Critical error: ===
[2021.01.17-23.22.11:556][455]LogWindows: Error: 
[2021.01.17-23.22.11:556][455]LogWindows: Error: Ensure condition failed: !IsLocked() [File:D:/Build/++UE4/Sync/Engine/Source/Developer/EditorAnalyticsSession/Private/EditorAnalyticsSession.cpp] [Line: 259] 
[2021.01.17-23.22.11:556][455]LogWindows: Error: 
[2021.01.17-23.22.11:556][455]LogWindows: Error: 
[2021.01.17-23.22.11:557][455]LogWindows: Error: 
[2021.01.17-23.22.11:557][455]LogWindows: Error: 
[2021.01.17-23.22.11:647][455]LogExit: Executing StaticShutdownAfterError
[2021.01.17-23.22.11:647][455]LogWindows: FPlatformMisc::RequestExit(1)
[2021.01.17-23.22.11:648][455]LogCore: Engine exit requested (reason: Win RequestExit; note: exit was already requested)
[2021.01.17-23.22.11:661][455]Log file closed, 01/17/21 18:22:11
